VAE(
  (fc1): Linear(in_features=16599, out_features=1024, bias=True)
  (fc2): Linear(in_features=1024, out_features=20, bias=True)
  (fc3): Linear(in_features=1024, out_features=20, bias=True)
  (fc4): Linear(in_features=20, out_features=20, bias=True)
  (fc5): Linear(in_features=20, out_features=1024, bias=True)
  (fc6): Linear(in_features=1024, out_features=16599, bias=True)
)
==============================Loss==============================
Epoch[1/30], Step [100/352], Reconst Loss: 61.9670, KL Div: 15.5980
Epoch[1/30], Step [200/352], Reconst Loss: 51.8840, KL Div: 4.9766
Epoch[1/30], Step [300/352], Reconst Loss: 49.2879, KL Div: 0.1429
Epoch[2/30], Step [100/352], Reconst Loss: 49.5072, KL Div: 0.0282
Epoch[2/30], Step [200/352], Reconst Loss: 49.9156, KL Div: 0.0233
Epoch[2/30], Step [300/352], Reconst Loss: 49.1951, KL Div: 0.0189
Epoch[3/30], Step [100/352], Reconst Loss: 48.5756, KL Div: 0.0202
Epoch[3/30], Step [200/352], Reconst Loss: 49.6209, KL Div: 0.0208
Epoch[3/30], Step [300/352], Reconst Loss: 49.2911, KL Div: 0.0231
Epoch[4/30], Step [100/352], Reconst Loss: 50.1863, KL Div: 0.0317
Epoch[4/30], Step [200/352], Reconst Loss: 49.7057, KL Div: 0.0421
Epoch[4/30], Step [300/352], Reconst Loss: 48.8358, KL Div: 0.1241
Epoch[5/30], Step [100/352], Reconst Loss: 48.7132, KL Div: 0.3312
Epoch[5/30], Step [200/352], Reconst Loss: 48.2363, KL Div: 0.4664
Epoch[5/30], Step [300/352], Reconst Loss: 47.9366, KL Div: 0.5492
Epoch[6/30], Step [100/352], Reconst Loss: 48.2807, KL Div: 0.5935
Epoch[6/30], Step [200/352], Reconst Loss: 47.3208, KL Div: 0.6819
Epoch[6/30], Step [300/352], Reconst Loss: 47.5745, KL Div: 0.5811
Epoch[7/30], Step [100/352], Reconst Loss: 48.2282, KL Div: 0.8510
Epoch[7/30], Step [200/352], Reconst Loss: 47.2932, KL Div: 0.8642
Epoch[7/30], Step [300/352], Reconst Loss: 47.4136, KL Div: 0.8576
Epoch[8/30], Step [100/352], Reconst Loss: 48.1394, KL Div: 0.8802
Epoch[8/30], Step [200/352], Reconst Loss: 48.4889, KL Div: 0.9387
Epoch[8/30], Step [300/352], Reconst Loss: 47.7670, KL Div: 0.9278
Epoch[9/30], Step [100/352], Reconst Loss: 47.3674, KL Div: 1.1213
Epoch[9/30], Step [200/352], Reconst Loss: 46.7730, KL Div: 1.1034
Epoch[9/30], Step [300/352], Reconst Loss: 46.5636, KL Div: 1.2270
Epoch[10/30], Step [100/352], Reconst Loss: 46.4832, KL Div: 1.1666
Epoch[10/30], Step [200/352], Reconst Loss: 46.9488, KL Div: 1.3058
Epoch[10/30], Step [300/352], Reconst Loss: 46.5268, KL Div: 1.2209
Epoch[11/30], Step [100/352], Reconst Loss: 46.5580, KL Div: 1.2605
Epoch[11/30], Step [200/352], Reconst Loss: 45.5922, KL Div: 1.3171
Epoch[11/30], Step [300/352], Reconst Loss: 45.6059, KL Div: 1.3827
Epoch[12/30], Step [100/352], Reconst Loss: 45.6027, KL Div: 1.4730
Epoch[12/30], Step [200/352], Reconst Loss: 45.6221, KL Div: 1.4968
Epoch[12/30], Step [300/352], Reconst Loss: 45.7595, KL Div: 1.5083
Epoch[13/30], Step [100/352], Reconst Loss: 44.9030, KL Div: 1.5198
Epoch[13/30], Step [200/352], Reconst Loss: 44.7618, KL Div: 1.6007
Epoch[13/30], Step [300/352], Reconst Loss: 45.3871, KL Div: 1.6617
Epoch[14/30], Step [100/352], Reconst Loss: 45.0002, KL Div: 1.7719
Epoch[14/30], Step [200/352], Reconst Loss: 43.9003, KL Div: 1.6556
Epoch[14/30], Step [300/352], Reconst Loss: 44.3752, KL Div: 1.7011
Epoch[15/30], Step [100/352], Reconst Loss: 44.5261, KL Div: 1.9172
Epoch[15/30], Step [200/352], Reconst Loss: 45.1094, KL Div: 1.8277
Epoch[15/30], Step [300/352], Reconst Loss: 43.8503, KL Div: 1.8455
Epoch[16/30], Step [100/352], Reconst Loss: 44.3518, KL Div: 1.8992
Epoch[16/30], Step [200/352], Reconst Loss: 44.5091, KL Div: 2.0229
Epoch[16/30], Step [300/352], Reconst Loss: 44.7533, KL Div: 1.9972
Epoch[17/30], Step [100/352], Reconst Loss: 44.6874, KL Div: 2.1249
Epoch[17/30], Step [200/352], Reconst Loss: 44.1851, KL Div: 2.1799
Epoch[17/30], Step [300/352], Reconst Loss: 42.8394, KL Div: 2.2806
Epoch[18/30], Step [100/352], Reconst Loss: 44.3731, KL Div: 2.3331
Epoch[18/30], Step [200/352], Reconst Loss: 43.3617, KL Div: 2.2973
Epoch[18/30], Step [300/352], Reconst Loss: 42.5888, KL Div: 2.3539
Epoch[19/30], Step [100/352], Reconst Loss: 42.7308, KL Div: 2.3100
Epoch[19/30], Step [200/352], Reconst Loss: 43.8713, KL Div: 2.4404
Epoch[19/30], Step [300/352], Reconst Loss: 43.8194, KL Div: 2.4761
Epoch[20/30], Step [100/352], Reconst Loss: 43.0906, KL Div: 2.5654
Epoch[20/30], Step [200/352], Reconst Loss: 42.4361, KL Div: 2.5275
Epoch[20/30], Step [300/352], Reconst Loss: 43.0884, KL Div: 2.5549
Epoch[21/30], Step [100/352], Reconst Loss: 43.1689, KL Div: 2.6287
Epoch[21/30], Step [200/352], Reconst Loss: 42.1638, KL Div: 2.5859
Epoch[21/30], Step [300/352], Reconst Loss: 41.7233, KL Div: 2.6622
Epoch[22/30], Step [100/352], Reconst Loss: 41.9866, KL Div: 2.7180
Epoch[22/30], Step [200/352], Reconst Loss: 42.3629, KL Div: 2.6736
Epoch[22/30], Step [300/352], Reconst Loss: 40.7549, KL Div: 2.6291
Epoch[23/30], Step [100/352], Reconst Loss: 41.9751, KL Div: 2.6960
Epoch[23/30], Step [200/352], Reconst Loss: 42.6816, KL Div: 2.7510
Epoch[23/30], Step [300/352], Reconst Loss: 42.4101, KL Div: 2.7440
Epoch[24/30], Step [100/352], Reconst Loss: 42.0511, KL Div: 2.8061
Epoch[24/30], Step [200/352], Reconst Loss: 42.0374, KL Div: 2.8889
Epoch[24/30], Step [300/352], Reconst Loss: 42.0093, KL Div: 2.8491
Epoch[25/30], Step [100/352], Reconst Loss: 41.3299, KL Div: 2.8956
Epoch[25/30], Step [200/352], Reconst Loss: 41.1656, KL Div: 2.9454
Epoch[25/30], Step [300/352], Reconst Loss: 41.4606, KL Div: 2.8546
Epoch[26/30], Step [100/352], Reconst Loss: 41.5644, KL Div: 2.9494
Epoch[26/30], Step [200/352], Reconst Loss: 41.5003, KL Div: 2.9820
Epoch[26/30], Step [300/352], Reconst Loss: 41.9318, KL Div: 2.8962
Epoch[27/30], Step [100/352], Reconst Loss: 41.5458, KL Div: 2.8708
Epoch[27/30], Step [200/352], Reconst Loss: 41.5270, KL Div: 2.9573
Epoch[27/30], Step [300/352], Reconst Loss: 41.2188, KL Div: 3.0791
Epoch[28/30], Step [100/352], Reconst Loss: 41.6344, KL Div: 3.0148
Epoch[28/30], Step [200/352], Reconst Loss: 40.7725, KL Div: 3.0324
Epoch[28/30], Step [300/352], Reconst Loss: 40.9932, KL Div: 3.0912
Epoch[29/30], Step [100/352], Reconst Loss: 41.0488, KL Div: 3.1212
Epoch[29/30], Step [200/352], Reconst Loss: 41.0590, KL Div: 3.1548
Epoch[29/30], Step [300/352], Reconst Loss: 40.9597, KL Div: 3.1909
Epoch[30/30], Step [100/352], Reconst Loss: 40.8946, KL Div: 3.1020
Epoch[30/30], Step [200/352], Reconst Loss: 41.5858, KL Div: 3.1395
Epoch[30/30], Step [300/352], Reconst Loss: 41.6971, KL Div: 3.1732
============================================================

Topics:
['图', '赏', '组', '时尚', '系统', '显', '曝光', '双核', '评测', '元', '屏', 'GT', '智能', '三星', '双', '芯', '白色', '华硕', '触屏', '触']+++$+++cv:0.30747742464353534+++$+++w2v:0.7981480360031128
['更新', '公告', '神', 'online', '活动', '送', '服', '劫', 'OL', '服务器', '诛', '新', '镜', '大礼', '梦幻', '跨', '礼', '九州', '手机', '醉']+++$+++cv:0.34932391422201864+++$+++w2v:0.7988921999931335
['沪', '指', '基', '评', '收', '封', '基金', '涨', '快讯', '股', '跌', '两市', '深', '逾', '期市', '震荡', '领', '场内', '股市', '低']+++$+++cv:0.582386476235126+++$+++w2v:0.7863373160362244
['图', '组', '张柏芝', '男友', '拍', '性感', '谢霆锋', '写真', '老公', '离婚', '结婚', '儿子', '否认', '秀', '女儿', '出席', '分手', '称', '怀孕', '绯闻']+++$+++cv:0.3264030536944832+++$+++w2v:0.774781346321106
['游戏', '公布', '网游', '留学', '中国', '批', '玩家', '网络', '成', '美国', '基金', '谈', '网站', '全球', '公司', '新', '图文', '互联网', '世界', '网']+++$+++cv:0.2948519737031141+++$+++w2v:0.5974972248077393
['出席', '图', '组', '代言', '称', '微博', '游戏', '中国', '广告', '谈', '公布', '拍', '美国', '回应', '留学', '网络', '网游', '明星', '曝光', '否认']+++$+++cv:0.2408451966911999+++$+++w2v:0.6072759628295898
['研究生', '硕士', '目录', '招生简章', '书目', '公告', '专业学位', '公布', '免试', '解析', '办法', '初试', '全国', '级', '开通', '接收', '在职', '运动员', '推荐', '简章']+++$+++cv:0.34841663089715574+++$+++w2v:0.8303949236869812
['基金', '游戏', '公布', '网游', '投资', '市场', '中国', '发行', '全球', '玩家', '批', '成', '留学', '新', '行业', '上市', '私募', '公司', '网络', '互联网']+++$+++cv:0.3233512662327259+++$+++w2v:0.6396793723106384
['美国', '称', '中国', '美元', '日本', '美', '拟', '图文', '公司', '经济', '计划', '网站', '成', '全球', '收购', '网络', '银行', '谷歌', '我国', '调查']+++$+++cv:0.1995115969818113+++$+++w2v:0.6275750398635864
['组', '图', '妻子', '丈夫', '儿子', '离婚', '指', '男子', '男友', '称', '女儿', '女子', '陈水扁', '母亲', '父亲', '否认', '怀孕', '杀死', '分手', '遭']+++$+++cv:0.3151987591929665+++$+++w2v:0.7419687509536743
['伤', '死', '发生', '级', '地震', '爆炸', '自杀式', '至少', '相撞', '炸弹', '汽车', '死亡', '花莲', '袭击', '受伤', '连环', '车', '里氏', '火车', '巴格达']+++$+++cv:0.4016760489201226+++$+++w2v:0.8572254180908203
['批', '志愿', '录取', '本科', '院校', '高招', '征集', '投档', '专科', '高考', '分数线', '批次', '河南', '分', '公布', '最低', '高职', '填报', '征求', '投档线']+++$+++cv:0.7797554028072216+++$+++w2v:0.8709815144538879
['折', '售', '平起', '享', '可享', '居', '全款', '别墅', '居在', '顺义', '均价', '排', '现房', '联', '独栋', '拼', '元', '优惠', '精装', '双拼']+++$+++cv:0.8083275829530402+++$+++w2v:0.8776192665100098
['男子', '妻子', '丈夫', '杀死', '称', '遭', '杀害', '女子', '警方', '家属', '强奸', '身亡', '指', '被判', '续', '勒索', '殴打', '儿子', '潜逃', '杀人']+++$+++cv:0.4105124280295918+++$+++w2v:0.8166608810424805
['图', '组', '出席', '性感', '写真', '代言', '秀', '曝光', '拍', '称', '亮相', '否认', '谈', '活动', '曝', '老公', '张柏芝', '时尚', '结婚', '微博']+++$+++cv:0.30530022764120435+++$+++w2v:0.7084744572639465
['出席', '称', '美国', '留学', '代言', '中国', '图', '回应', '谈', '组', '微博', '台湾', '日本', '否认', '广告', '成', '公布', '网络', '香港', '曝光']+++$+++cv:0.23292325126729851+++$+++w2v:0.6112892031669617
['称', '组', '陈水扁', '图', '否认', '美国', '曝', '遭', '媒体', '总统', '案', '回应', '日本', '出席', '英国', '男子', '起诉', '台湾', '涉嫌', '微博']+++$+++cv:0.1824761801721552+++$+++w2v:0.6396579742431641
['称', '指', '男子', '警方', '遭', '陈水扁', '涉嫌', '案', '美国', '起诉', '法院', '刑', '被判', '万元', '被捕', '余', '检方', '受贿', '诈骗', '村民']+++$+++cv:0.2879028712085884+++$+++w2v:0.7425058484077454
['男子', '称', '万元', '遭', '涉嫌', '女', '小时', '女子', '余', '美国', '发现', '员工', '女孩', '业主', '元', '学生', '百万', '老人', '老板', '骗']+++$+++cv:0.2809921046796802+++$+++w2v:0.6791572570800781
['公布', '网游', '游戏', '中国', '美国', '留学', '称', '出席', '谈', '网络', '微博', '成', '台湾', '图文', '代言', '日本', '网站', '广告', '批', '回应']+++$+++cv:0.2468097781044965+++$+++w2v:0.5974830389022827
c_v for $VAE_K20_cnews_BCE$: 0.3612221084138768
c_w2v for $VAE_K20_cnews_BCE$: 0.7301802635192871
c_uci for $VAE_K20_cnews_BCE$: -1.412550344410855
c_npmi for $VAE_K20_cnews_BCE$: 0.010023465850373548
t_div for $VAE_K20_cnews_BCE$: 0.605
