VAE(
  (fc1): Linear(in_features=72444, out_features=1024, bias=True)
  (fc2): Linear(in_features=1024, out_features=10, bias=True)
  (fc3): Linear(in_features=1024, out_features=10, bias=True)
  (fc4): Linear(in_features=10, out_features=10, bias=True)
  (fc5): Linear(in_features=10, out_features=1024, bias=True)
  (fc6): Linear(in_features=1024, out_features=72444, bias=True)
)
==============================Loss==============================
Epoch[1/50], Step [100/196], Reconst Loss: 768.3031, KL Div: 35.5045
Epoch[2/50], Step [100/196], Reconst Loss: 656.4371, KL Div: 12.6389
Epoch[3/50], Step [100/196], Reconst Loss: 517.4971, KL Div: 8.5590
Epoch[4/50], Step [100/196], Reconst Loss: 459.2887, KL Div: 12.1925
Epoch[5/50], Step [100/196], Reconst Loss: 370.8246, KL Div: 13.8808
Epoch[6/50], Step [100/196], Reconst Loss: 394.0430, KL Div: 14.4919
Epoch[7/50], Step [100/196], Reconst Loss: 251.9917, KL Div: 16.3708
Epoch[8/50], Step [100/196], Reconst Loss: 333.9163, KL Div: 16.9838
Epoch[9/50], Step [100/196], Reconst Loss: 276.2817, KL Div: 17.5316
Epoch[10/50], Step [100/196], Reconst Loss: 332.6487, KL Div: 18.2827
Epoch[11/50], Step [100/196], Reconst Loss: 285.6242, KL Div: 17.7191
Epoch[12/50], Step [100/196], Reconst Loss: 267.3123, KL Div: 19.4797
Epoch[13/50], Step [100/196], Reconst Loss: 172.5716, KL Div: 19.1811
Epoch[14/50], Step [100/196], Reconst Loss: 174.9941, KL Div: 19.8270
Epoch[15/50], Step [100/196], Reconst Loss: 216.3439, KL Div: 19.1125
Epoch[16/50], Step [100/196], Reconst Loss: 295.3999, KL Div: 20.2804
Epoch[17/50], Step [100/196], Reconst Loss: 214.0015, KL Div: 21.5140
Epoch[18/50], Step [100/196], Reconst Loss: 196.6920, KL Div: 20.0813
Epoch[19/50], Step [100/196], Reconst Loss: 169.8152, KL Div: 21.2067
Epoch[20/50], Step [100/196], Reconst Loss: 218.6848, KL Div: 20.5100
Epoch[21/50], Step [100/196], Reconst Loss: 214.5444, KL Div: 20.4025
Epoch[22/50], Step [100/196], Reconst Loss: 183.2297, KL Div: 21.4042
Epoch[23/50], Step [100/196], Reconst Loss: 207.9724, KL Div: 21.4675
Epoch[24/50], Step [100/196], Reconst Loss: 161.8138, KL Div: 21.1364
Epoch[25/50], Step [100/196], Reconst Loss: 138.9889, KL Div: 22.4109
Epoch[26/50], Step [100/196], Reconst Loss: 144.2628, KL Div: 21.4131
Epoch[27/50], Step [100/196], Reconst Loss: 129.8919, KL Div: 20.8545
Epoch[28/50], Step [100/196], Reconst Loss: 163.8828, KL Div: 21.7917
Epoch[29/50], Step [100/196], Reconst Loss: 166.1906, KL Div: 21.5172
Epoch[30/50], Step [100/196], Reconst Loss: 129.9649, KL Div: 21.2534
Epoch[31/50], Step [100/196], Reconst Loss: 66.6675, KL Div: 20.8445
Epoch[32/50], Step [100/196], Reconst Loss: 99.0087, KL Div: 22.0718
Epoch[33/50], Step [100/196], Reconst Loss: 148.8032, KL Div: 21.3113
Epoch[34/50], Step [100/196], Reconst Loss: 95.3996, KL Div: 22.2140
Epoch[35/50], Step [100/196], Reconst Loss: 167.8191, KL Div: 21.1253
Epoch[36/50], Step [100/196], Reconst Loss: 104.3584, KL Div: 21.7619
Epoch[37/50], Step [100/196], Reconst Loss: 141.7301, KL Div: 23.1163
Epoch[38/50], Step [100/196], Reconst Loss: 162.9053, KL Div: 20.9296
Epoch[39/50], Step [100/196], Reconst Loss: 108.7846, KL Div: 21.6874
Epoch[40/50], Step [100/196], Reconst Loss: 88.3485, KL Div: 21.6404
Epoch[41/50], Step [100/196], Reconst Loss: 113.4377, KL Div: 22.1811
Epoch[42/50], Step [100/196], Reconst Loss: 21.0515, KL Div: 22.0005
Epoch[43/50], Step [100/196], Reconst Loss: 116.4265, KL Div: 21.5604
Epoch[44/50], Step [100/196], Reconst Loss: 103.1222, KL Div: 22.5350
Epoch[45/50], Step [100/196], Reconst Loss: 93.3133, KL Div: 21.7539
Epoch[46/50], Step [100/196], Reconst Loss: 59.9926, KL Div: 22.1864
Epoch[47/50], Step [100/196], Reconst Loss: 139.5034, KL Div: 22.2227
Epoch[48/50], Step [100/196], Reconst Loss: 171.5724, KL Div: 21.8834
Epoch[49/50], Step [100/196], Reconst Loss: 67.3603, KL Div: 22.7326
Epoch[50/50], Step [100/196], Reconst Loss: -12.9313, KL Div: 22.8586
============================================================

Topics:
['批次', '分数线', '志愿', '本科', '第一', '分', '计划', '工作', '高考', '成绩', '专业', '类', '考生', '录取', '招生', '填报', '学校', '高校', '批', '院校']+++$+++cv:0.8386179007328953+++$+++w2v:0.6219946146011353
['胜', '主队', '奥运会', '领先', '球员', '分', '场', '对手', '比分', '主场', '比赛', '轮', '中国队', '球', '负', '本场', '球队', '队', '赔率', '奥运']+++$+++cv:0.8612942564920176+++$+++w2v:0.6111975908279419
['车身', '保修', '变速箱', '官方', '服务', '类型', '方式', '高度', '手动', '功率', '发动机', '品牌', '车辆', '配置', '经销商', '结构', '装置', '中央', '运动', '信息']+++$+++cv:0.6249780133193346+++$+++w2v:0.4910198748111725
['第一', '类', '专业', '批', '科学', '电子信息', '经济学', '工程', '平均分', '最高分', '管理', '最低分', '类专业', '经济', '批次', '决议', '理学', '自动化', '工学', '发生']+++$+++cv:0.6131560658863522+++$+++w2v:0.5480334162712097
['模拟实验', '男子', '女子', '围裙', '记者', '发现', '孩子', '鞋', '电梯', '轩轩', '手扶', '洞洞', '古装', '情深意浓', '监察科', '楼', '现场', '妈妈', '缝隙', '民警']+++$+++cv:0.2928499929834767+++$+++w2v:0.5014783143997192
['管理', '上半年', '市场', '政策', '公司', '份', '中国', '企业', '预期', '资金', '5月', '股票', '6月', '增长', '规模', '产品', '业务', '经济', '记者', '发展']+++$+++cv:0.5728022710992794+++$+++w2v:0.5312800407409668
['网卡', '有线', 'Intel', '操作系统', '类型', '项', '支持', '系列', 'MHz', '主频', '英寸', 'CPU', '硬盘容量', '内存容量', '显卡', '芯片', '尺寸', '屏幕', '产品', '华硕']+++$+++cv:0.9460991783305468+++$+++w2v:0.6486043930053711
['教授', '诊断', '诊治', '患者', '擅长', '姓名', '医生', '疾病', '夜', '票', '主任医师', '肿瘤', '副教授', '主治医师', '副', '治疗', '上传', '门诊', '手术', '公告']+++$+++cv:0.7664228290003141+++$+++w2v:0.5923033356666565
['扭矩', '保养', '公里', '经销商', '元', '车', '汽车', '服务', '功率', '款', '车型', '发动机', '市场', '动力', '搜狐', '店', '信息', '现', '价格', '提供']+++$+++cv:0.7811855860698552+++$+++w2v:0.5174036622047424
['公里', '款', '保修', '扭矩', '车速', '基本参数', '轴距', '间隔', '宽', '轮胎', '保养', '功率', '生产', '政策', '长', '厂商', '高', '信息', '规格', '进口']+++$+++cv:0.7453302394926165+++$+++w2v:0.5156141519546509
c_v for $VAE_K10_sohu100k_BCE$: 0.7042736333406688
c_w2v for $VAE_K10_sohu100k_BCE$: 0.557892918586731
c_uci for $VAE_K10_sohu100k_BCE$: 0.31503834217016274
c_npmi for $VAE_K10_sohu100k_BCE$: 0.12672775322470328
t_div for $VAE_K10_sohu100k_BCE$: 0.875
