VAE(
  (fc1): Linear(in_features=72444, out_features=1024, bias=True)
  (fc2): Linear(in_features=1024, out_features=20, bias=True)
  (fc3): Linear(in_features=1024, out_features=20, bias=True)
  (fc4): Linear(in_features=20, out_features=20, bias=True)
  (fc5): Linear(in_features=20, out_features=1024, bias=True)
  (fc6): Linear(in_features=1024, out_features=72444, bias=True)
)
==============================Loss==============================
Epoch[1/40], Step [100/196], Reconst Loss: 780.7808, KL Div: 43.8647
Epoch[2/40], Step [100/196], Reconst Loss: 614.9330, KL Div: 8.5807
Epoch[3/40], Step [100/196], Reconst Loss: 432.8596, KL Div: 8.6683
Epoch[4/40], Step [100/196], Reconst Loss: 414.7278, KL Div: 11.5776
Epoch[5/40], Step [100/196], Reconst Loss: 350.6270, KL Div: 13.5981
Epoch[6/40], Step [100/196], Reconst Loss: 443.9000, KL Div: 14.6094
Epoch[7/40], Step [100/196], Reconst Loss: 398.9496, KL Div: 15.5547
Epoch[8/40], Step [100/196], Reconst Loss: 337.9001, KL Div: 16.0259
Epoch[9/40], Step [100/196], Reconst Loss: 386.5797, KL Div: 16.6355
Epoch[10/40], Step [100/196], Reconst Loss: 276.1338, KL Div: 17.3910
Epoch[11/40], Step [100/196], Reconst Loss: 271.9003, KL Div: 17.5508
Epoch[12/40], Step [100/196], Reconst Loss: 332.1479, KL Div: 17.9809
Epoch[13/40], Step [100/196], Reconst Loss: 252.5805, KL Div: 18.8717
Epoch[14/40], Step [100/196], Reconst Loss: 241.9395, KL Div: 19.0508
Epoch[15/40], Step [100/196], Reconst Loss: 295.7040, KL Div: 18.4205
Epoch[16/40], Step [100/196], Reconst Loss: 267.4413, KL Div: 19.3480
Epoch[17/40], Step [100/196], Reconst Loss: 262.8258, KL Div: 19.0104
Epoch[18/40], Step [100/196], Reconst Loss: 260.3261, KL Div: 20.6334
Epoch[19/40], Step [100/196], Reconst Loss: 205.2648, KL Div: 19.6602
Epoch[20/40], Step [100/196], Reconst Loss: 247.6434, KL Div: 19.7965
Epoch[21/40], Step [100/196], Reconst Loss: 153.7782, KL Div: 20.3862
Epoch[22/40], Step [100/196], Reconst Loss: 201.4711, KL Div: 20.8913
Epoch[23/40], Step [100/196], Reconst Loss: 192.9523, KL Div: 20.2625
Epoch[24/40], Step [100/196], Reconst Loss: 182.4590, KL Div: 22.7180
Epoch[25/40], Step [100/196], Reconst Loss: 166.2063, KL Div: 21.4485
Epoch[26/40], Step [100/196], Reconst Loss: 188.7386, KL Div: 21.4761
Epoch[27/40], Step [100/196], Reconst Loss: 142.7838, KL Div: 22.3578
Epoch[28/40], Step [100/196], Reconst Loss: 128.7799, KL Div: 22.2151
Epoch[29/40], Step [100/196], Reconst Loss: 133.2328, KL Div: 23.1080
Epoch[30/40], Step [100/196], Reconst Loss: 157.7839, KL Div: 23.2242
Epoch[31/40], Step [100/196], Reconst Loss: 133.0730, KL Div: 23.0442
Epoch[32/40], Step [100/196], Reconst Loss: 150.2708, KL Div: 22.8574
Epoch[33/40], Step [100/196], Reconst Loss: 113.5007, KL Div: 22.8704
Epoch[34/40], Step [100/196], Reconst Loss: 98.6418, KL Div: 22.7996
Epoch[35/40], Step [100/196], Reconst Loss: 4.8205, KL Div: 23.4466
Epoch[36/40], Step [100/196], Reconst Loss: 94.0501, KL Div: 24.4627
Epoch[37/40], Step [100/196], Reconst Loss: 44.9957, KL Div: 24.2057
Epoch[38/40], Step [100/196], Reconst Loss: 30.2528, KL Div: 24.1423
Epoch[39/40], Step [100/196], Reconst Loss: 129.7338, KL Div: 22.6477
Epoch[40/40], Step [100/196], Reconst Loss: 91.8387, KL Div: 23.6174
============================================================

Topics:
['预计', '稳', '产品', '市场', '7月', '元', '份', '国内', '资金', '持续', '5月', '回升', '增长', '预期', '影响', '6月', '价格', '经济', '中国', '企业']+++$+++cv:0.6317663787172875+++$+++w2v:0.5306848287582397
['容积', '轮距', '官方', '车身', '方式', '类型', '高度', '运动', '配置', '手动', '发动机', '功率', '经销商', '车辆', '结构', '变速箱', '装置', '中央', '信息', '支持']+++$+++cv:0.5954226433287061+++$+++w2v:0.5004050135612488
['以色列', '美国', '国家', '俄罗斯', '总统', '埃及', '叙利亚', '中国', '伊朗', '中东', '政治', '和平', '联合国', '胡锦涛', '叙', '反对派', '危机', '合作', '会议', '各方']+++$+++cv:0.7439014963646906+++$+++w2v:0.5952848196029663
['偶', '活跃', '遗漏', '推荐', '关注', '位', '走势', '表现', '开出', '奇偶比', '分析', '期', '本期', '值', '跨度', '号码', '大小', '近期', '区', '重点']+++$+++cv:0.7348313900914334+++$+++w2v:0.5687013864517212
['代销', '法人股', '0万', '股份', '买入', '机构', '证券', '股', '卖出', '金额', '流通', '营业部', '新进', '股份有限公司', '有限责任公司', '专用', '中国', '持股', '总数', '日期']+++$+++cv:0.4915902277754472+++$+++w2v:0.5559200048446655
['NVIDIAGeForceGT', 'GB', '型号', '酷睿', '产品', '系列', '华硕', '屏幕', '显卡', '硬盘容量', 'MHz', '内存容量', 'Intel', '芯片', '操作系统', '参数', '主频', 'CPU', '尺寸', '英寸']+++$+++cv:0.9942750087607314+++$+++w2v:0.6953378319740295
['本级', '决算', '经费', '机关', '会议', '工作', '部门', '情况', '预算', '出国', '支出', '管理', '购置', '制度', '公开', '行政', '万元', '占', '单位', '中央']+++$+++cv:0.735281749135694+++$+++w2v:0.5452209711074829
['导演', '饰演', '娱乐', '电视剧', '戏', '观众', '电影', '搜狐', '剧中', '拍摄', '演员', '角色', '部', '现场', '主演', 'score', '剧', 'top', '影片', 'zongyi']+++$+++cv:0.6151724304756105+++$+++w2v:0.605455219745636
['上传', '饰', '行业', '就医', '土耳其', '城市', '删除', '国内', '语种', '车', '参数', '产地', '服务', '主演', '译名', '战机', '社区', '填写', '实拍', '发表']+++$+++cv:0.39183487168632375+++$+++w2v:0.4362350404262543
['总收入', '总计', '毛利率', '占', '比例', '收入', '变化', '同比', '成本', '名称', '日本', '记者', '合作', '主营', '微软', '地区', '美元', '产品', '操作系统', '开发']+++$+++cv:0.39122177432809935+++$+++w2v:0.4826663136482239
['胜', '主队', '客队', '比赛', '雷霆', '分', '热火', '对手', '盘', '领先', '场', '负', '轮', '球', '局', '总决赛', '本场', '主场', '球队', '比分']+++$+++cv:0.8491663520973015+++$+++w2v:0.6141797304153442
['网卡', '有线', 'Intel', '操作系统', '网络', '类型', '倍', '支持', '英寸', '尺寸', '华硕', '屏幕', '内存容量', 'CPU', '显卡', '芯片', '输出', '产品', '系列', '高清']+++$+++cv:0.7984009187349101+++$+++w2v:0.6067438721656799
['推动', '畜禽', '发展', '服务', '城市', '技术', '建设', '产业', '支持', '文化', '活动', '加快', '科技', '创新', '推进', '群众', '社会', '工作', '遗传', '中国']+++$+++cv:0.5949078694829505+++$+++w2v:0.5341442823410034
['教授', '票', '主任医师', '肿瘤', '夜', '姓名', '医生', '疾病', '患者', '主治医师', '副', '治疗', '擅长', '诊断', '诊治', '副教授', '手术', '公告', '经验', '点击']+++$+++cv:0.7956056383065055+++$+++w2v:0.5796939134597778
['杂费', '费元', '修改', '车辆', '座', '元', '情况', '牌', '黑牌', '免检', '购置', '税率', '客车', '小型', '微型', '家用', '比赛', '统一', '常规', '车牌照']+++$+++cv:0.782547661081447+++$+++w2v:0.5468422770500183
['电子信息', '专业', '工程', '第一', '批', '经济学', '类', '科学', '最高分', '平均分', '类专业', '最低分', '管理', '批次', '理学', '语言', '土建类', '工学', '外国', '数学']+++$+++cv:0.7930460154782261+++$+++w2v:0.5896456837654114
['景海鹏', '对接', '太空', '交会', '中国', '技术', '记者', '工作', '航天员', '首次', '自动', '控制', '飞行器', '天宫', '载人', '航天', '系统', '空间', '6月', '女']+++$+++cv:0.7115375121637117+++$+++w2v:0.53443443775177
['系列', '华硕', '笔记本电脑', 'ASUS', '搜索', '产品', '基准利率', '央行', '一年期', '存贷款', '终止', '利率', '下调', '币', '理财产品', '起始', '百分点', '原创', '工作', '单位']+++$+++cv:0.2766329685772551+++$+++w2v:0.5101696848869324
['投档', '批次', '本科', '分数线', '7月', '分', '第一', '计划', '录取', '高考', '专业', '成绩', '招生', '考生', '填报', '志愿', '高校', '院校', '批', '征集']+++$+++cv:0.8647475891308517+++$+++w2v:0.6358410120010376
['发生', '现场', '民警', '发现', '犯罪嫌疑人', '警方', '男子', '分', '女子', '抓获', '辆', '案件', '记者', '6月', '手机', '派出所', '团伙', '嫌疑人', '专案组', '群众']+++$+++cv:0.7230059597117677+++$+++w2v:0.5404228568077087
c_v for $VAE_K20_sohu100k_BCE$: 0.6757448227714477
c_w2v for $VAE_K20_sohu100k_BCE$: 0.5604014992713928
c_uci for $VAE_K20_sohu100k_BCE$: -0.12642776084993718
c_npmi for $VAE_K20_sohu100k_BCE$: 0.1083644094631715
t_div for $VAE_K20_sohu100k_BCE$: 0.855
