VAE(
  (fc1): Linear(in_features=12567, out_features=1024, bias=True)
  (fc2): Linear(in_features=1024, out_features=20, bias=True)
  (fc3): Linear(in_features=1024, out_features=20, bias=True)
  (fc4): Linear(in_features=20, out_features=20, bias=True)
  (fc5): Linear(in_features=20, out_features=1024, bias=True)
  (fc6): Linear(in_features=1024, out_features=12567, bias=True)
)
==============================Loss==============================
Epoch[1/2], Step [100/105], Reconst Loss: 109.1529, KL Div: 16.2310
Epoch[2/2], Step [100/105], Reconst Loss: 102.2471, KL Div: 4.5949
============================================================

Topics:
['死', '发现', '医生', '也许', '病人', '孩子', '希望', '肯定', '时间', '杀', '感觉', '钱', '是因为', '地方', '记得', '凶手', '想要', '原因', '妈妈', '检查']+++$+++cv:0.13531698985891222+++$+++w2v:0.4389323592185974
['死', '也许', '发现', '医生', '孩子', '病人', '时间', '肯定', '杀', '钱', '希望', '地方', '记得', '女人', '是因为', '想要', '小时', '感觉', '妈妈', '凶手']+++$+++cv:0.15311281266444673+++$+++w2v:0.4376932978630066
['死', '发现', '医生', '也许', '希望', '时间', '孩子', '肯定', '杀', '病人', '钱', '感觉', '想要', '记得', '地方', '小时', '发生', '女人', '是因为', '回来']+++$+++cv:0.15032964643016342+++$+++w2v:0.4360734522342682
['死', '发现', '也许', '病人', '孩子', '医生', '肯定', '希望', '时间', '杀', '感觉', '地方', '钱', '记得', '发生', '检查', '想要', '女人', '是因为', '回来']+++$+++cv:0.15040184619140284+++$+++w2v:0.43527689576148987
['死', '发现', '也许', '肯定', '孩子', '医生', '时间', '希望', '病人', '钱', '杀', '地方', '想要', '女人', '凶手', '记得', '发生', '感觉', '小时', '事情']+++$+++cv:0.15203486373404682+++$+++w2v:0.4403124451637268
['死', '也许', '发现', '病人', '时间', '医生', '肯定', '希望', '孩子', '钱', '杀', '地方', '记得', '想要', '小时', '凶手', '感觉', '检查', '女人', '是因为']+++$+++cv:0.1495015827209463+++$+++w2v:0.4374779164791107
['死', '发现', '也许', '病人', '医生', '孩子', '希望', '肯定', '时间', '杀', '钱', '地方', '是因为', '妈妈', '想要', '记得', '感觉', '凶手', '女人', '小时']+++$+++cv:0.15311281266444673+++$+++w2v:0.43769335746765137
['死', '发现', '也许', '孩子', '医生', '病人', '肯定', '希望', '时间', '杀', '钱', '小时', '记得', '感觉', '检查', '地方', '凶手', '明白', '妈妈', '是因为']+++$+++cv:0.1397552603728653+++$+++w2v:0.4378484785556793
['死', '发现', '孩子', '也许', '医生', '病人', '希望', '时间', '肯定', '钱', '杀', '感觉', '记得', '地方', '是因为', '想要', '凶手', '原因', '关系', '妈妈']+++$+++cv:0.14167707236987587+++$+++w2v:0.4383156895637512
['死', '发现', '医生', '也许', '病人', '时间', '杀', '肯定', '希望', '孩子', '钱', '妈妈', '小时', '想要', '记得', '感觉', '凶手', '地方', '女人', '发生']+++$+++cv:0.1534689414654165+++$+++w2v:0.4389927387237549
['死', '发现', '医生', '也许', '孩子', '病人', '希望', '时间', '肯定', '杀', '感觉', '钱', '想要', '小时', '凶手', '地方', '记得', '是因为', '女人', '发生']+++$+++cv:0.15167144065996416+++$+++w2v:0.4375951886177063
['发现', '死', '也许', '孩子', '时间', '医生', '希望', '肯定', '杀', '病人', '钱', '记得', '感觉', '想要', '小时', '女人', '是因为', '地方', '家', '妈妈']+++$+++cv:0.14993041895021653+++$+++w2v:0.4360945224761963
['死', '发现', '也许', '医生', '孩子', '时间', '病人', '希望', '肯定', '杀', '钱', '记得', '想要', '感觉', '地方', '是因为', '发生', '小时', '女人', '检查']+++$+++cv:0.14695591444038886+++$+++w2v:0.4369910657405853
['死', '发现', '也许', '时间', '病人', '肯定', '孩子', '医生', '希望', '钱', '杀', '想要', '记得', '小时', '妈妈', '感觉', '地方', '检查', '凶手', '回来']+++$+++cv:0.14305109257558787+++$+++w2v:0.43844786286354065
['发现', '死', '孩子', '医生', '也许', '时间', '希望', '病人', '肯定', '杀', '钱', '想要', '地方', '女人', '明白', '妈妈', '感觉', '是因为', '记得', '凶手']+++$+++cv:0.15813625368515644+++$+++w2v:0.43597087264060974
['死', '发现', '也许', '时间', '医生', '孩子', '病人', '肯定', '希望', '钱', '杀', '想要', '记得', '感觉', '地方', '是因为', '检查', '明白', '发生', '凶手']+++$+++cv:0.1435234848402968+++$+++w2v:0.4346536695957184
['死', '发现', '也许', '孩子', '医生', '肯定', '时间', '杀', '钱', '希望', '病人', '想要', '感觉', '地方', '小时', '是因为', '记得', '发生', '女人', '回来']+++$+++cv:0.15032964643016342+++$+++w2v:0.4360734522342682
['死', '发现', '也许', '肯定', '医生', '时间', '孩子', '希望', '钱', '病人', '杀', '想要', '地方', '记得', '感觉', '明白', '女人', '妈妈', '是因为', '检查']+++$+++cv:0.15263253129300647+++$+++w2v:0.4359293580055237
['死', '发现', '也许', '病人', '肯定', '时间', '孩子', '医生', '希望', '杀', '钱', '地方', '记得', '凶手', '发生', '是因为', '解释', '感觉', '回来', '想要']+++$+++cv:0.14636128283116284+++$+++w2v:0.4343370795249939
['发现', '死', '时间', '也许', '希望', '病人', '医生', '孩子', '肯定', '杀', '钱', '地方', '记得', '小时', '想要', '感觉', '检查', '是因为', '女人', '发生']+++$+++cv:0.14695591444038886+++$+++w2v:0.43699103593826294
c_v for $VAE_K20_sub_BCE$: 0.14841299043094275
c_w2v for $VAE_K20_sub_BCE$: 0.43708500266075134
c_uci for $VAE_K20_sub_BCE$: -0.8735061372141748
c_npmi for $VAE_K20_sub_BCE$: -0.07958453187901472
t_div for $VAE_K20_sub_BCE$: 0.0725
