VAE(
  (fc1): Linear(in_features=72444, out_features=1024, bias=True)
  (fc2): Linear(in_features=1024, out_features=30, bias=True)
  (fc3): Linear(in_features=1024, out_features=30, bias=True)
  (fc4): Linear(in_features=30, out_features=30, bias=True)
  (fc5): Linear(in_features=30, out_features=1024, bias=True)
  (fc6): Linear(in_features=1024, out_features=72444, bias=True)
)
==============================Loss==============================
Epoch[1/50], Step [100/196], Reconst Loss: 825.3519, KL Div: 54.4496
Epoch[2/50], Step [100/196], Reconst Loss: 634.4435, KL Div: 9.4851
Epoch[3/50], Step [100/196], Reconst Loss: 521.2050, KL Div: 8.9514
Epoch[4/50], Step [100/196], Reconst Loss: 437.4367, KL Div: 12.8207
Epoch[5/50], Step [100/196], Reconst Loss: 437.1171, KL Div: 12.0353
Epoch[6/50], Step [100/196], Reconst Loss: 389.4832, KL Div: 14.0676
Epoch[7/50], Step [100/196], Reconst Loss: 372.7642, KL Div: 15.9131
Epoch[8/50], Step [100/196], Reconst Loss: 323.3316, KL Div: 17.7818
Epoch[9/50], Step [100/196], Reconst Loss: 302.1796, KL Div: 17.8694
Epoch[10/50], Step [100/196], Reconst Loss: 277.2394, KL Div: 17.5951
Epoch[11/50], Step [100/196], Reconst Loss: 256.6580, KL Div: 19.3427
Epoch[12/50], Step [100/196], Reconst Loss: 264.2269, KL Div: 19.3135
Epoch[13/50], Step [100/196], Reconst Loss: 197.4439, KL Div: 19.0635
Epoch[14/50], Step [100/196], Reconst Loss: 249.3681, KL Div: 19.4959
Epoch[15/50], Step [100/196], Reconst Loss: 143.6701, KL Div: 20.6751
Epoch[16/50], Step [100/196], Reconst Loss: 204.6187, KL Div: 19.5275
Epoch[17/50], Step [100/196], Reconst Loss: 249.3235, KL Div: 20.4688
Epoch[18/50], Step [100/196], Reconst Loss: 148.6833, KL Div: 20.7782
Epoch[19/50], Step [100/196], Reconst Loss: 169.7540, KL Div: 20.9027
Epoch[20/50], Step [100/196], Reconst Loss: 166.4309, KL Div: 21.2443
Epoch[21/50], Step [100/196], Reconst Loss: 133.9935, KL Div: 20.9575
Epoch[22/50], Step [100/196], Reconst Loss: 170.5441, KL Div: 22.5554
Epoch[23/50], Step [100/196], Reconst Loss: 208.8351, KL Div: 22.0677
Epoch[24/50], Step [100/196], Reconst Loss: 165.1221, KL Div: 22.2631
Epoch[25/50], Step [100/196], Reconst Loss: 163.1461, KL Div: 23.4353
Epoch[26/50], Step [100/196], Reconst Loss: 96.5936, KL Div: 22.4489
Epoch[27/50], Step [100/196], Reconst Loss: 110.3389, KL Div: 22.0273
Epoch[28/50], Step [100/196], Reconst Loss: 101.7564, KL Div: 22.6046
Epoch[29/50], Step [100/196], Reconst Loss: 169.4398, KL Div: 22.4805
Epoch[30/50], Step [100/196], Reconst Loss: 200.1500, KL Div: 23.2169
Epoch[31/50], Step [100/196], Reconst Loss: 184.2236, KL Div: 24.1226
Epoch[32/50], Step [100/196], Reconst Loss: 103.7242, KL Div: 23.1262
Epoch[33/50], Step [100/196], Reconst Loss: 104.3050, KL Div: 23.2925
Epoch[34/50], Step [100/196], Reconst Loss: 66.4988, KL Div: 23.5156
Epoch[35/50], Step [100/196], Reconst Loss: 97.7608, KL Div: 23.7248
Epoch[36/50], Step [100/196], Reconst Loss: 108.0926, KL Div: 24.1683
Epoch[37/50], Step [100/196], Reconst Loss: 90.2306, KL Div: 24.3471
Epoch[38/50], Step [100/196], Reconst Loss: -75.3863, KL Div: 24.1110
Epoch[39/50], Step [100/196], Reconst Loss: 138.1171, KL Div: 24.0016
Epoch[40/50], Step [100/196], Reconst Loss: 59.9535, KL Div: 24.4028
Epoch[41/50], Step [100/196], Reconst Loss: 24.0538, KL Div: 25.1451
Epoch[42/50], Step [100/196], Reconst Loss: 54.0569, KL Div: 25.9378
Epoch[43/50], Step [100/196], Reconst Loss: 69.5530, KL Div: 24.8472
Epoch[44/50], Step [100/196], Reconst Loss: 77.8551, KL Div: 25.4978
Epoch[45/50], Step [100/196], Reconst Loss: 19.4611, KL Div: 26.0906
Epoch[46/50], Step [100/196], Reconst Loss: 103.4817, KL Div: 25.8533
Epoch[47/50], Step [100/196], Reconst Loss: 60.3137, KL Div: 26.2515
Epoch[48/50], Step [100/196], Reconst Loss: 64.6867, KL Div: 27.2077
Epoch[49/50], Step [100/196], Reconst Loss: 38.1677, KL Div: 28.0120
Epoch[50/50], Step [100/196], Reconst Loss: 26.9810, KL Div: 25.8808
============================================================

Topics:
['胆', '码', '上期', '分析', '关注', '位', '区', '大小', '期', '本期', '开出', '值', '号码', '推荐', '看好', '路', '重点', '走势', '偶', '形态']+++$+++cv:0.7659767770201584+++$+++w2v:0.588895857334137
['慎用', '药', '肾功能', '应', '感染', '发生', '患者', '治疗', '用药', '不良反应', 'ml', '剂量', '血清', '症状', '禁用', '药物', '静脉滴注', '用量', '处方', '本品']+++$+++cv:0.9495846549312814+++$+++w2v:0.6350148916244507
['情深意浓', '电影', '剧照', '拍摄', '娱乐', '搜狐', '电视剧', '导演', '记者会', '庆功', '观众', '影片', '电影节', '庆功会', '古装', '主演', '榜', 'top', '周杰伦', '部']+++$+++cv:0.478412734791328+++$+++w2v:0.5547080636024475
['电子城', '科贸', '中关村', '大厦', '经销商', '层', '北京', '室', '店铺', '地址', '北京市', '手机号码', '楼', '联系电话', '海淀区', '上传', '报价', '信息', '座', '华硕']+++$+++cv:0.7068549237573453+++$+++w2v:0.552242636680603
['盗抢险', '费元', '杂费', '修改', '座', '元', '情况', '牌', '黑牌', '免检', '税率', '购车款', '客车', '小型', '微型', '家用', '购置', '统一', '常规', '车辆']+++$+++cv:0.8064558974856484+++$+++w2v:0.553364634513855
['刘旺', '景海鹏', '交会', '对接', '成功', '中国', '6月', '女', '天宫', '航天员', '控制', '首次', '载人', '飞行器', '航天', '太空', '自动', '系统', '手动', '空间']+++$+++cv:0.7821243025578904+++$+++w2v:0.5630502700805664
['本科', '志愿', '招生', '填报', '7月', '分', '第一', '计划', '类', '专业', '学校', '学生', '高考', '成绩', '录取', '考生', '高校', '院校', '批', '征集']+++$+++cv:0.8142652200447719+++$+++w2v:0.6108811497688293
['党组织', '胡锦涛', '活动', '创先争优', '香港', '群众', '侨联', '基层', '学习', '党员', '决赛', '特别行政区', '民警', '记者', '气排球', '中国老年人体育协会', '党', '届', '主席', '7月']+++$+++cv:0.3511560877646751+++$+++w2v:0.5074955821037292
['恢复', '披露', '投资者', '股', '连续', '7月', '公司', '有限公司', '信息', '资金', '会议', '公告', '万元', '机构', '分配', '证券', '上市', '股票', '届', '交易日']+++$+++cv:0.5711882592852942+++$+++w2v:0.5029295086860657
['GB', 'MCPU', '型号', '酷睿', '产品', '系列', '华硕', '屏幕', '显卡', '硬盘容量', 'MHz', '内存容量', 'Intel', '芯片', '操作系统', '参数', '主频', 'CPU', '尺寸', '英寸']+++$+++cv:0.9945838421502812+++$+++w2v:0.6960960030555725
['主营业务', '股东', '营业', '提取', '企业', '元', '业务', '减', '经营', '法定', '证券', '房地产', '收益', '利润', '盈余', '损失', '金融', '支出', '未', '收入']+++$+++cv:0.6555516893585436+++$+++w2v:0.5326277017593384
['浓缩铀', '国家', '俄罗斯', '合作', '伊朗', '欧盟', '核', '国', '会谈', '伊', '关系', '谈判', '莫斯科', '中国', '中方', '增长', '纯度', '产品', '各方', '支持']+++$+++cv:0.6156300424765467+++$+++w2v:0.5313951969146729
['号码', '跨度', '开出', '值', '希腊', '经济', '位', '关注', '反弹', '分析', '近期', '大小', '下跌', '股指', '指数', '奇偶比', '线', '市场', '走势', '表现']+++$+++cv:0.4675423446143359+++$+++w2v:0.5271166563034058
['操作系统', 'Intel', '显卡', '芯片', '网络', '类型', '倍', '支持', '英寸', '尺寸', '华硕', '屏幕', '主频', 'CPU', '内存容量', '硬盘容量', '输出', '产品', '系列', '高清']+++$+++cv:0.7975758794536696+++$+++w2v:0.6172530055046082
['公里', '款', '保修', '宽', '扭矩', '长', '基本参数', '车速', '保养', '轴距', '厂商', '生产', '间隔', '规格', '轮胎', '高', '政策', '功率', '信息', '进口']+++$+++cv:0.7463705472708363+++$+++w2v:0.5156141519546509
['静怡', '蒋程兰', '兰玉', '儿子', '父亲', '元', '发现', '记者', '女士', '女儿', '孩子', '善款', '母亲', '妈妈', '幼儿园', '网友', '称', '鞋', '小区', '电梯']+++$+++cv:0.3641515586387175+++$+++w2v:0.5105372071266174
['短时', '华北', '预警', '华南', '北部', '7月', '地区', '暴雨', '东部', '局地', '毫米', '南部', '高温', '中部', '东北部', '大部', '西部', '级', '降雨', '天气']+++$+++cv:0.9018412320949606+++$+++w2v:0.6157370805740356
['检出', '菌落', '南山', '婴儿', '有限公司', '生产', '检测', '销售', '食品', '配方', '抽检', '婴幼儿', '奶粉', '合格', '批次', '超标', '乳制品', '光明', '产品', '含']+++$+++cv:0.8993581475045037+++$+++w2v:0.5800502896308899
['决议', '议案', '表决', '会议', '审议', '票', '董事会', '董事', '公告', '届', '法律', '出席', '符合', '程序', '出席会议', '律师', '社区', '召集', '本次', '占']+++$+++cv:0.8064119674276282+++$+++w2v:0.553249716758728
['市场', '产品', '增加', '6月', '元', '套', '7月', '份', '5月', '价格', '城市', '经济', '预期', '开发商', '增长', '影响', '企业', '中国', '北京', '销售']+++$+++cv:0.529051021468237+++$+++w2v:0.5001097321510315
['孩子', '饰', '企业', '老外', '国家', '型号', '女孩', '三亚', '儿子', '李小璐', '发展', '倪萍', '女儿', '男子', '产地', '芯片', '妈妈', '送', '赵忠祥', '出口']+++$+++cv:0.37661958631041403+++$+++w2v:0.4574119448661804
['扭矩', '保养', '公里', '经销商', '元', '车', '汽车', '服务', '功率', '款', '车型', '发动机', '市场', '动力', '搜狐', '店', '信息', '现', '价格', '提供']+++$+++cv:0.7824255448190838+++$+++w2v:0.5174036622047424
['亿元', '指数', '上半年', '去年同期', '投资', '基金', '增长', '日常', '起始', '百分点', '暂无', '开放式', '净', '名称', '季', '收入', '银行家', '季和', '规模', '全国']+++$+++cv:0.40848177552432013+++$+++w2v:0.49900102615356445
['前场', '任意球', '球', '皮球', '分', '分钟', '球员', '防守', '比赛', '球队', '队', '恒大', '射门', '进球', '禁区', '比分', '领先', '对手', '进攻', '场']+++$+++cv:0.9081942119858439+++$+++w2v:0.6381469964981079
['容积', '轮距', '保修', '车身', '方式', '类型', '电话', '高度', '手动', '功率', '装置', '发动机', '结构', '配置', '变速箱', '官方', '中央', '支持', '运动', '信息']+++$+++cv:0.5844373928309551+++$+++w2v:0.5007570385932922
['政府军', '反政府', '埃及', '国家', '美国', '称', '中国', '记者', '叙利亚', '政治', '武装', '军方', '总统', '叙', '反对派', '团', '大马士革', '阿勒颇', '监督', '兄弟会']+++$+++cv:0.6936891245513723+++$+++w2v:0.5864942669868469
['基准利率', '定存', '存贷款', '银行', '期', '利率', '央行', '下调', '调整', '百分点', '降息', '贷款', '上浮', '金融机构', '一年期', '浮动', '存款', '上调', '区间', '定期存款']+++$+++cv:0.9179291633298451+++$+++w2v:0.6573158502578735
['推进', '市场', '机制', '科技', '国家', '企业', '实施', '建设', '加快', '社会', '服务', '工作', '文化', '规划', '支持', '创新', '进一步', '经济', '产业', '发展']+++$+++cv:0.6885797193896227+++$+++w2v:0.5662565231323242
['刘林海', '中华车', '辆', '发现', '司机', '车', '交警', '民警', '小区', '记者', '男子', '警方', '现场', '车辆', '路', '市场', '车主', '路段', '老外', '轿车']+++$+++cv:0.5662994939248303+++$+++w2v:0.5526946187019348
['首盘', '破发点', '破发', '发球局', '强', '对手', '盘', '比赛', '公开赛', '温网', '选手', '决赛', '大满贯', '种子', '发球', '小威', '冠军', '局', '轮', '保']+++$+++cv:0.8987765064420689+++$+++w2v:0.6120623350143433
c_v for $VAE_K30_sohu100k_BCE$: 0.6943173216401671
c_w2v for $VAE_K30_sohu100k_BCE$: 0.5611971616744995
c_uci for $VAE_K30_sohu100k_BCE$: 0.10723022154962161
c_npmi for $VAE_K30_sohu100k_BCE$: 0.11168637401419271
t_div for $VAE_K30_sohu100k_BCE$: 0.8166666666666667
