VAE(
  (fc1): Linear(in_features=38631, out_features=1024, bias=True)
  (fc2): Linear(in_features=1024, out_features=30, bias=True)
  (fc3): Linear(in_features=1024, out_features=30, bias=True)
  (fc4): Linear(in_features=30, out_features=30, bias=True)
  (fc5): Linear(in_features=30, out_features=1024, bias=True)
  (fc6): Linear(in_features=1024, out_features=38631, bias=True)
)
==============================Loss==============================
Epoch[1/40], Step [100/518], Reconst Loss: 195.8523, KL Div: 32.4918
Epoch[1/40], Step [200/518], Reconst Loss: 154.3352, KL Div: 15.6073
Epoch[1/40], Step [300/518], Reconst Loss: 149.1060, KL Div: 5.6542
Epoch[1/40], Step [400/518], Reconst Loss: 144.3529, KL Div: 0.4623
Epoch[1/40], Step [500/518], Reconst Loss: 146.3028, KL Div: 0.3617
Epoch[2/40], Step [100/518], Reconst Loss: 147.9625, KL Div: 0.3976
Epoch[2/40], Step [200/518], Reconst Loss: 147.6847, KL Div: 0.5023
Epoch[2/40], Step [300/518], Reconst Loss: 142.4051, KL Div: 0.5312
Epoch[2/40], Step [400/518], Reconst Loss: 141.5158, KL Div: 0.6131
Epoch[2/40], Step [500/518], Reconst Loss: 145.1958, KL Div: 0.7775
Epoch[3/40], Step [100/518], Reconst Loss: 137.9243, KL Div: 0.7381
Epoch[3/40], Step [200/518], Reconst Loss: 143.2336, KL Div: 0.7415
Epoch[3/40], Step [300/518], Reconst Loss: 135.3871, KL Div: 0.7780
Epoch[3/40], Step [400/518], Reconst Loss: 142.3398, KL Div: 0.8429
Epoch[3/40], Step [500/518], Reconst Loss: 142.4479, KL Div: 0.8147
Epoch[4/40], Step [100/518], Reconst Loss: 136.7856, KL Div: 0.9425
Epoch[4/40], Step [200/518], Reconst Loss: 136.3185, KL Div: 1.1514
Epoch[4/40], Step [300/518], Reconst Loss: 141.4511, KL Div: 1.4120
Epoch[4/40], Step [400/518], Reconst Loss: 140.3139, KL Div: 1.5713
Epoch[4/40], Step [500/518], Reconst Loss: 140.5682, KL Div: 1.4980
Epoch[5/40], Step [100/518], Reconst Loss: 141.9066, KL Div: 1.6665
Epoch[5/40], Step [200/518], Reconst Loss: 139.5314, KL Div: 1.7429
Epoch[5/40], Step [300/518], Reconst Loss: 134.7758, KL Div: 1.6451
Epoch[5/40], Step [400/518], Reconst Loss: 136.4573, KL Div: 1.8730
Epoch[5/40], Step [500/518], Reconst Loss: 139.0425, KL Div: 1.9156
Epoch[6/40], Step [100/518], Reconst Loss: 142.1000, KL Div: 2.1128
Epoch[6/40], Step [200/518], Reconst Loss: 135.8919, KL Div: 2.2051
Epoch[6/40], Step [300/518], Reconst Loss: 140.3630, KL Div: 2.1624
Epoch[6/40], Step [400/518], Reconst Loss: 132.8789, KL Div: 2.3647
Epoch[6/40], Step [500/518], Reconst Loss: 139.1476, KL Div: 2.4069
Epoch[7/40], Step [100/518], Reconst Loss: 136.5482, KL Div: 2.4990
Epoch[7/40], Step [200/518], Reconst Loss: 136.3982, KL Div: 2.5010
Epoch[7/40], Step [300/518], Reconst Loss: 136.3123, KL Div: 2.5906
Epoch[7/40], Step [400/518], Reconst Loss: 131.6766, KL Div: 2.5916
Epoch[7/40], Step [500/518], Reconst Loss: 129.7776, KL Div: 2.6568
Epoch[8/40], Step [100/518], Reconst Loss: 134.3188, KL Div: 2.8695
Epoch[8/40], Step [200/518], Reconst Loss: 133.9250, KL Div: 2.9587
Epoch[8/40], Step [300/518], Reconst Loss: 138.9561, KL Div: 2.9449
Epoch[8/40], Step [400/518], Reconst Loss: 133.1415, KL Div: 3.2089
Epoch[8/40], Step [500/518], Reconst Loss: 138.4781, KL Div: 3.2145
Epoch[9/40], Step [100/518], Reconst Loss: 136.5626, KL Div: 3.1809
Epoch[9/40], Step [200/518], Reconst Loss: 131.4599, KL Div: 3.3421
Epoch[9/40], Step [300/518], Reconst Loss: 141.3109, KL Div: 3.4801
Epoch[9/40], Step [400/518], Reconst Loss: 130.5777, KL Div: 3.4393
Epoch[9/40], Step [500/518], Reconst Loss: 136.0871, KL Div: 3.6224
Epoch[10/40], Step [100/518], Reconst Loss: 134.9739, KL Div: 3.5717
Epoch[10/40], Step [200/518], Reconst Loss: 131.8283, KL Div: 3.6574
Epoch[10/40], Step [300/518], Reconst Loss: 136.0482, KL Div: 3.6615
Epoch[10/40], Step [400/518], Reconst Loss: 131.9673, KL Div: 3.7862
Epoch[10/40], Step [500/518], Reconst Loss: 131.9796, KL Div: 3.8285
Epoch[11/40], Step [100/518], Reconst Loss: 133.8879, KL Div: 3.9049
Epoch[11/40], Step [200/518], Reconst Loss: 130.7467, KL Div: 3.8198
Epoch[11/40], Step [300/518], Reconst Loss: 130.4399, KL Div: 3.9034
Epoch[11/40], Step [400/518], Reconst Loss: 128.3143, KL Div: 4.0359
Epoch[11/40], Step [500/518], Reconst Loss: 134.0278, KL Div: 4.0542
Epoch[12/40], Step [100/518], Reconst Loss: 135.0111, KL Div: 4.1493
Epoch[12/40], Step [200/518], Reconst Loss: 129.3458, KL Div: 4.2344
Epoch[12/40], Step [300/518], Reconst Loss: 132.7316, KL Div: 4.2347
Epoch[12/40], Step [400/518], Reconst Loss: 132.8134, KL Div: 4.1856
Epoch[12/40], Step [500/518], Reconst Loss: 133.8084, KL Div: 4.3540
Epoch[13/40], Step [100/518], Reconst Loss: 131.5544, KL Div: 4.2790
Epoch[13/40], Step [200/518], Reconst Loss: 126.6774, KL Div: 4.4295
Epoch[13/40], Step [300/518], Reconst Loss: 128.1156, KL Div: 4.4724
Epoch[13/40], Step [400/518], Reconst Loss: 131.0739, KL Div: 4.3860
Epoch[13/40], Step [500/518], Reconst Loss: 130.3075, KL Div: 4.5460
Epoch[14/40], Step [100/518], Reconst Loss: 128.0062, KL Div: 4.7976
Epoch[14/40], Step [200/518], Reconst Loss: 126.9879, KL Div: 4.7317
Epoch[14/40], Step [300/518], Reconst Loss: 128.4604, KL Div: 4.7600
Epoch[14/40], Step [400/518], Reconst Loss: 130.3151, KL Div: 4.9075
Epoch[14/40], Step [500/518], Reconst Loss: 128.9988, KL Div: 4.7579
Epoch[15/40], Step [100/518], Reconst Loss: 131.6010, KL Div: 4.9287
Epoch[15/40], Step [200/518], Reconst Loss: 130.6336, KL Div: 5.0650
Epoch[15/40], Step [300/518], Reconst Loss: 135.3221, KL Div: 5.0912
Epoch[15/40], Step [400/518], Reconst Loss: 132.5588, KL Div: 5.1390
Epoch[15/40], Step [500/518], Reconst Loss: 133.8746, KL Div: 5.1681
Epoch[16/40], Step [100/518], Reconst Loss: 129.5124, KL Div: 5.0682
Epoch[16/40], Step [200/518], Reconst Loss: 127.3846, KL Div: 5.1783
Epoch[16/40], Step [300/518], Reconst Loss: 127.3063, KL Div: 5.0775
Epoch[16/40], Step [400/518], Reconst Loss: 129.0894, KL Div: 5.2442
Epoch[16/40], Step [500/518], Reconst Loss: 128.6729, KL Div: 5.1173
Epoch[17/40], Step [100/518], Reconst Loss: 126.2273, KL Div: 5.1803
Epoch[17/40], Step [200/518], Reconst Loss: 127.0728, KL Div: 5.2887
Epoch[17/40], Step [300/518], Reconst Loss: 131.0126, KL Div: 5.3513
Epoch[17/40], Step [400/518], Reconst Loss: 130.7357, KL Div: 5.4112
Epoch[17/40], Step [500/518], Reconst Loss: 130.2282, KL Div: 5.2840
Epoch[18/40], Step [100/518], Reconst Loss: 124.2513, KL Div: 5.2714
Epoch[18/40], Step [200/518], Reconst Loss: 126.5933, KL Div: 5.3283
Epoch[18/40], Step [300/518], Reconst Loss: 125.6097, KL Div: 5.4595
Epoch[18/40], Step [400/518], Reconst Loss: 129.0091, KL Div: 5.3887
Epoch[18/40], Step [500/518], Reconst Loss: 125.6164, KL Div: 5.4259
Epoch[19/40], Step [100/518], Reconst Loss: 129.4930, KL Div: 5.5254
Epoch[19/40], Step [200/518], Reconst Loss: 126.5028, KL Div: 5.7109
Epoch[19/40], Step [300/518], Reconst Loss: 128.0273, KL Div: 5.6486
Epoch[19/40], Step [400/518], Reconst Loss: 123.7007, KL Div: 5.4881
Epoch[19/40], Step [500/518], Reconst Loss: 123.3637, KL Div: 5.6438
Epoch[20/40], Step [100/518], Reconst Loss: 125.9374, KL Div: 5.6482
Epoch[20/40], Step [200/518], Reconst Loss: 130.4611, KL Div: 5.8369
Epoch[20/40], Step [300/518], Reconst Loss: 130.4141, KL Div: 6.0864
Epoch[20/40], Step [400/518], Reconst Loss: 126.9781, KL Div: 5.6932
Epoch[20/40], Step [500/518], Reconst Loss: 126.1360, KL Div: 5.7374
Epoch[21/40], Step [100/518], Reconst Loss: 126.4720, KL Div: 5.7975
Epoch[21/40], Step [200/518], Reconst Loss: 124.2141, KL Div: 5.5912
Epoch[21/40], Step [300/518], Reconst Loss: 125.8622, KL Div: 5.9401
Epoch[21/40], Step [400/518], Reconst Loss: 125.3521, KL Div: 6.0232
Epoch[21/40], Step [500/518], Reconst Loss: 127.5996, KL Div: 5.7231
Epoch[22/40], Step [100/518], Reconst Loss: 127.0712, KL Div: 6.0130
Epoch[22/40], Step [200/518], Reconst Loss: 125.7500, KL Div: 5.8225
Epoch[22/40], Step [300/518], Reconst Loss: 122.0997, KL Div: 5.9366
Epoch[22/40], Step [400/518], Reconst Loss: 125.9638, KL Div: 5.9347
Epoch[22/40], Step [500/518], Reconst Loss: 124.8317, KL Div: 6.0228
Epoch[23/40], Step [100/518], Reconst Loss: 124.3863, KL Div: 6.1343
Epoch[23/40], Step [200/518], Reconst Loss: 119.0712, KL Div: 5.9826
Epoch[23/40], Step [300/518], Reconst Loss: 123.5995, KL Div: 6.1801
Epoch[23/40], Step [400/518], Reconst Loss: 125.7994, KL Div: 6.1515
Epoch[23/40], Step [500/518], Reconst Loss: 127.3549, KL Div: 6.0105
Epoch[24/40], Step [100/518], Reconst Loss: 125.8704, KL Div: 6.1666
Epoch[24/40], Step [200/518], Reconst Loss: 127.4948, KL Div: 6.2965
Epoch[24/40], Step [300/518], Reconst Loss: 126.7130, KL Div: 6.3668
Epoch[24/40], Step [400/518], Reconst Loss: 120.4979, KL Div: 6.2025
Epoch[24/40], Step [500/518], Reconst Loss: 120.0586, KL Div: 6.1499
Epoch[25/40], Step [100/518], Reconst Loss: 126.2900, KL Div: 6.3526
Epoch[25/40], Step [200/518], Reconst Loss: 118.7481, KL Div: 6.3843
Epoch[25/40], Step [300/518], Reconst Loss: 124.3861, KL Div: 6.4079
Epoch[25/40], Step [400/518], Reconst Loss: 126.7016, KL Div: 6.4799
Epoch[25/40], Step [500/518], Reconst Loss: 125.1503, KL Div: 6.3644
Epoch[26/40], Step [100/518], Reconst Loss: 125.0584, KL Div: 6.3681
Epoch[26/40], Step [200/518], Reconst Loss: 122.7442, KL Div: 6.5682
Epoch[26/40], Step [300/518], Reconst Loss: 124.3941, KL Div: 6.5094
Epoch[26/40], Step [400/518], Reconst Loss: 120.7765, KL Div: 6.1850
Epoch[26/40], Step [500/518], Reconst Loss: 123.6343, KL Div: 6.4789
Epoch[27/40], Step [100/518], Reconst Loss: 124.3441, KL Div: 6.6739
Epoch[27/40], Step [200/518], Reconst Loss: 121.3276, KL Div: 6.8591
Epoch[27/40], Step [300/518], Reconst Loss: 122.5830, KL Div: 6.5890
Epoch[27/40], Step [400/518], Reconst Loss: 126.2419, KL Div: 6.8517
Epoch[27/40], Step [500/518], Reconst Loss: 122.1973, KL Div: 6.7497
Epoch[28/40], Step [100/518], Reconst Loss: 120.7570, KL Div: 7.0524
Epoch[28/40], Step [200/518], Reconst Loss: 122.8590, KL Div: 6.8415
Epoch[28/40], Step [300/518], Reconst Loss: 119.3348, KL Div: 6.7380
Epoch[28/40], Step [400/518], Reconst Loss: 122.0427, KL Div: 6.6562
Epoch[28/40], Step [500/518], Reconst Loss: 124.7557, KL Div: 6.6713
Epoch[29/40], Step [100/518], Reconst Loss: 121.2496, KL Div: 6.9050
Epoch[29/40], Step [200/518], Reconst Loss: 122.2991, KL Div: 6.8915
Epoch[29/40], Step [300/518], Reconst Loss: 120.0383, KL Div: 7.0432
Epoch[29/40], Step [400/518], Reconst Loss: 119.7624, KL Div: 6.7788
Epoch[29/40], Step [500/518], Reconst Loss: 125.7355, KL Div: 7.1347
Epoch[30/40], Step [100/518], Reconst Loss: 122.4684, KL Div: 7.0026
Epoch[30/40], Step [200/518], Reconst Loss: 121.7572, KL Div: 7.0788
Epoch[30/40], Step [300/518], Reconst Loss: 119.4568, KL Div: 6.9080
Epoch[30/40], Step [400/518], Reconst Loss: 122.9367, KL Div: 7.2525
Epoch[30/40], Step [500/518], Reconst Loss: 118.8000, KL Div: 6.9623
Epoch[31/40], Step [100/518], Reconst Loss: 121.0950, KL Div: 6.9275
Epoch[31/40], Step [200/518], Reconst Loss: 122.9677, KL Div: 7.4190
Epoch[31/40], Step [300/518], Reconst Loss: 119.3666, KL Div: 6.9502
Epoch[31/40], Step [400/518], Reconst Loss: 117.4163, KL Div: 6.9371
Epoch[31/40], Step [500/518], Reconst Loss: 121.1468, KL Div: 6.8780
Epoch[32/40], Step [100/518], Reconst Loss: 121.1101, KL Div: 7.1589
Epoch[32/40], Step [200/518], Reconst Loss: 124.6542, KL Div: 7.4562
Epoch[32/40], Step [300/518], Reconst Loss: 119.6035, KL Div: 7.1586
Epoch[32/40], Step [400/518], Reconst Loss: 123.2874, KL Div: 7.2381
Epoch[32/40], Step [500/518], Reconst Loss: 119.4333, KL Div: 7.2328
Epoch[33/40], Step [100/518], Reconst Loss: 120.5485, KL Div: 7.1939
Epoch[33/40], Step [200/518], Reconst Loss: 121.2112, KL Div: 7.4142
Epoch[33/40], Step [300/518], Reconst Loss: 119.0430, KL Div: 7.3167
Epoch[33/40], Step [400/518], Reconst Loss: 120.4591, KL Div: 7.3274
Epoch[33/40], Step [500/518], Reconst Loss: 122.2063, KL Div: 7.5635
Epoch[34/40], Step [100/518], Reconst Loss: 123.7020, KL Div: 7.5212
Epoch[34/40], Step [200/518], Reconst Loss: 121.3026, KL Div: 7.7424
Epoch[34/40], Step [300/518], Reconst Loss: 121.4730, KL Div: 7.5879
Epoch[34/40], Step [400/518], Reconst Loss: 116.3388, KL Div: 7.2437
Epoch[34/40], Step [500/518], Reconst Loss: 118.8533, KL Div: 7.5716
Epoch[35/40], Step [100/518], Reconst Loss: 122.2400, KL Div: 7.5712
Epoch[35/40], Step [200/518], Reconst Loss: 119.7124, KL Div: 7.4226
Epoch[35/40], Step [300/518], Reconst Loss: 119.7509, KL Div: 7.5240
Epoch[35/40], Step [400/518], Reconst Loss: 121.1141, KL Div: 7.8174
Epoch[35/40], Step [500/518], Reconst Loss: 120.4729, KL Div: 7.8926
Epoch[36/40], Step [100/518], Reconst Loss: 119.5891, KL Div: 7.5712
Epoch[36/40], Step [200/518], Reconst Loss: 121.0066, KL Div: 7.4759
Epoch[36/40], Step [300/518], Reconst Loss: 117.0409, KL Div: 7.5489
Epoch[36/40], Step [400/518], Reconst Loss: 118.0902, KL Div: 7.6742
Epoch[36/40], Step [500/518], Reconst Loss: 118.8875, KL Div: 7.6209
Epoch[37/40], Step [100/518], Reconst Loss: 116.0645, KL Div: 7.6763
Epoch[37/40], Step [200/518], Reconst Loss: 120.4580, KL Div: 7.8344
Epoch[37/40], Step [300/518], Reconst Loss: 122.2467, KL Div: 7.8674
Epoch[37/40], Step [400/518], Reconst Loss: 117.0531, KL Div: 7.7125
Epoch[37/40], Step [500/518], Reconst Loss: 120.3750, KL Div: 7.7168
Epoch[38/40], Step [100/518], Reconst Loss: 118.0437, KL Div: 8.0198
Epoch[38/40], Step [200/518], Reconst Loss: 121.7645, KL Div: 7.8744
Epoch[38/40], Step [300/518], Reconst Loss: 117.9546, KL Div: 8.0847
Epoch[38/40], Step [400/518], Reconst Loss: 120.6519, KL Div: 7.7948
Epoch[38/40], Step [500/518], Reconst Loss: 118.1216, KL Div: 7.9407
Epoch[39/40], Step [100/518], Reconst Loss: 116.5280, KL Div: 7.6440
Epoch[39/40], Step [200/518], Reconst Loss: 114.6753, KL Div: 7.9276
Epoch[39/40], Step [300/518], Reconst Loss: 115.7228, KL Div: 7.7939
Epoch[39/40], Step [400/518], Reconst Loss: 117.7544, KL Div: 7.8294
Epoch[39/40], Step [500/518], Reconst Loss: 116.5221, KL Div: 7.8497
Epoch[40/40], Step [100/518], Reconst Loss: 115.6854, KL Div: 7.7948
Epoch[40/40], Step [200/518], Reconst Loss: 118.1070, KL Div: 8.0629
Epoch[40/40], Step [300/518], Reconst Loss: 117.9464, KL Div: 8.0695
Epoch[40/40], Step [400/518], Reconst Loss: 119.9853, KL Div: 8.4543
Epoch[40/40], Step [500/518], Reconst Loss: 114.9335, KL Div: 7.9022
============================================================

Topics:
['出价', '加价', '六百', '八百', '三千一', '九百', '大个子', '一千', '七百', '区', '块', '元', '四百', '非常感谢', '三百', '一百', '车', '三千六', '一千五百', '一千五']+++$+++cv:0.6147335190868837+++$+++w2v:0.5532523393630981
['医生', '韦伯', '人命关天', '普外', '头孢', '去找', '病人', '啉', '青霉素', '发电机', '唑', '医师', '泥石流', '冲洗', '镜像', '机车', '诀窍', '大脑', '臭味', '军人']+++$+++cv:0.34281886770468867+++$+++w2v:0.45866066217422485
['死', '杀', '孩子', '恶魔', '地方', '也许', '伙计', '离开', '肯定', '发生', '枪', '回来', '鬼', '记得', '明白', '怪物', '爸爸', '警察', '救', '尸体']+++$+++cv:0.3597696886974583+++$+++w2v:0.48204201459884644
['萎缩性', '丘疹', '治疗', '戊', '肝炎', '病', '恶性', '导致', '孩子', '皮肤', '血管炎', '甲氨蝶呤', '炭疽', '症状', '免疫系统', '紫癜', '过敏性', '例会', '瘤病', '诊断']+++$+++cv:0.37658824472058794+++$+++w2v:0.5035194158554077
['首席', '伴娘', '求婚', '当过', '戒指', '蜜', '莉', '艾蜜莉', '嫁给', '假设', '棒', '突发状况', '轮流', '废话少说', '双', '最高分', '孩子', '结婚', '想都别想', '妻子']+++$+++cv:0.30394383360824073+++$+++w2v:0.4468756318092346
['凶手', '发现', '查理', '死', '局', '肯定', '警察', '杀', '联调', '孩子', '死者', '时间', '写', '调查', '明白', '作家', '也许', '伙计', '博士', '听说']+++$+++cv:0.33090676601583985+++$+++w2v:0.46072450280189514
['钥匙', '住', '喝', '备用', '房间', '家', '公寓', '杯', '墙', '咖啡', '房子', '住在', '拿走', '间', '她家', '进', '冰箱', '地方', '事儿', '弄']+++$+++cv:0.37657317211074814+++$+++w2v:0.46406489610671997
['手术', '谢尔顿谢尔顿', '上帝', '治疗', '爆发力', '脑', '推进', '很强', '肿瘤', '百分之', '就事论事', '地震', '动', '死亡率', '控制', '细胞', '生活', '大脑', '人类', '分裂']+++$+++cv:0.2904664433643338+++$+++w2v:0.44163888692855835
['钱', '这笔', '偷拿', '转账', '党', '同伙', '蓄意谋杀', '借了', '麻烦事', '隐晦', '杀', '长官', '钱存进', '宝箱', '二十一', '激励', '查探', '查理', '发现', '孩子']+++$+++cv:0.2735588230189786+++$+++w2v:0.4377489984035492
['钻石', '公司', '首席', '哈密顿', '永恒', '原话', '关键', '幌子', '制药', '马德森', '核查', '客户', '阿波罗', '视野', '白莲教', '尖峰', '兰', '起草', '研究', '领域']+++$+++cv:0.33362494948269245+++$+++w2v:0.44534268975257874
['孩子', '想要', '父母', '救', '小孩', '死', '妈妈', '也许', '希望', '世界', '生', '听者', '出生', '爸爸', '感觉', '看着', '父亲', '放弃', '情况', '母亲']+++$+++cv:0.41428281885109486+++$+++w2v:0.480375200510025
['杀', '孩子', '死', '发生', '警察', '肯定', '记得', '地方', '离开', '也许', '车', '妈妈', '回来', '手机', '家伙', '家', '女人', '事情', '跟踪', '恶魔']+++$+++cv:0.31046305699560295+++$+++w2v:0.47739315032958984
['放下', '枪', '武器', '逼', '袋鼠', '地上', '纽约', '兔崽子', '水球', '目标', '趴', '基金', '不准', '慌', '手', '人渣', '走后门', '不许', '开枪', '烟草']+++$+++cv:0.4015800660859119+++$+++w2v:0.43870681524276733
['喊声', '作好', '寻找', '哈利路亚', '审判', '忘却', '通通', '烦恼', '魔法', '丢掉', '担忧', '阳光灿烂', '正等待', '天主', '彼岸', '安详', '时代', '潮水', '位', '河流']+++$+++cv:0.7100033737667408+++$+++w2v:0.5110303163528442
['公园', '南方', '好时光', '大车', '淳朴', '乐天知命', '喊着', '小车', '笑口常开', '来到', '大惊小怪', '居民', '友好', '快来', '享受', '自然', '停', '邻居', '随便', '听得']+++$+++cv:0.9368683248095687+++$+++w2v:0.5156457424163818
['圣诞节', '孩子们', '大厨', '圣诞', '孩子', '学校', '钱', '参加', '爱滋', '吸烟', '全职', '萝', '毕业', '礼物', '奖', '妈妈', '童子军', '邀请', '嘉年华', '研究']+++$+++cv:0.32978015849635617+++$+++w2v:0.43498069047927856
['研究', '实验室', '钱', '名字', '肯定', '猫', '食物', '也许', '实验', '动物', '有趣', '写', '想要', '发现', '聪明', '时间', '电脑', '检查', '听说', '没什么']+++$+++cv:0.28860005217117435+++$+++w2v:0.43841975927352905
['手机', '无线网', '占领', '游戏机', '铁', '数据', '电脑', '运动', '控制', '按钮', '摆设', '台', '挥杆', '华尔街', '信号', '时间', '里斯本', '下线', '震动', '葡萄牙']+++$+++cv:0.38808313616988616+++$+++w2v:0.45795097947120667
['医生', '癌症', '炒', '治疗', '病', '肿瘤', '奇斯', '解雇', '确诊', '病人', '诊断', '白血病', '检查', '检测', '病例', '死', '肝脏', '测试', '朴克', '同意']+++$+++cv:0.6113423614479045+++$+++w2v:0.5007935762405396
['病人', '医院', '孩子', '枪', '死', '事情', '也许', '时间', '肯定', '发生', '地方', '想要', '上帝', '希望', '钱', '病', '离开', '明白', '回来', '记录']+++$+++cv:0.26368834797609375+++$+++w2v:0.47077807784080505
['长官', '星际', '之门', '勾阿', '博士', '上校', '华伦', '邬', '回来', '成功', '洞', '侦查', '时间', '小时', '符号', '带回', '提', '代码', '研究', '上尉']+++$+++cv:0.5935061260379132+++$+++w2v:0.503449022769928
['旗帜', '博士', '有趣', '节目', '旗', '背后', '收看', '学', '欢乐', '集', '面', '回忆', '出品', '两面', '首播', '特辑', '直播', '五十二', '知识', '打盹']+++$+++cv:0.5594837298571779+++$+++w2v:0.48346465826034546
['车', '女人', '穿着', '记得', '条', '杀', '夹克', '男人', '地方', '肯定', '家伙', '死', '撞', '也许', '狗', '手机', '衣服', '见过', '钱', '发现']+++$+++cv:0.30856347305147835+++$+++w2v:0.4564359784126282
['猫', '臭臭', '乖乖', '暖暖', '唱', '毛绒球', '小小', '瞌睡', '不在', '观赏', '唱到', '快乐', '养', '讨人喜欢', '小毛', '块', '绒球', '猫砂', '带你去', '一千']+++$+++cv:0.37923087302366065+++$+++w2v:0.5156790018081665
['卢', '用力', '宝宝', '加油', '准备好', '亲爱的', '醒醒', '闪开', '不行', '推', '呼吸', '胎位不正', '秒', '噢', '天哪', '咋办', '宝贝', '冷静', '感觉', '头']+++$+++cv:0.2665079779193352+++$+++w2v:0.4690999984741211
['线索', '手机', '应招', '探长', '有助', '号码', '卓琳', '组', '发现', '肯定', '打电话', '典', '调查', '女士', '登记', '案子', '查', '杀', '练练', '凶手']+++$+++cv:0.4186621109339826+++$+++w2v:0.44746047258377075
['伊娃', '经典电影', '记好', '希区柯克', '时间', '死亡', '真死', '付费', '子弹', '迷魂', '死者', '道夫', '凶手', '发现', '尸体', '钱', '在场', '兰', '扬', '匹配']+++$+++cv:0.22371961674476443+++$+++w2v:0.4621163308620453
['枪', '也许', '肯定', '死', '地方', '孩子', '发生', '发现', '伙计', '时间', '杀', '明白', '事情', '僵尸', '尸体', '家伙', '希望', '钱', '记得', '离开']+++$+++cv:0.31157397989411667+++$+++w2v:0.4693678021430969
['简体', '综艺', '方正', '登陆', '更新', '影视', '始祖', '哒', '禁止', '学习', '商业', '下载', '准', '蝙蝠', '杀', '杀人', '灵魂', '圆', '吸血鬼', '也许']+++$+++cv:0.496911579031023+++$+++w2v:0.44503673911094666
['妮娜', '别跑', '杀', '妈妈', '孩子', '夫人', '法官', '证明', '篮球', '西', '在场', '杀死', '壮', '斯', '板', '谋杀', '回答', '怀疑', '委托人', '晚']+++$+++cv:0.3004710412881892+++$+++w2v:0.43829232454299927
c_v for $VAE_K30_subX_BCE$: 0.4038768837454143
c_w2v for $VAE_K30_subX_BCE$: 0.4703449010848999
c_uci for $VAE_K30_subX_BCE$: -2.740789505633252
c_npmi for $VAE_K30_subX_BCE$: -0.05126388359737576
t_div for $VAE_K30_subX_BCE$: 0.7616666666666667
