VAE(
  (fc1): Linear(in_features=16599, out_features=1024, bias=True)
  (fc2): Linear(in_features=1024, out_features=30, bias=True)
  (fc3): Linear(in_features=1024, out_features=30, bias=True)
  (fc4): Linear(in_features=30, out_features=30, bias=True)
  (fc5): Linear(in_features=30, out_features=1024, bias=True)
  (fc6): Linear(in_features=1024, out_features=16599, bias=True)
)
==============================Loss==============================
Epoch[1/30], Step [100/352], Reconst Loss: 61.2083, KL Div: 16.0842
Epoch[1/30], Step [200/352], Reconst Loss: 51.6792, KL Div: 3.6431
Epoch[1/30], Step [300/352], Reconst Loss: 50.5837, KL Div: 0.0857
Epoch[2/30], Step [100/352], Reconst Loss: 49.4445, KL Div: 0.0232
Epoch[2/30], Step [200/352], Reconst Loss: 49.5955, KL Div: 0.0229
Epoch[2/30], Step [300/352], Reconst Loss: 48.3244, KL Div: 0.0173
Epoch[3/30], Step [100/352], Reconst Loss: 49.5874, KL Div: 0.0146
Epoch[3/30], Step [200/352], Reconst Loss: 49.3826, KL Div: 0.0152
Epoch[3/30], Step [300/352], Reconst Loss: 49.9869, KL Div: 0.0152
Epoch[4/30], Step [100/352], Reconst Loss: 49.8444, KL Div: 0.0148
Epoch[4/30], Step [200/352], Reconst Loss: 49.7388, KL Div: 0.0138
Epoch[4/30], Step [300/352], Reconst Loss: 48.3633, KL Div: 0.0142
Epoch[5/30], Step [100/352], Reconst Loss: 49.9108, KL Div: 0.0134
Epoch[5/30], Step [200/352], Reconst Loss: 48.7100, KL Div: 0.0165
Epoch[5/30], Step [300/352], Reconst Loss: 49.0076, KL Div: 0.0179
Epoch[6/30], Step [100/352], Reconst Loss: 49.9832, KL Div: 0.0327
Epoch[6/30], Step [200/352], Reconst Loss: 48.5323, KL Div: 0.0867
Epoch[6/30], Step [300/352], Reconst Loss: 48.8716, KL Div: 0.1896
Epoch[7/30], Step [100/352], Reconst Loss: 49.5448, KL Div: 0.3554
Epoch[7/30], Step [200/352], Reconst Loss: 48.3531, KL Div: 0.3959
Epoch[7/30], Step [300/352], Reconst Loss: 48.1239, KL Div: 0.4806
Epoch[8/30], Step [100/352], Reconst Loss: 47.2171, KL Div: 0.6087
Epoch[8/30], Step [200/352], Reconst Loss: 48.0735, KL Div: 0.7573
Epoch[8/30], Step [300/352], Reconst Loss: 48.0595, KL Div: 0.7890
Epoch[9/30], Step [100/352], Reconst Loss: 47.2755, KL Div: 0.8055
Epoch[9/30], Step [200/352], Reconst Loss: 46.4775, KL Div: 0.8886
Epoch[9/30], Step [300/352], Reconst Loss: 47.0482, KL Div: 0.9265
Epoch[10/30], Step [100/352], Reconst Loss: 46.3598, KL Div: 1.1447
Epoch[10/30], Step [200/352], Reconst Loss: 47.5827, KL Div: 1.2249
Epoch[10/30], Step [300/352], Reconst Loss: 45.7547, KL Div: 1.2619
Epoch[11/30], Step [100/352], Reconst Loss: 45.9626, KL Div: 1.2042
Epoch[11/30], Step [200/352], Reconst Loss: 46.3875, KL Div: 1.3184
Epoch[11/30], Step [300/352], Reconst Loss: 45.7497, KL Div: 1.4219
Epoch[12/30], Step [100/352], Reconst Loss: 46.3740, KL Div: 1.3677
Epoch[12/30], Step [200/352], Reconst Loss: 44.7953, KL Div: 1.5824
Epoch[12/30], Step [300/352], Reconst Loss: 45.2821, KL Div: 1.6045
Epoch[13/30], Step [100/352], Reconst Loss: 44.6993, KL Div: 1.8287
Epoch[13/30], Step [200/352], Reconst Loss: 45.1743, KL Div: 1.8567
Epoch[13/30], Step [300/352], Reconst Loss: 44.5500, KL Div: 1.9291
Epoch[14/30], Step [100/352], Reconst Loss: 44.0074, KL Div: 2.1141
Epoch[14/30], Step [200/352], Reconst Loss: 44.0609, KL Div: 2.1869
Epoch[14/30], Step [300/352], Reconst Loss: 44.1690, KL Div: 2.1227
Epoch[15/30], Step [100/352], Reconst Loss: 42.9679, KL Div: 2.3240
Epoch[15/30], Step [200/352], Reconst Loss: 43.4218, KL Div: 2.2093
Epoch[15/30], Step [300/352], Reconst Loss: 43.1377, KL Div: 2.2708
Epoch[16/30], Step [100/352], Reconst Loss: 42.7679, KL Div: 2.4722
Epoch[16/30], Step [200/352], Reconst Loss: 42.8373, KL Div: 2.4170
Epoch[16/30], Step [300/352], Reconst Loss: 43.0250, KL Div: 2.5040
Epoch[17/30], Step [100/352], Reconst Loss: 42.0717, KL Div: 2.4284
Epoch[17/30], Step [200/352], Reconst Loss: 42.1984, KL Div: 2.5896
Epoch[17/30], Step [300/352], Reconst Loss: 42.3195, KL Div: 2.6245
Epoch[18/30], Step [100/352], Reconst Loss: 42.7113, KL Div: 2.5855
Epoch[18/30], Step [200/352], Reconst Loss: 42.0815, KL Div: 2.6208
Epoch[18/30], Step [300/352], Reconst Loss: 42.0513, KL Div: 2.7079
Epoch[19/30], Step [100/352], Reconst Loss: 42.2419, KL Div: 2.7099
Epoch[19/30], Step [200/352], Reconst Loss: 42.3862, KL Div: 2.8525
Epoch[19/30], Step [300/352], Reconst Loss: 42.1326, KL Div: 2.7544
Epoch[20/30], Step [100/352], Reconst Loss: 42.6624, KL Div: 2.8140
Epoch[20/30], Step [200/352], Reconst Loss: 41.2431, KL Div: 2.8109
Epoch[20/30], Step [300/352], Reconst Loss: 42.3236, KL Div: 2.8855
Epoch[21/30], Step [100/352], Reconst Loss: 43.0101, KL Div: 2.9193
Epoch[21/30], Step [200/352], Reconst Loss: 41.6879, KL Div: 2.8740
Epoch[21/30], Step [300/352], Reconst Loss: 40.4874, KL Div: 2.9820
Epoch[22/30], Step [100/352], Reconst Loss: 42.0314, KL Div: 2.9765
Epoch[22/30], Step [200/352], Reconst Loss: 41.4809, KL Div: 2.9137
Epoch[22/30], Step [300/352], Reconst Loss: 41.5906, KL Div: 3.0037
Epoch[23/30], Step [100/352], Reconst Loss: 41.8127, KL Div: 3.0205
Epoch[23/30], Step [200/352], Reconst Loss: 41.2347, KL Div: 2.9785
Epoch[23/30], Step [300/352], Reconst Loss: 41.0783, KL Div: 3.0650
Epoch[24/30], Step [100/352], Reconst Loss: 41.8190, KL Div: 3.0850
Epoch[24/30], Step [200/352], Reconst Loss: 40.8009, KL Div: 3.0532
Epoch[24/30], Step [300/352], Reconst Loss: 40.7423, KL Div: 3.1215
Epoch[25/30], Step [100/352], Reconst Loss: 40.6567, KL Div: 3.1850
Epoch[25/30], Step [200/352], Reconst Loss: 41.2954, KL Div: 3.1731
Epoch[25/30], Step [300/352], Reconst Loss: 40.8592, KL Div: 3.1821
Epoch[26/30], Step [100/352], Reconst Loss: 40.2215, KL Div: 3.3009
Epoch[26/30], Step [200/352], Reconst Loss: 40.3702, KL Div: 3.2414
Epoch[26/30], Step [300/352], Reconst Loss: 40.7620, KL Div: 3.2601
Epoch[27/30], Step [100/352], Reconst Loss: 41.2128, KL Div: 3.3081
Epoch[27/30], Step [200/352], Reconst Loss: 40.0606, KL Div: 3.2738
Epoch[27/30], Step [300/352], Reconst Loss: 41.0261, KL Div: 3.3584
Epoch[28/30], Step [100/352], Reconst Loss: 41.1333, KL Div: 3.4086
Epoch[28/30], Step [200/352], Reconst Loss: 39.7552, KL Div: 3.4716
Epoch[28/30], Step [300/352], Reconst Loss: 40.2418, KL Div: 3.4806
Epoch[29/30], Step [100/352], Reconst Loss: 39.3365, KL Div: 3.4304
Epoch[29/30], Step [200/352], Reconst Loss: 40.3387, KL Div: 3.4302
Epoch[29/30], Step [300/352], Reconst Loss: 39.7014, KL Div: 3.5321
Epoch[30/30], Step [100/352], Reconst Loss: 39.3294, KL Div: 3.5564
Epoch[30/30], Step [200/352], Reconst Loss: 39.3568, KL Div: 3.6270
Epoch[30/30], Step [300/352], Reconst Loss: 40.1016, KL Div: 3.6026
============================================================

Topics:
['游戏', '称', '中国', '互联网', '美国', '合作', '全球', '发展', 'CEO', '基金', '网站', '网络', '网游', '留学', '谷歌', '经济', '企业', '投资', '市场', '增长']+++$+++cv:0.288211558454075+++$+++w2v:0.6873437166213989
['录取', '查询', '批', '志愿', '专科', '开通', '公布', '分数线', '本科', '成绩', '投档', '高招', '院校', '提前批', '7月', '初试', '最低', '征集', '网上', '北京']+++$+++cv:0.5187184787490617+++$+++w2v:0.8214351534843445
['称', '公司', '手机', '网络', '网站', '游戏', '美国', '开发商', '美元', '员工', '起诉', '苹果', '日本', '案', '用户', '北京', '家', '谷歌', '元', '英国']+++$+++cv:0.24740731969495317+++$+++w2v:0.6595078706741333
['游戏', '基金', '苹果', '用户', 'iPhone', '手机', '谷歌', '收购', '微软', '上市', '业务', 'CEO', '网络', '网站', '中国', '称', '投资', '平台', '市场', '全球']+++$+++cv:0.3038343920591985+++$+++w2v:0.7192553281784058
['神', '公告', 'online', '服', 'OL', '劫', '诛', '更新', '网游', '服务器', '贰', '手游', '新', '梦幻', '奖励', '活动', '九州', 'ol', '仙', '送']+++$+++cv:0.4479489676829279+++$+++w2v:0.8223615884780884
['沪', '指', '评', '收', '快讯', '基', '跌', '期市', '涨', '两市', '午', '震荡', '全线', '期货', '回落', '铜', '强势', '反弹', '商品', '冲高']+++$+++cv:0.7011709363646352+++$+++w2v:0.8392801284790039
['称', '美国', '总统', '回应', '日本', '赵本山', '游戏', '中国', '朝鲜', '媒体', '网络', '出席', '否认', '微博', '马英九', '访问', '陈水扁', '韩国', '图文', '春晚']+++$+++cv:0.31367208020783555+++$+++w2v:0.6688258051872253
['游戏', '称', '代言', '网络', '网站', '图文', '微博', '日本', '曝', '出席', '电影', '玩家', '回应', '手机', '广告', '否认', '世界', '赵本山', '中国', '成龙']+++$+++cv:0.22221703943530416+++$+++w2v:0.6394703388214111
['游戏', '苹果', '微软', 'iPhone', '谷歌', '手机', '用户', '平台', '网站', '公布', '上市', '社交', '网游', '基金', '中国', '发布', '称', 'CEO', '网络', '全球']+++$+++cv:0.3286241080062917+++$+++w2v:0.7231384515762329
['公布', '中国', '刺客', '届', '发展', '新浪', '突击', '揭晓', '信条', '模式', '评选', '名单', '大会', '游戏', '年度', '足球', '电竞', '论坛', '开幕', '分析']+++$+++cv:0.37213703352803484+++$+++w2v:0.7420563101768494
['司机', '逃逸', '肇事', '驾车', '伤', '撞', '死', '拖行', '警车', '遭', '撞死', '乘客', '驾驶', '撞人', '交警', '碾压', '出租车', '醉酒', '酒后', '轿车']+++$+++cv:0.6146756036770181+++$+++w2v:0.9105216264724731
['结婚', '称', '女儿', '曝', '张柏芝', '否认', '男友', '自曝', '儿子', '老公', '谢霆锋', '女', '赵薇', '遭', '怀孕', '刘德华', '指', '微博', '绯闻', '网友']+++$+++cv:0.31652616053355703+++$+++w2v:0.7708910703659058
['结婚', '男友', '女儿', '老公', '女友', '张柏芝', '怀孕', '拍', '女', '女子', '男子', '曝', '儿子', '元', '图', '称', '前男友', '自曝', '离婚', '否认']+++$+++cv:0.3415471954870565+++$+++w2v:0.745202898979187
['称', '网站', '游戏', '网络', '谷歌', '用户', '公司', '手机', '收购', '美国', '美元', '苹果', 'CEO', 'Facebook', '社交', '拟', '图文', '日本', '微软', '基金']+++$+++cv:0.37134998848137896+++$+++w2v:0.7046770453453064
['称', '网站', '公司', '网络', '手机', '美元', '美国', '案', '谷歌', '用户', '家', '拟', '开发商', '收购', '游戏', '日本', '获', '苹果', '遭', '银行']+++$+++cv:0.18315253898994774+++$+++w2v:0.643593430519104
['图', '组', '写真', '秀', '性感', '优雅', '气质', '亮相', '拍', '时尚', '出席', '身材', '尽显', '曝光', '造型', '展', '献', '显', '唱', '现身']+++$+++cv:0.5972670227570506+++$+++w2v:0.8187241554260254
['图', '组', '拍', '老公', '结婚', '女友', '元', '男友', '曝', '自曝', '女', '婚礼', '男子', '否认', '粉丝', '曝光', '称', '代言', '性感', '赵薇']+++$+++cv:0.32313654404698366+++$+++w2v:0.7092271447181702
['游戏', '苹果', '谷歌', '用户', 'iPhone', '网站', '微软', '手机', '称', '网络', '社交', 'CEO', '收购', '网游', '美元', '公司', 'Facebook', 'iPad', '平台', '上市']+++$+++cv:0.3612961015282858+++$+++w2v:0.7769085168838501
['图', '组', '拍', '性感', '代言', '老公', '个唱', '秀', '亮相', '粉丝', '自曝', '出席', '写真', '造型', '婚礼', '赵薇', '结婚', '演', '男友', 'MV']+++$+++cv:0.3996137330667754+++$+++w2v:0.8128129839897156
['基金', '分红', '经理', '债券', '证监会', '元', '华夏', '老鼠仓', '旗下', '贷款', '理财', '贷', '二套房', '赎回', '银行', '专户', '收益', '客户', '申购', '研究生']+++$+++cv:0.3940688990706341+++$+++w2v:0.8033273816108704
['主帅', '国足', '足协', '球迷', '训练', '球队', '姚明', '裁判', '称', '球员', '国安', '火箭', '转会', '教练', '成', '巴萨', '皇马', '男篮', '高洪波', '踢']+++$+++cv:0.3463113807268582+++$+++w2v:0.8289081454277039
['胡锦涛', '峰会', '会见', '出席', '会议', '经济', '访问', '会谈', '和平', '发表', '总统', '杨洁篪', '合作', '称', '发展', '中美', '朝鲜', '两岸', '对话', '温家宝']+++$+++cv:0.2827022116828616+++$+++w2v:0.8330461382865906
['称', '春晚', '赵本山', '出席', '中国', '总统', '游戏', '微博', '媒体', '日本', '公布', '评', '节目', '访问', '韩国', '图文', '谈', '美国', '韩', '回应']+++$+++cv:0.2821035065657509+++$+++w2v:0.6465023756027222
['米兰', '破门', '分', 'AC', '半场', '战报', '客场', '意甲', '首发', '英媒', '评分', '曼联', '球', '阿森纳', '绝杀', '胜', '利物浦', '助攻', '新', '英超']+++$+++cv:0.4644987981752332+++$+++w2v:0.8534554243087769
['春晚', '称', '赵本山', '姚明', '复出', '足球', '谈', '足协', '中国', '回应', '球迷', '媒体', '观众', '否认', '节目', '火箭', '成', '主持', '球员', '训练']+++$+++cv:0.21474548836494772+++$+++w2v:0.6943425536155701
['称', '游戏', '美国', '网络', '网站', '日本', '回应', '公司', '中国', '图文', '否认', '微博', '出席', '赵本山', '代言', '收购', '成', '明星', '遭', '谷歌']+++$+++cv:0.17910238671175246+++$+++w2v:0.6063064336776733
['称', '总统', '陈水扁', '总理', '朝鲜', '美国', '访问', '媒体', '伊朗', '案', '马英九', '外交部', '日本', '发射', '韩国', '俄', '政府', '胡锦涛', '遭', '选举']+++$+++cv:0.2779920014700818+++$+++w2v:0.7756441831588745
['ATM', '元', '银行', '地震', '获', '发生', '储户', '万元', '级', '刑', '信用卡', '男子', '机', '盗走', '余', '取款', '失主', '银行卡', '取走', '现金']+++$+++cv:0.3913487662029803+++$+++w2v:0.7507184147834778
['折', '售', '平起', '享', '可享', '别墅', '居', '全款', '独栋', '现房', '均价', '顺义', '居在', '推', '通州', '平米', '优惠', '叠', '醍', '拼']+++$+++cv:0.8230235827074847+++$+++w2v:0.8894017934799194
['基金', '增长', '业绩', '投资', '基', '股', '业务', '盈利', '同比', '市场', '房价', '美元', '收购', '拟', '上市', '股权', '楼市', '中国', '评级', '公司']+++$+++cv:0.2663806862138381+++$+++w2v:0.7026200294494629
c_v for $VAE_K30_cnews_BCE$: 0.3724928170214265
c_w2v for $VAE_K30_cnews_BCE$: 0.7533168792724609
c_uci for $VAE_K30_cnews_BCE$: -1.5053982733902929
c_npmi for $VAE_K30_cnews_BCE$: 0.010416687827906699
t_div for $VAE_K30_cnews_BCE$: 0.55
