VAE(
  (fc1): Linear(in_features=12567, out_features=1024, bias=True)
  (fc2): Linear(in_features=1024, out_features=40, bias=True)
  (fc3): Linear(in_features=1024, out_features=40, bias=True)
  (fc4): Linear(in_features=40, out_features=40, bias=True)
  (fc5): Linear(in_features=40, out_features=1024, bias=True)
  (fc6): Linear(in_features=1024, out_features=12567, bias=True)
)
==============================Loss==============================
Epoch[1/100], Step [100/105], Reconst Loss: 116.3319, KL Div: 17.5782
Epoch[2/100], Step [100/105], Reconst Loss: 100.9833, KL Div: 5.4992
Epoch[3/100], Step [100/105], Reconst Loss: 98.1135, KL Div: 0.2993
Epoch[4/100], Step [100/105], Reconst Loss: 96.8785, KL Div: 0.1538
Epoch[5/100], Step [100/105], Reconst Loss: 96.7164, KL Div: 0.1948
Epoch[6/100], Step [100/105], Reconst Loss: 98.7128, KL Div: 0.2073
Epoch[7/100], Step [100/105], Reconst Loss: 99.3935, KL Div: 0.2349
Epoch[8/100], Step [100/105], Reconst Loss: 98.6272, KL Div: 0.2474
Epoch[9/100], Step [100/105], Reconst Loss: 98.1382, KL Div: 0.3128
Epoch[10/100], Step [100/105], Reconst Loss: 94.8199, KL Div: 0.3829
Epoch[11/100], Step [100/105], Reconst Loss: 97.5274, KL Div: 0.3257
Epoch[12/100], Step [100/105], Reconst Loss: 98.2236, KL Div: 0.3937
Epoch[13/100], Step [100/105], Reconst Loss: 99.3356, KL Div: 0.4485
Epoch[14/100], Step [100/105], Reconst Loss: 93.6023, KL Div: 0.4751
Epoch[15/100], Step [100/105], Reconst Loss: 98.4500, KL Div: 0.6796
Epoch[16/100], Step [100/105], Reconst Loss: 94.1514, KL Div: 0.7803
Epoch[17/100], Step [100/105], Reconst Loss: 99.0142, KL Div: 0.8409
Epoch[18/100], Step [100/105], Reconst Loss: 96.1739, KL Div: 0.8571
Epoch[19/100], Step [100/105], Reconst Loss: 95.9772, KL Div: 0.9293
Epoch[20/100], Step [100/105], Reconst Loss: 98.8091, KL Div: 0.9813
Epoch[21/100], Step [100/105], Reconst Loss: 95.6679, KL Div: 1.1375
Epoch[22/100], Step [100/105], Reconst Loss: 96.6751, KL Div: 1.0783
Epoch[23/100], Step [100/105], Reconst Loss: 98.5145, KL Div: 1.2604
Epoch[24/100], Step [100/105], Reconst Loss: 96.6378, KL Div: 1.3377
Epoch[25/100], Step [100/105], Reconst Loss: 93.4401, KL Div: 1.4180
Epoch[26/100], Step [100/105], Reconst Loss: 93.8618, KL Div: 1.3990
Epoch[27/100], Step [100/105], Reconst Loss: 96.0183, KL Div: 1.5209
Epoch[28/100], Step [100/105], Reconst Loss: 96.0084, KL Div: 1.5657
Epoch[29/100], Step [100/105], Reconst Loss: 91.6742, KL Div: 1.4357
Epoch[30/100], Step [100/105], Reconst Loss: 94.0933, KL Div: 1.5506
Epoch[31/100], Step [100/105], Reconst Loss: 94.6374, KL Div: 1.6215
Epoch[32/100], Step [100/105], Reconst Loss: 90.7412, KL Div: 1.6380
Epoch[33/100], Step [100/105], Reconst Loss: 92.3892, KL Div: 1.8066
Epoch[34/100], Step [100/105], Reconst Loss: 91.5563, KL Div: 1.7952
Epoch[35/100], Step [100/105], Reconst Loss: 94.6834, KL Div: 1.7772
Epoch[36/100], Step [100/105], Reconst Loss: 91.6730, KL Div: 1.8149
Epoch[37/100], Step [100/105], Reconst Loss: 92.8681, KL Div: 1.9469
Epoch[38/100], Step [100/105], Reconst Loss: 92.8081, KL Div: 2.0233
Epoch[39/100], Step [100/105], Reconst Loss: 94.2037, KL Div: 2.0907
Epoch[40/100], Step [100/105], Reconst Loss: 92.3517, KL Div: 2.2292
Epoch[41/100], Step [100/105], Reconst Loss: 91.7543, KL Div: 2.2125
Epoch[42/100], Step [100/105], Reconst Loss: 89.3661, KL Div: 2.2852
Epoch[43/100], Step [100/105], Reconst Loss: 92.8727, KL Div: 2.2227
Epoch[44/100], Step [100/105], Reconst Loss: 93.3203, KL Div: 2.3366
Epoch[45/100], Step [100/105], Reconst Loss: 89.6868, KL Div: 2.4835
Epoch[46/100], Step [100/105], Reconst Loss: 91.3068, KL Div: 2.5276
Epoch[47/100], Step [100/105], Reconst Loss: 94.4177, KL Div: 2.5710
Epoch[48/100], Step [100/105], Reconst Loss: 92.8269, KL Div: 2.6580
Epoch[49/100], Step [100/105], Reconst Loss: 89.0202, KL Div: 2.5168
Epoch[50/100], Step [100/105], Reconst Loss: 88.0402, KL Div: 2.5820
Epoch[51/100], Step [100/105], Reconst Loss: 91.3284, KL Div: 2.7534
Epoch[52/100], Step [100/105], Reconst Loss: 92.3265, KL Div: 2.7210
Epoch[53/100], Step [100/105], Reconst Loss: 91.3571, KL Div: 2.7091
Epoch[54/100], Step [100/105], Reconst Loss: 90.0495, KL Div: 2.7962
Epoch[55/100], Step [100/105], Reconst Loss: 91.0546, KL Div: 2.8514
Epoch[56/100], Step [100/105], Reconst Loss: 90.8244, KL Div: 2.8525
Epoch[57/100], Step [100/105], Reconst Loss: 90.2839, KL Div: 2.7811
Epoch[58/100], Step [100/105], Reconst Loss: 90.2414, KL Div: 2.9341
Epoch[59/100], Step [100/105], Reconst Loss: 89.8513, KL Div: 2.9380
Epoch[60/100], Step [100/105], Reconst Loss: 89.1450, KL Div: 2.9857
Epoch[61/100], Step [100/105], Reconst Loss: 91.2350, KL Div: 3.0549
Epoch[62/100], Step [100/105], Reconst Loss: 88.3934, KL Div: 2.9809
Epoch[63/100], Step [100/105], Reconst Loss: 93.9751, KL Div: 3.0871
Epoch[64/100], Step [100/105], Reconst Loss: 88.5849, KL Div: 3.0198
Epoch[65/100], Step [100/105], Reconst Loss: 88.1162, KL Div: 3.1376
Epoch[66/100], Step [100/105], Reconst Loss: 86.7991, KL Div: 3.0468
Epoch[67/100], Step [100/105], Reconst Loss: 89.0557, KL Div: 3.0752
Epoch[68/100], Step [100/105], Reconst Loss: 87.0563, KL Div: 3.0991
Epoch[69/100], Step [100/105], Reconst Loss: 86.7297, KL Div: 3.1792
Epoch[70/100], Step [100/105], Reconst Loss: 88.6213, KL Div: 3.2197
Epoch[71/100], Step [100/105], Reconst Loss: 90.7816, KL Div: 3.1807
Epoch[72/100], Step [100/105], Reconst Loss: 89.2460, KL Div: 3.1788
Epoch[73/100], Step [100/105], Reconst Loss: 89.4411, KL Div: 3.4143
Epoch[74/100], Step [100/105], Reconst Loss: 87.9791, KL Div: 3.2515
Epoch[75/100], Step [100/105], Reconst Loss: 89.3870, KL Div: 3.3000
Epoch[76/100], Step [100/105], Reconst Loss: 89.1812, KL Div: 3.3067
Epoch[77/100], Step [100/105], Reconst Loss: 88.6625, KL Div: 3.2204
Epoch[78/100], Step [100/105], Reconst Loss: 89.3470, KL Div: 3.5459
Epoch[79/100], Step [100/105], Reconst Loss: 85.8226, KL Div: 3.3501
Epoch[80/100], Step [100/105], Reconst Loss: 91.5087, KL Div: 3.4288
Epoch[81/100], Step [100/105], Reconst Loss: 89.3629, KL Div: 3.3857
Epoch[82/100], Step [100/105], Reconst Loss: 85.9417, KL Div: 3.4779
Epoch[83/100], Step [100/105], Reconst Loss: 88.4465, KL Div: 3.5224
Epoch[84/100], Step [100/105], Reconst Loss: 87.9551, KL Div: 3.4317
Epoch[85/100], Step [100/105], Reconst Loss: 87.1454, KL Div: 3.3890
Epoch[86/100], Step [100/105], Reconst Loss: 87.4282, KL Div: 3.5348
Epoch[87/100], Step [100/105], Reconst Loss: 88.0574, KL Div: 3.6271
Epoch[88/100], Step [100/105], Reconst Loss: 89.5359, KL Div: 3.6098
Epoch[89/100], Step [100/105], Reconst Loss: 88.8956, KL Div: 3.7234
Epoch[90/100], Step [100/105], Reconst Loss: 88.8962, KL Div: 3.6926
Epoch[91/100], Step [100/105], Reconst Loss: 85.1110, KL Div: 3.5252
Epoch[92/100], Step [100/105], Reconst Loss: 87.1902, KL Div: 3.6347
Epoch[93/100], Step [100/105], Reconst Loss: 83.6199, KL Div: 3.6458
Epoch[94/100], Step [100/105], Reconst Loss: 88.6675, KL Div: 3.5727
Epoch[95/100], Step [100/105], Reconst Loss: 85.9426, KL Div: 3.5758
Epoch[96/100], Step [100/105], Reconst Loss: 87.6899, KL Div: 3.6873
Epoch[97/100], Step [100/105], Reconst Loss: 87.8439, KL Div: 3.7870
Epoch[98/100], Step [100/105], Reconst Loss: 85.8234, KL Div: 3.8009
Epoch[99/100], Step [100/105], Reconst Loss: 86.8707, KL Div: 3.8686
Epoch[100/100], Step [100/105], Reconst Loss: 87.9308, KL Div: 3.8587
============================================================

Topics:
['约会', '开心', '女人', '男人', '结婚', '分手', '同居', '妈', '孩子', '今晚', '住', '希望', '求婚', '亲爱的', '爸', '感觉', '上床', '交往', '睡', '懂']+++$+++cv:0.31886755481223067+++$+++w2v:0.47610193490982056
['纽约', '警局', '放下', '警察', '双手', '武器', '把手', '趴下', '手', '举起手来', '不许动', '枪', '举起', '地上', '站住', '别动', '快点', '亮出', '开门', '救命']+++$+++cv:0.579900992274972+++$+++w2v:0.5281096696853638
['开心', '求婚', '亲', '约会', '艾蜜莉', '晚安', '亲爱的', '太好了', '结婚', '祝', '分手', '交往', '今晚', '接吻', '吻', '没关系', '同居', '好啦', '还好', '希望']+++$+++cv:0.23424970224549863+++$+++w2v:0.4898378849029541
['孩子', '宝宝', '猫', '感觉', '男人', '生', '妈', '约会', '女人', '气', '希望', '快乐', '感情', '感到', '上床', '开心', '分手', '妈妈', '事情', '关系']+++$+++cv:0.2766067798005292+++$+++w2v:0.46501511335372925
['猫', '生活', '病人', '上帝', '实验', '医生', '研究', '宇宙', '药', '感到', '时间', '也许', '改变', '科学', '孩子', '人类', '博士', '理论', '病例', '写']+++$+++cv:0.26550094525576856+++$+++w2v:0.44698792695999146
['猫', '男人', '女人', '妈', '约会', '孩子', '住', '气', '开心', '感觉', '生', '也许', '印度', '话题', '床', '希望', '华仔', '上床', '快乐', '小桂子']+++$+++cv:0.24909811654447558+++$+++w2v:0.4487634301185608
['约会', '结婚', '今晚', '住', '开心', '女人', '男人', '妈', '分手', '婚礼', '求婚', '希望', '记得', '亲爱的', '爸', '家', '回来', '什么事', '打电话', '同居']+++$+++cv:0.30862444797102745+++$+++w2v:0.4689866006374359
['猫', '感情', '旗帜', '孩子', '事情', '医生', '改变', '生活', '病人', '世界', '关系', '婚姻', '希望', '感到', '妈', '接受', '死', '想要', '钱', '父亲']+++$+++cv:0.29612291713474836+++$+++w2v:0.4379725456237793
['约会', '喝', '亲', '开心', '宝宝', '咖啡', '睡', '艾蜜莉', '没关系', '生日快乐', '求婚', '搬', '可爱', '今晚', '太好了', '女生', '亲爱的', '住', '小鸡', '吻']+++$+++cv:0.297376053780541+++$+++w2v:0.46994027495384216
['女人', '男人', '结婚', '今晚', '约会', '希望', '写', '也许', '时间', '求婚', '关系', '钱', '事情', '孩子', '发现', '想要', '晚上', '妈', '开心', '住']+++$+++cv:0.2084759856487636+++$+++w2v:0.44431424140930176
['喝', '浴缸', '黄油', '肉桂', '山顶', '粪便', '牛奶', '糖浆', '宣告', '热', '咖啡', '味道', '乳糖', '放在', '冰箱', '可可', '虫子', '治', '醋', '水']+++$+++cv:0.45096582011736996+++$+++w2v:0.4773047864437103
['旗帜', '博士', '有趣', '收看', '剪刀', '节目', '星际', '雷神', '蜥蜴', '石头', '出品', '集', '迷航', '布', '妾', '知识', '君', '星', '问答', '旗']+++$+++cv:0.348741511689779+++$+++w2v:0.5088723301887512
['导致', '症状', '感染', '心脏', '解释', '排除', '病', '抗体', '血管', '治疗', '免疫', '自体', '疾病', '攻击', '癌症', '紫癜', '发现', '血液', '性', '肺']+++$+++cv:0.7364795016500217+++$+++w2v:0.5386887788772583
['约会', '结婚', '今晚', '求婚', '住', '开心', '艾蜜莉', '婚礼', '亲爱的', '分手', '太好了', '爸', '同居', '妈', '记得', '女生', '女人', '很棒', '回来', '打电话']+++$+++cv:0.3188802504955236+++$+++w2v:0.47594156861305237
['约会', '结婚', '住', '开心', '今晚', '分手', '回来', '什么事', '亲爱的', '婚礼', '妈', '记得', '打电话', '希望', '爸', '昨晚', '见到', '发生', '家', '女人']+++$+++cv:0.2926429246369488+++$+++w2v:0.4638144373893738
['组', '指纹', '鉴证', '发现', '凶手', '血迹', '时间', '货车', '车', '留下', '痕迹', '辆', '衣服', '钱包', '死亡', '手套', '鞋', '死者', '监控', '被害人']+++$+++cv:0.5358989246184832+++$+++w2v:0.4940583109855652
['孩子', '感情', '分手', '希望', '事情', '结婚', '约会', '妈', '男人', '关系', '女人', '猫', '婚姻', '开心', '道歉', '改变', '生活', '宝宝', '想要', '医生']+++$+++cv:0.2688078168752244+++$+++w2v:0.4619951844215393
['猫', '臭臭', '乖乖', '毛绒球', '暖暖', '小小', '唱', '瞌睡', '快乐', '猫猫', '养', '块', '戒指', '从头开始', '派对', '讨人喜欢', '叫声', '观赏', '礼物', '一千']+++$+++cv:0.36045209941106837+++$+++w2v:0.5021947622299194
['感情', '孩子', '医生', '猫', '病人', '生活', '改变', '事情', '希望', '感到', '关系', '婚姻', '世界', '害怕', '妈妈', '是因为', '想要', '接受', '关心', '分手']+++$+++cv:0.2856879061925536+++$+++w2v:0.453026682138443
['约会', '男人', '女人', '妈', '开心', '结婚', '同居', '孩子', '分手', '住', '希望', '今晚', '感情', '爸', '上床', '求婚', '快乐', '婚姻', '室友', '第一']+++$+++cv:0.35583644186024643+++$+++w2v:0.47676795721054077
['晚安', '小宇宙', '主宰', '拜', '心肝', '火花', '求婚', '尽兴', '擦出', '扑克', '燕尾服', '祝', '恶劣', '好运', '手鼓', '闪光', '胡', '脱衣', '古怪', '愉快']+++$+++cv:0.5340872601694936+++$+++w2v:0.4540165066719055
['占领', '华尔街', '钱', '账户', '美元', '银行', '娜蒂', '现金', '一万', '礼宾', '美金', '块', '画', '开户', '发现', '这笔', '五千', '那幅', '帐户', '公司']+++$+++cv:0.3841787285932795+++$+++w2v:0.49665480852127075
['约会', '结婚', '今晚', '住', '妈', '开心', '婚礼', '女人', '参加', '写', '试镜', '亲爱的', '男人', '希望', '爸', '记得', '送', '求婚', '时间', '礼物']+++$+++cv:0.2748363855396567+++$+++w2v:0.4589484632015228
['宝宝', '喝', '老鼠', '咖啡', '抱', '宝贝', '杯', '手鼓', '果汁', '吼', '冰块', '出生', '噢', '亲', '再来', '踢', '天哪', '用力', '抽烟', '小鸡']+++$+++cv:0.46319067717839557+++$+++w2v:0.44650739431381226
['生活', '凶手', '大爆炸', '病人', '晚安', '川崎', '治疗', '身手', '计时', '线索', '医生', '时间', '被捕', '有别', '僵尸', '天内', '上帝', '杀', '杀人', '肿瘤']+++$+++cv:0.4413573714019833+++$+++w2v:0.4196987748146057
['纽约', '旗帜', '警局', '钱', '杀', '关系', '事情', '死', '节目', '发现', '写', '丈夫', '父亲', '孩子', '警察', '案子', '肯定', '发生', '调查', '律师']+++$+++cv:0.3521424096719418+++$+++w2v:0.4551398754119873
['写', '猫', '生活', '研究', '博士', '世界', '病人', '发现', '钱', '肯定', '也许', '医生', '纽约', '故事', '小说', '改变', '时间', '位', '委员会', '参加']+++$+++cv:0.20414448807333763+++$+++w2v:0.42191237211227417
['充电', '闪开', '脉搏', '室颤', '卢', '离手', '毫克', '呼吸', '加油', '肾上腺素', '让开', '心率', '推', '心跳', 'Derek', '注射', '血压', '插管', '气管', '毫升']+++$+++cv:0.37914428743656686+++$+++w2v:0.5395656228065491
['病人', '医生', '猫', '病例', '孩子', '生活', '改变', '死', '世界', '旗帜', '父亲', '事情', '感情', '委员会', '撒谎', '接受', '想要', 'Wilson', '医院', '生命']+++$+++cv:0.3050277032070564+++$+++w2v:0.43928080797195435
['猫', '孩子', '医生', '生活', '感情', '病人', '感到', '改变', '男人', '女人', '妈', '上帝', '希望', '世界', '关心', '快乐', '也许', '事情', '是因为', '妈妈']+++$+++cv:0.2579235115638578+++$+++w2v:0.45254358649253845
['约会', '开心', '分手', '结婚', '亲', '交往', '求婚', '孩子', '男人', '同居', '希望', '住', '女人', '吻', '感觉', '今晚', '妈', '亲爱的', '睡', '上床']+++$+++cv:0.2806515245331348+++$+++w2v:0.48596757650375366
['分手', '结婚', '希望', '约会', '什么事', '开心', '回来', '孩子', '事情', '亲爱的', '发生', '今晚', '打电话', '妈妈', '求婚', '狄斯', '妈', '住', '爸爸', '关系']+++$+++cv:0.24744802916326814+++$+++w2v:0.4737702012062073
['孩子', '感觉', '医生', '感情', '希望', '男人', '宝宝', '快乐', '分手', '约会', '妈', '感到', '女人', '事情', '开心', '生', '妈妈', '气', '道歉', '想要']+++$+++cv:0.2591560792361204+++$+++w2v:0.45972195267677307
['什么事', '开心', '结婚', '回来', '今晚', '分手', '约会', '见到', '亲爱的', '打电话', '求婚', '希望', '太好了', '艾蜜莉', '回家', '发生', '住', '谈', '答应', '明天']+++$+++cv:0.2854608268476774+++$+++w2v:0.48276057839393616
['约会', '开心', '求婚', '结婚', '同居', '分手', '男人', '女人', '住', '今晚', '交往', '妈', '希望', '孩子', '亲', '亲爱的', '女生', '上床', '爸', '睡']+++$+++cv:0.32600482506153383+++$+++w2v:0.4845830500125885
['孩子', '医生', '感觉', '猫', '希望', '宝宝', '感情', '事情', '分手', '妈妈', '快乐', '死', '感到', '想要', '担心', '病人', '改变', '爸爸', '永远', '害怕']+++$+++cv:0.2562519193627336+++$+++w2v:0.4467674791812897
['钻石', '作好', '哈利路亚', '寻找', '审判', '忘却', '通通', '烦恼', '技术', '颗', '无人机', '担忧', '人造', '程序', '爱丽丝', '美国', '首席', '信号', '存储', '探测车']+++$+++cv:0.3284979415668777+++$+++w2v:0.448535680770874
['写', '节目', '钱', '纽约', '参加', '发现', '博士', '位', '学校', '角色', '旗帜', '肯定', '女人', '生活', '时间', '照片', '关系', '演员', '也许', '希望']+++$+++cv:0.23609388878562587+++$+++w2v:0.42175227403640747
['分手', '希望', '孩子', '什么事', '事情', '结婚', '回来', '发生', '妈妈', '开心', '谈', '约会', '爸爸', '关系', '打电话', '死', '离开', '亲爱的', '想要', '回家']+++$+++cv:0.2519439264281996+++$+++w2v:0.47451871633529663
['枪', '子弹', '开枪', '死', '颗', '手术', '杀', '口径', '命', '血型', '舱', '低压', '医生', '救', '除颤器', '凶手', '血', '解药', '按钮', '病人']+++$+++cv:0.37283458528484215+++$+++w2v:0.46455317735671997
c_v for $VAE_K40_sub_BCE$: 0.3357398265530339
c_w2v for $VAE_K40_sub_BCE$: 0.46889734268188477
c_uci for $VAE_K40_sub_BCE$: -3.055194899550562
c_npmi for $VAE_K40_sub_BCE$: -0.09064654449765279
t_div for $VAE_K40_sub_BCE$: 0.435
