VAE(
  (fc1): Linear(in_features=12567, out_features=1024, bias=True)
  (fc2): Linear(in_features=1024, out_features=50, bias=True)
  (fc3): Linear(in_features=1024, out_features=50, bias=True)
  (fc4): Linear(in_features=50, out_features=50, bias=True)
  (fc5): Linear(in_features=50, out_features=1024, bias=True)
  (fc6): Linear(in_features=1024, out_features=12567, bias=True)
)
==============================Loss==============================
Epoch[1/100], Step [100/105], Reconst Loss: 115.2915, KL Div: 16.9239
Epoch[2/100], Step [100/105], Reconst Loss: 99.0979, KL Div: 1.4040
Epoch[3/100], Step [100/105], Reconst Loss: 98.1283, KL Div: 0.1124
Epoch[4/100], Step [100/105], Reconst Loss: 100.0560, KL Div: 0.0714
Epoch[5/100], Step [100/105], Reconst Loss: 99.0995, KL Div: 0.0831
Epoch[6/100], Step [100/105], Reconst Loss: 98.1200, KL Div: 0.0789
Epoch[7/100], Step [100/105], Reconst Loss: 99.4489, KL Div: 0.1018
Epoch[8/100], Step [100/105], Reconst Loss: 96.4655, KL Div: 0.1334
Epoch[9/100], Step [100/105], Reconst Loss: 98.7834, KL Div: 0.2107
Epoch[10/100], Step [100/105], Reconst Loss: 97.0982, KL Div: 0.2760
Epoch[11/100], Step [100/105], Reconst Loss: 95.6690, KL Div: 0.5788
Epoch[12/100], Step [100/105], Reconst Loss: 97.2532, KL Div: 0.7422
Epoch[13/100], Step [100/105], Reconst Loss: 96.2223, KL Div: 0.6718
Epoch[14/100], Step [100/105], Reconst Loss: 97.5283, KL Div: 0.6868
Epoch[15/100], Step [100/105], Reconst Loss: 96.1436, KL Div: 0.7702
Epoch[16/100], Step [100/105], Reconst Loss: 94.5567, KL Div: 0.9288
Epoch[17/100], Step [100/105], Reconst Loss: 95.7794, KL Div: 0.8785
Epoch[18/100], Step [100/105], Reconst Loss: 97.3069, KL Div: 1.0533
Epoch[19/100], Step [100/105], Reconst Loss: 95.8402, KL Div: 1.1046
Epoch[20/100], Step [100/105], Reconst Loss: 96.8086, KL Div: 1.2439
Epoch[21/100], Step [100/105], Reconst Loss: 94.9288, KL Div: 1.2040
Epoch[22/100], Step [100/105], Reconst Loss: 93.0566, KL Div: 1.3448
Epoch[23/100], Step [100/105], Reconst Loss: 92.7583, KL Div: 1.4046
Epoch[24/100], Step [100/105], Reconst Loss: 95.7521, KL Div: 1.5541
Epoch[25/100], Step [100/105], Reconst Loss: 93.6870, KL Div: 1.5717
Epoch[26/100], Step [100/105], Reconst Loss: 93.7382, KL Div: 1.5206
Epoch[27/100], Step [100/105], Reconst Loss: 92.5545, KL Div: 1.4626
Epoch[28/100], Step [100/105], Reconst Loss: 94.7068, KL Div: 1.6307
Epoch[29/100], Step [100/105], Reconst Loss: 94.7438, KL Div: 1.6247
Epoch[30/100], Step [100/105], Reconst Loss: 92.2747, KL Div: 1.7497
Epoch[31/100], Step [100/105], Reconst Loss: 97.3323, KL Div: 1.8838
Epoch[32/100], Step [100/105], Reconst Loss: 95.2070, KL Div: 1.8705
Epoch[33/100], Step [100/105], Reconst Loss: 92.5564, KL Div: 1.7807
Epoch[34/100], Step [100/105], Reconst Loss: 92.4820, KL Div: 1.8932
Epoch[35/100], Step [100/105], Reconst Loss: 92.0902, KL Div: 1.9801
Epoch[36/100], Step [100/105], Reconst Loss: 94.3958, KL Div: 2.1957
Epoch[37/100], Step [100/105], Reconst Loss: 94.1804, KL Div: 2.1930
Epoch[38/100], Step [100/105], Reconst Loss: 93.3906, KL Div: 2.1927
Epoch[39/100], Step [100/105], Reconst Loss: 93.7846, KL Div: 2.3112
Epoch[40/100], Step [100/105], Reconst Loss: 92.6354, KL Div: 2.3461
Epoch[41/100], Step [100/105], Reconst Loss: 92.1954, KL Div: 2.3099
Epoch[42/100], Step [100/105], Reconst Loss: 94.8964, KL Div: 2.5287
Epoch[43/100], Step [100/105], Reconst Loss: 88.0508, KL Div: 2.5714
Epoch[44/100], Step [100/105], Reconst Loss: 90.7711, KL Div: 2.5501
Epoch[45/100], Step [100/105], Reconst Loss: 90.2817, KL Div: 2.5227
Epoch[46/100], Step [100/105], Reconst Loss: 88.8918, KL Div: 2.5620
Epoch[47/100], Step [100/105], Reconst Loss: 90.0760, KL Div: 2.6500
Epoch[48/100], Step [100/105], Reconst Loss: 94.1100, KL Div: 2.6649
Epoch[49/100], Step [100/105], Reconst Loss: 92.8712, KL Div: 2.7764
Epoch[50/100], Step [100/105], Reconst Loss: 89.7366, KL Div: 2.7419
Epoch[51/100], Step [100/105], Reconst Loss: 87.2322, KL Div: 2.7880
Epoch[52/100], Step [100/105], Reconst Loss: 91.0740, KL Div: 2.8241
Epoch[53/100], Step [100/105], Reconst Loss: 88.2966, KL Div: 2.8664
Epoch[54/100], Step [100/105], Reconst Loss: 89.8098, KL Div: 2.8397
Epoch[55/100], Step [100/105], Reconst Loss: 92.8413, KL Div: 3.0629
Epoch[56/100], Step [100/105], Reconst Loss: 91.4124, KL Div: 2.9395
Epoch[57/100], Step [100/105], Reconst Loss: 89.9284, KL Div: 3.0984
Epoch[58/100], Step [100/105], Reconst Loss: 88.2001, KL Div: 2.9017
Epoch[59/100], Step [100/105], Reconst Loss: 91.3949, KL Div: 3.1092
Epoch[60/100], Step [100/105], Reconst Loss: 89.9913, KL Div: 2.9909
Epoch[61/100], Step [100/105], Reconst Loss: 90.0705, KL Div: 3.1632
Epoch[62/100], Step [100/105], Reconst Loss: 89.6791, KL Div: 3.2169
Epoch[63/100], Step [100/105], Reconst Loss: 87.1295, KL Div: 3.1473
Epoch[64/100], Step [100/105], Reconst Loss: 88.2229, KL Div: 3.1655
Epoch[65/100], Step [100/105], Reconst Loss: 86.0461, KL Div: 3.2261
Epoch[66/100], Step [100/105], Reconst Loss: 89.6000, KL Div: 3.1182
Epoch[67/100], Step [100/105], Reconst Loss: 89.3040, KL Div: 3.3182
Epoch[68/100], Step [100/105], Reconst Loss: 89.0447, KL Div: 3.4238
Epoch[69/100], Step [100/105], Reconst Loss: 87.8818, KL Div: 3.4002
Epoch[70/100], Step [100/105], Reconst Loss: 91.2649, KL Div: 3.3006
Epoch[71/100], Step [100/105], Reconst Loss: 86.9700, KL Div: 3.3759
Epoch[72/100], Step [100/105], Reconst Loss: 89.0482, KL Div: 3.4802
Epoch[73/100], Step [100/105], Reconst Loss: 86.8438, KL Div: 3.5502
Epoch[74/100], Step [100/105], Reconst Loss: 84.2773, KL Div: 3.3042
Epoch[75/100], Step [100/105], Reconst Loss: 89.6917, KL Div: 3.3781
Epoch[76/100], Step [100/105], Reconst Loss: 88.5837, KL Div: 3.5158
Epoch[77/100], Step [100/105], Reconst Loss: 87.2118, KL Div: 3.5041
Epoch[78/100], Step [100/105], Reconst Loss: 89.4206, KL Div: 3.5823
Epoch[79/100], Step [100/105], Reconst Loss: 84.1000, KL Div: 3.3457
Epoch[80/100], Step [100/105], Reconst Loss: 87.7701, KL Div: 3.4382
Epoch[81/100], Step [100/105], Reconst Loss: 86.3959, KL Div: 3.5678
Epoch[82/100], Step [100/105], Reconst Loss: 86.9602, KL Div: 3.6180
Epoch[83/100], Step [100/105], Reconst Loss: 86.9843, KL Div: 3.4933
Epoch[84/100], Step [100/105], Reconst Loss: 90.4769, KL Div: 3.7221
Epoch[85/100], Step [100/105], Reconst Loss: 86.9642, KL Div: 3.6815
Epoch[86/100], Step [100/105], Reconst Loss: 86.6119, KL Div: 3.6123
Epoch[87/100], Step [100/105], Reconst Loss: 86.3927, KL Div: 3.7150
Epoch[88/100], Step [100/105], Reconst Loss: 87.5282, KL Div: 3.7364
Epoch[89/100], Step [100/105], Reconst Loss: 88.0321, KL Div: 3.8215
Epoch[90/100], Step [100/105], Reconst Loss: 84.6222, KL Div: 3.9083
Epoch[91/100], Step [100/105], Reconst Loss: 88.4825, KL Div: 3.7511
Epoch[92/100], Step [100/105], Reconst Loss: 85.9757, KL Div: 3.8438
Epoch[93/100], Step [100/105], Reconst Loss: 86.9199, KL Div: 3.8417
Epoch[94/100], Step [100/105], Reconst Loss: 85.3018, KL Div: 3.8152
Epoch[95/100], Step [100/105], Reconst Loss: 88.0094, KL Div: 3.8142
Epoch[96/100], Step [100/105], Reconst Loss: 86.1475, KL Div: 3.7294
Epoch[97/100], Step [100/105], Reconst Loss: 84.5326, KL Div: 3.9757
Epoch[98/100], Step [100/105], Reconst Loss: 89.0601, KL Div: 4.0450
Epoch[99/100], Step [100/105], Reconst Loss: 85.1329, KL Div: 3.9084
Epoch[100/100], Step [100/105], Reconst Loss: 83.0617, KL Div: 3.9392
============================================================

Topics:
['事情', '希望', '孩子', '分手', '感情', '感觉', '妈妈', '派对', '永远', '发生', '改变', '谈', '明白', '不行', '宝宝', '妈', '想要', '爸爸', '结婚', '懂']+++$+++cv:0.2601042228143386+++$+++w2v:0.44958704710006714
['约会', '结婚', '今晚', '住', '婚礼', '分手', '开心', '爸', '亲爱的', '艾蜜莉', '求婚', '记得', '回来', '什么事', '太好了', '妈', '打电话', '不行', '晚上', '发生']+++$+++cv:0.30614943966552455+++$+++w2v:0.47490939497947693
['喝', '杜松子酒', '粪便', '咖啡', '牛奶', '浴缸', '味道', '闻起来', '水', '热', '泡', '放', '咖啡因', '酒', '椰子', '放在', '醋', '芝士', '可可', '汁']+++$+++cv:0.3783713562965549+++$+++w2v:0.4806179106235504
['约会', '结婚', '分手', '今晚', '住', '妈', '开心', '亲爱的', '爸', '回来', '希望', '什么事', '记得', '女人', '发生', '不行', '打电话', '太好了', '求婚', '孩子']+++$+++cv:0.28306324056306487+++$+++w2v:0.46541786193847656
['今晚', '婚礼', '试镜', '约会', '参加', '舞会', '送', '电影', '妈', '演', '夜', '结婚', '写', '住', '记得', '很棒', '邀请', '钱', '礼物', '新']+++$+++cv:0.2670122479450797+++$+++w2v:0.4538719058036804
['医生', '戊', '死', '治疗', '肝炎', '同意', '手术', '病人', '命', '救', '放疗', '神经外科', '移植', '血型', '剖腹产', '方案', '危险', '奇斯', '开颅', '开枪']+++$+++cv:0.31369253874142855+++$+++w2v:0.49325522780418396
['钻石', '爱丽丝', '集团', '基地', '信号', '沃', '无人机', '公司', '瑕疵', '美国', '首席', '国家', '夫妇', '人造', '能源', '拦截', '意念', '破解', '技术', '血腥']+++$+++cv:0.3785791870857386+++$+++w2v:0.4345369338989258
['约会', '结婚', '妈', '开心', '分手', '女人', '孩子', '男人', '今晚', '爸', '感觉', '希望', '亲爱的', '住', '睡', '同居', '宝宝', '没关系', '上床', '妈妈']+++$+++cv:0.31755370758675366+++$+++w2v:0.47589635848999023
['约会', '结婚', '分手', '今晚', '妈', '开心', '住', '女人', '孩子', '男人', '亲爱的', '爸', '希望', '同居', '没关系', '求婚', '感觉', '交往', '睡', '俩']+++$+++cv:0.32978076127864553+++$+++w2v:0.476163387298584
['孩子', '感觉', '感情', '妈', '宝宝', '派对', '感到', '快乐', '约会', '希望', '医生', '生活', '男人', '猫', '妈妈', '女人', '痛苦', '结婚', '上帝', '开心']+++$+++cv:0.28620913662582664+++$+++w2v:0.4598473012447357
['约会', '结婚', '住', '妈', '今晚', '分手', '女人', '开心', '亲爱的', '爸', '男人', '孩子', '希望', '记得', '婚礼', '回来', '同居', '不行', '妈妈', '没关系']+++$+++cv:0.2899938874222282+++$+++w2v:0.4699374735355377
['派对', '妈', '约会', '孩子', '女人', '结婚', '男人', '希望', '生活', '婚姻', '妈妈', '感觉', '感情', '住', '事情', '爸', '也许', '写', '钱', '开心']+++$+++cv:0.2823828191535217+++$+++w2v:0.45540881156921387
['孩子', '事情', '感情', '分手', '希望', '妈妈', '结婚', '妈', '感觉', '发生', '改变', '约会', '派对', '想要', '男人', '女人', '爸爸', '谈', '明白', '婚姻']+++$+++cv:0.29837000714815487+++$+++w2v:0.46205082535743713
['约会', '结婚', '今晚', '分手', '住', '妈', '女人', '亲爱的', '男人', '爸', '开心', '记得', '婚礼', '求婚', '希望', '回来', '打电话', '孩子', '同居', '发生']+++$+++cv:0.290512219007648+++$+++w2v:0.4710486829280853
['监控', '录像', '摄像头', '交通', '辆', '货车', '车', '发现', '时间', '查', '分', '拍到', '记录', '手机', '系统', '区域', '查到', '街区', '分钟', '也许']+++$+++cv:0.6221737459893824+++$+++w2v:0.5021511316299438
['凶手', '子弹', '死者', '伤口', '发现', '枪', '时间', '尸体', '死亡', '死因', '口径', '血迹', '尸斑', '痕迹', '处', '身上', '咬', '留下', '凌晨', '衣服']+++$+++cv:0.5722735164514419+++$+++w2v:0.4943418502807617
['宝宝', '生日快乐', '祝', '喝', '冰块', '可乐', '炸鸡', '健怡', '宝贝', '杯', '老鼠', '咖啡', '杯子', '鸡', '小鸡', '生日', '抱', '果汁', '噢', '柜台']+++$+++cv:0.37949322720473566+++$+++w2v:0.4731423258781433
['约会', '孩子', '分手', '感觉', '宝宝', '妈', '结婚', '派对', '希望', '开心', '男人', '感情', '猫', '女人', '妈妈', '亲爱的', '爸', '快乐', '事情', '生']+++$+++cv:0.30906095582360826+++$+++w2v:0.46525806188583374
['分手', '约会', '开心', '结婚', '亲爱的', '希望', '感觉', '妈', '没关系', '爸', '孩子', '今晚', '还好', '住', '不行', '谈', '永远', '懂', '女人', '求婚']+++$+++cv:0.3016533441709104+++$+++w2v:0.45786556601524353
['约会', '派对', '妈', '感觉', '孩子', '男人', '女人', '宝宝', '开心', '希望', '猫', '结婚', '感情', '住', '快乐', '分手', '妈妈', '不行', '亲爱的', '也许']+++$+++cv:0.28032728128913+++$+++w2v:0.4596051275730133
['派对', '约会', '孩子', '妈', '猫', '感情', '女人', '男人', '结婚', '感觉', '希望', '宝宝', '婚姻', '生活', '开心', '妈妈', '分手', '住', '快乐', '感到']+++$+++cv:0.3255215149061344+++$+++w2v:0.4700497090816498
['希望', '事情', '孩子', '感觉', '妈妈', '永远', '谈', '分手', '死', '爸爸', '不行', '发生', '想要', '亲爱的', '明白', '懂', '谈谈', '什么事', '开心', '不该']+++$+++cv:0.25399663296564234+++$+++w2v:0.45351099967956543
['感觉', '孩子', '宝宝', '约会', '妈', '女人', '男人', '生', '希望', '妈妈', '快乐', '开心', '医生', '也许', '怀孕', '亲爱的', '上床', '感到', '想要', '做爱']+++$+++cv:0.28110336880879383+++$+++w2v:0.4600362777709961
['约会', '今晚', '结婚', '住', '分手', '妈', '婚礼', '求婚', '亲爱的', '爸', '记得', '女人', '开心', '回来', '希望', '打电话', '晚安', '艾蜜莉', '什么事', '男人']+++$+++cv:0.2967336940720663+++$+++w2v:0.4677492082118988
['医生', '孩子', '希望', '事情', '死', '想要', '妈妈', '感情', '改变', '感觉', '爸爸', '病人', '明白', '担心', '撒谎', '离开', '害怕', '妈', '生命', '谈']+++$+++cv:0.2528398873553822+++$+++w2v:0.44529858231544495
['约会', '妈', '今晚', '住', '开心', '女人', '爸', '喝', '亲爱的', '记得', '女生', '内裤', '不行', '漂亮', '男人', '睡', '感觉', '笑', '第一', '太好了']+++$+++cv:0.31181118507516425+++$+++w2v:0.45345163345336914
['派对', '钱', '事情', '生活', '写', '孩子', '改变', '妈', '猫', '希望', '结婚', '约会', '发生', '明白', '妈妈', '女人', '爸', '是因为', '也许', '感情']+++$+++cv:0.23717898574932583+++$+++w2v:0.4408133625984192
['约会', '分手', '孩子', '结婚', '感觉', '妈', '开心', '希望', '女人', '男人', '亲爱的', '没关系', '宝宝', '爸', '生', '吻', '交往', '住', '妈妈', '今晚']+++$+++cv:0.31090874647633093+++$+++w2v:0.4707091748714447
['剪刀', '石头', '蜥蜴', '斯坦', '布', '占领', '华尔街', '卫斯理', '李', '出价', '电影', '漫画', '柯洛夏', '蝴蝶', '毒死', '蓝', '李家', '剪', '寻找', '烦恼']+++$+++cv:0.42975496844582584+++$+++w2v:0.4287456274032593
['孩子', '感觉', '约会', '分手', '希望', '妈', '结婚', '开心', '女人', '妈妈', '亲爱的', '男人', '爸爸', '感情', '事情', '没关系', '想要', '爸', '幸福', '快乐']+++$+++cv:0.33727160134324685+++$+++w2v:0.47078704833984375
['蝙蝠', '蝠', 'Xbox', '星', 'PS', 'One', '妾', '氪', '君', '理论', '量子', '研究', '宇宙', '实验', '物理学', '量子力学', '放射性', '暗物质', '粒子', '古希腊']+++$+++cv:0.3556000465221189+++$+++w2v:0.49261340498924255
['晚安', '拜', '扑克', '尽兴', '燕尾服', '胡', '闪光', '擦出', '脱衣', '愉快', '火花', '古怪', '冰山', '画', '恶劣', '当众', '一对一', '头条', '笔记本', '交媾']+++$+++cv:0.586417939290503+++$+++w2v:0.4318560063838959
['结婚', '约会', '分手', '今晚', '住', '妈', '亲爱的', '爸', '开心', '希望', '女人', '孩子', '男人', '求婚', '记得', '事情', '发生', '妈妈', '回来', '谈']+++$+++cv:0.28016241340641956+++$+++w2v:0.46719294786453247
['充电', '血压', '脉搏', '心率', '离手', '注射', '血氧', '肾上腺素', '室颤', '降', '心脏', '下降', '闪开', '毫升', '气管', '推', '插管', '呼吸', '钾', '出血']+++$+++cv:0.5001001820287813+++$+++w2v:0.5550754070281982
['晚安', '大爆炸', '冰山', '借过', '生活', '影视', '可恶', '蜜', '圣诞快乐', '备胎', '充电', '计时', '扑克', '新年快乐', '脱衣', '太好了', '生殖器', '好运', '祝', '闪开']+++$+++cv:0.5914504678384971+++$+++w2v:0.4416380822658539
['钱', '派对', '杀', '今晚', '打电话', '死', '警察', '昨晚', '回来', '晚上', '记得', '发生', '见过', '纽约', '结婚', '什么事', '亲爱的', '事情', '办公室', '发现']+++$+++cv:0.2559444196219842+++$+++w2v:0.45751601457595825
['约会', '住', '结婚', '今晚', '妈', '爸', '亲爱的', '开心', '记得', '派对', '分手', '女人', '回来', '什么事', '不行', '婚礼', '发生', '希望', '男人', '时间']+++$+++cv:0.2840907277080099+++$+++w2v:0.4625279903411865
['症状', '导致', '抗体', '病', '解释', '感染', '排除', '症', '免疫系统', '性', '硬化', '多发性', '神经', '狼疮', '细胞', '治疗', '疾病', '检测', '砷', '阴性']+++$+++cv:0.718249627729483+++$+++w2v:0.5449334979057312
['事情', '希望', '发生', '分手', '结婚', '妈妈', '谈', '孩子', '爸爸', '回来', '亲爱的', '明白', '什么事', '死', '妈', '不行', '今晚', '想要', '打电话', '离开']+++$+++cv:0.25357818210660443+++$+++w2v:0.4615713655948639
['杀', '谋杀', '死', '真相', '案子', '事情', '保护', '警察', '想要', '杀害', '妮娜', '调查', '明白', '改变', '希望', '探长', '律师', '凶手', '正义', '监狱']+++$+++cv:0.32674798034769903+++$+++w2v:0.47418880462646484
['约会', '妈', '结婚', '开心', '分手', '女人', '孩子', '男人', '感觉', '晚安', '今晚', '住', '爸', '亲爱的', '睡', '希望', '没关系', '吻', '同居', '生']+++$+++cv:0.2868475346137852+++$+++w2v:0.4684247076511383
['病人', '医生', '病例', '医院', '治疗', 'Foreman', '诊断', 'Cameron', '同意', '死', '委员会', '孩子', '生命', '白痴', '行医', 'Chase', '病历', '接受', '写', '医学']+++$+++cv:0.48157443350370155+++$+++w2v:0.47941088676452637
['派对', '钱', '写', '生活', '作家', '杀', '小说', '事情', '父亲', '肯定', '明白', '死', '发现', '改变', '警察', '也许', '角色', '发生', '纽约', '孩子']+++$+++cv:0.23211365026200137+++$+++w2v:0.44327083230018616
['约会', '结婚', '分手', '住', '今晚', '开心', '亲爱的', '妈', '爸', '希望', '不行', '什么事', '女人', '孩子', '事情', '发生', '回来', '记得', '俩', '谈']+++$+++cv:0.295531994845+++$+++w2v:0.4656507968902588
['猫', '臭臭', '乖乖', '毛绒球', '小小', '唱', '暖暖', '瞌睡', '快乐', '猫猫', '养', '不在', '讨人喜欢', '观赏', '会唱', '叫声', '从头开始', '鼻涕', '听过', '一千']+++$+++cv:0.3936719430888359+++$+++w2v:0.5120409727096558
['派对', '单身', '参加', '办', '邀请', '惊喜', '女郎', '脱衣舞娘', '单身汉', '岩石', '戒指', '婚礼', '生日', '筹划', '结婚', '要办', '展览', '今晚', '希望', '不算']+++$+++cv:0.38042929608364995+++$+++w2v:0.49190521240234375
['放下', '纽约', '警局', '双手', '武器', '枪', '警察', '把手', '趴下', '手', '亮出', '举起手来', '不许动', '地上', '别动', '举起', '快点', '站住', '转过身', '水球']+++$+++cv:0.5917878934250015+++$+++w2v:0.5336663126945496
['晚安', '约会', '结婚', '女人', '妈', '孩子', '开心', '分手', '男人', '感觉', '吻', '睡', '希望', '亲爱的', '今晚', '上床', '没关系', '亲', '同居', '生']+++$+++cv:0.2784631985220335+++$+++w2v:0.4733579754829407
['约会', '妈', '今晚', '住', '女人', '开心', '写', '笑话', '亲爱的', '爸', '感觉', '新', '男人', '记得', '时间', '结婚', '第一', '夜', '舞会', '参加']+++$+++cv:0.2858844672139954+++$+++w2v:0.44379061460494995
['约会', '分手', '孩子', '感觉', '结婚', '开心', '妈', '女人', '亲爱的', '晚安', '希望', '男人', '吻', '没关系', '亲', '还好', '爸', '妈妈', '生', '爸爸']+++$+++cv:0.2773045210309338+++$+++w2v:0.4660256803035736
c_v for $VAE_K50_sub_BCE$: 0.3487965669330134
c_w2v for $VAE_K50_sub_BCE$: 0.4700544774532318
c_uci for $VAE_K50_sub_BCE$: -2.2689007045979652
c_npmi for $VAE_K50_sub_BCE$: -0.06218290242948869
t_div for $VAE_K50_sub_BCE$: 0.389
