VAE(
  (fc1): Linear(in_features=12569, out_features=1024, bias=True)
  (fc2): Linear(in_features=1024, out_features=10, bias=True)
  (fc3): Linear(in_features=1024, out_features=10, bias=True)
  (fc4): Linear(in_features=10, out_features=10, bias=True)
  (fc5): Linear(in_features=10, out_features=1024, bias=True)
  (fc6): Linear(in_features=1024, out_features=12569, bias=True)
)
==============================Loss==============================
Epoch[1/100], Step [100/105], Reconst Loss: 105.4407, KL Div: 10.3908
Epoch[2/100], Step [100/105], Reconst Loss: 100.9252, KL Div: 4.7094
Epoch[3/100], Step [100/105], Reconst Loss: 94.4590, KL Div: 0.9419
Epoch[4/100], Step [100/105], Reconst Loss: 97.5564, KL Div: 0.4329
Epoch[5/100], Step [100/105], Reconst Loss: 97.6961, KL Div: 0.4286
Epoch[6/100], Step [100/105], Reconst Loss: 97.3895, KL Div: 0.5317
Epoch[7/100], Step [100/105], Reconst Loss: 97.4932, KL Div: 0.5248
Epoch[8/100], Step [100/105], Reconst Loss: 96.8857, KL Div: 0.5917
Epoch[9/100], Step [100/105], Reconst Loss: 97.6433, KL Div: 0.7200
Epoch[10/100], Step [100/105], Reconst Loss: 97.6560, KL Div: 0.9606
Epoch[11/100], Step [100/105], Reconst Loss: 100.6650, KL Div: 1.0770
Epoch[12/100], Step [100/105], Reconst Loss: 95.0630, KL Div: 1.1108
Epoch[13/100], Step [100/105], Reconst Loss: 95.8006, KL Div: 1.2639
Epoch[14/100], Step [100/105], Reconst Loss: 94.5317, KL Div: 1.4772
Epoch[15/100], Step [100/105], Reconst Loss: 91.2599, KL Div: 1.5082
Epoch[16/100], Step [100/105], Reconst Loss: 93.5879, KL Div: 1.6563
Epoch[17/100], Step [100/105], Reconst Loss: 94.8539, KL Div: 1.8163
Epoch[18/100], Step [100/105], Reconst Loss: 93.9784, KL Div: 2.0399
Epoch[19/100], Step [100/105], Reconst Loss: 91.4686, KL Div: 1.8530
Epoch[20/100], Step [100/105], Reconst Loss: 92.8013, KL Div: 1.9690
Epoch[21/100], Step [100/105], Reconst Loss: 94.3504, KL Div: 2.1757
Epoch[22/100], Step [100/105], Reconst Loss: 91.9646, KL Div: 2.0579
Epoch[23/100], Step [100/105], Reconst Loss: 93.6114, KL Div: 2.1486
Epoch[24/100], Step [100/105], Reconst Loss: 93.7033, KL Div: 2.2340
Epoch[25/100], Step [100/105], Reconst Loss: 92.0731, KL Div: 2.2948
Epoch[26/100], Step [100/105], Reconst Loss: 94.8412, KL Div: 2.4340
Epoch[27/100], Step [100/105], Reconst Loss: 94.6045, KL Div: 2.5488
Epoch[28/100], Step [100/105], Reconst Loss: 90.5729, KL Div: 2.6298
Epoch[29/100], Step [100/105], Reconst Loss: 89.7475, KL Div: 2.5641
Epoch[30/100], Step [100/105], Reconst Loss: 89.1575, KL Div: 2.6731
Epoch[31/100], Step [100/105], Reconst Loss: 92.5535, KL Div: 2.7908
Epoch[32/100], Step [100/105], Reconst Loss: 91.6032, KL Div: 2.8700
Epoch[33/100], Step [100/105], Reconst Loss: 90.1508, KL Div: 2.9756
Epoch[34/100], Step [100/105], Reconst Loss: 89.6305, KL Div: 2.9563
Epoch[35/100], Step [100/105], Reconst Loss: 93.2380, KL Div: 3.1329
Epoch[36/100], Step [100/105], Reconst Loss: 91.0543, KL Div: 2.9142
Epoch[37/100], Step [100/105], Reconst Loss: 90.4867, KL Div: 3.1903
Epoch[38/100], Step [100/105], Reconst Loss: 91.0883, KL Div: 3.1405
Epoch[39/100], Step [100/105], Reconst Loss: 91.4350, KL Div: 3.2067
Epoch[40/100], Step [100/105], Reconst Loss: 90.6027, KL Div: 3.1759
Epoch[41/100], Step [100/105], Reconst Loss: 89.6440, KL Div: 3.3060
Epoch[42/100], Step [100/105], Reconst Loss: 87.7406, KL Div: 3.3078
Epoch[43/100], Step [100/105], Reconst Loss: 88.9558, KL Div: 3.3656
Epoch[44/100], Step [100/105], Reconst Loss: 87.7782, KL Div: 3.3690
Epoch[45/100], Step [100/105], Reconst Loss: 88.1695, KL Div: 3.6512
Epoch[46/100], Step [100/105], Reconst Loss: 87.2617, KL Div: 3.5534
Epoch[47/100], Step [100/105], Reconst Loss: 87.2792, KL Div: 3.6283
Epoch[48/100], Step [100/105], Reconst Loss: 89.0818, KL Div: 3.7571
Epoch[49/100], Step [100/105], Reconst Loss: 92.3056, KL Div: 3.7330
Epoch[50/100], Step [100/105], Reconst Loss: 84.8690, KL Div: 3.9317
Epoch[51/100], Step [100/105], Reconst Loss: 88.7351, KL Div: 3.8736
Epoch[52/100], Step [100/105], Reconst Loss: 88.4154, KL Div: 4.0463
Epoch[53/100], Step [100/105], Reconst Loss: 89.4559, KL Div: 3.9457
Epoch[54/100], Step [100/105], Reconst Loss: 89.6205, KL Div: 4.0677
Epoch[55/100], Step [100/105], Reconst Loss: 85.3053, KL Div: 3.9446
Epoch[56/100], Step [100/105], Reconst Loss: 87.4863, KL Div: 4.0774
Epoch[57/100], Step [100/105], Reconst Loss: 88.1422, KL Div: 4.1528
Epoch[58/100], Step [100/105], Reconst Loss: 87.9163, KL Div: 4.0944
Epoch[59/100], Step [100/105], Reconst Loss: 87.2779, KL Div: 4.2197
Epoch[60/100], Step [100/105], Reconst Loss: 89.4855, KL Div: 4.0730
Epoch[61/100], Step [100/105], Reconst Loss: 87.4656, KL Div: 4.1733
Epoch[62/100], Step [100/105], Reconst Loss: 85.6622, KL Div: 4.2943
Epoch[63/100], Step [100/105], Reconst Loss: 84.7580, KL Div: 4.3382
Epoch[64/100], Step [100/105], Reconst Loss: 90.7414, KL Div: 4.4363
Epoch[65/100], Step [100/105], Reconst Loss: 88.3668, KL Div: 4.3482
Epoch[66/100], Step [100/105], Reconst Loss: 83.7862, KL Div: 4.3180
Epoch[67/100], Step [100/105], Reconst Loss: 86.6472, KL Div: 4.2376
Epoch[68/100], Step [100/105], Reconst Loss: 83.7320, KL Div: 4.2849
Epoch[69/100], Step [100/105], Reconst Loss: 85.4481, KL Div: 4.3661
Epoch[70/100], Step [100/105], Reconst Loss: 85.1638, KL Div: 4.4969
Epoch[71/100], Step [100/105], Reconst Loss: 89.3893, KL Div: 4.4137
Epoch[72/100], Step [100/105], Reconst Loss: 86.8937, KL Div: 4.4759
Epoch[73/100], Step [100/105], Reconst Loss: 87.1907, KL Div: 4.4355
Epoch[74/100], Step [100/105], Reconst Loss: 87.0887, KL Div: 4.5898
Epoch[75/100], Step [100/105], Reconst Loss: 86.5895, KL Div: 4.5167
Epoch[76/100], Step [100/105], Reconst Loss: 86.4014, KL Div: 4.5868
Epoch[77/100], Step [100/105], Reconst Loss: 86.5227, KL Div: 4.6371
Epoch[78/100], Step [100/105], Reconst Loss: 85.8170, KL Div: 4.6296
Epoch[79/100], Step [100/105], Reconst Loss: 84.3716, KL Div: 4.7097
Epoch[80/100], Step [100/105], Reconst Loss: 85.2778, KL Div: 4.5569
Epoch[81/100], Step [100/105], Reconst Loss: 87.8394, KL Div: 4.6791
Epoch[82/100], Step [100/105], Reconst Loss: 85.8096, KL Div: 4.7837
Epoch[83/100], Step [100/105], Reconst Loss: 86.9636, KL Div: 4.8764
Epoch[84/100], Step [100/105], Reconst Loss: 87.8867, KL Div: 4.9913
Epoch[85/100], Step [100/105], Reconst Loss: 84.3425, KL Div: 4.8061
Epoch[86/100], Step [100/105], Reconst Loss: 84.5161, KL Div: 4.9199
Epoch[87/100], Step [100/105], Reconst Loss: 83.5317, KL Div: 4.8732
Epoch[88/100], Step [100/105], Reconst Loss: 84.4264, KL Div: 4.8077
Epoch[89/100], Step [100/105], Reconst Loss: 85.3676, KL Div: 4.9441
Epoch[90/100], Step [100/105], Reconst Loss: 86.5482, KL Div: 5.0523
Epoch[91/100], Step [100/105], Reconst Loss: 83.3190, KL Div: 4.9922
Epoch[92/100], Step [100/105], Reconst Loss: 82.4929, KL Div: 4.8793
Epoch[93/100], Step [100/105], Reconst Loss: 86.5180, KL Div: 5.2505
Epoch[94/100], Step [100/105], Reconst Loss: 84.5673, KL Div: 5.1254
Epoch[95/100], Step [100/105], Reconst Loss: 83.7286, KL Div: 5.0508
Epoch[96/100], Step [100/105], Reconst Loss: 85.0736, KL Div: 5.3166
Epoch[97/100], Step [100/105], Reconst Loss: 86.4080, KL Div: 5.2708
Epoch[98/100], Step [100/105], Reconst Loss: 82.3237, KL Div: 5.0893
Epoch[99/100], Step [100/105], Reconst Loss: 82.5770, KL Div: 5.3720
Epoch[100/100], Step [100/105], Reconst Loss: 85.3709, KL Div: 5.3451
============================================================

Topics:
['导致', '丘疹', '川崎', '紫癜', '过敏性', '血栓', '心脏', '恶性', '血', '解释', '组织', '自体', '肺', '脾脏', '感染', '攻击', '血细胞', '病', '血小板', '出血']+++$+++cv:0.3724167683250754+++$+++w2v:0.5385801196098328
['猫', '臭臭', '唱', '乖乖', '暖暖', '毛绒球', '快乐', '小小', '瞌睡', '不在', '寻找', '从头开始', '遍', '博士', '观赏', '声音', '带你去', '养', '懂', '名字']+++$+++cv:0.33351829127697696+++$+++w2v:0.4769497513771057
['主婚', '约会', '肥皂剧', '演员', '手续', '文摘', '对象', '协议', '注销', '约', '离婚', '关系', '第一', '孩子', '牧师', '博士', '写', '办好', '位', '剧本']+++$+++cv:0.3849553560757949+++$+++w2v:0.44580787420272827
['大爆炸', '名字', '孩子', '博士', '研究', '生活', '影视', '地方', '答案', '那是', '线索', '查', '区', '太棒', '开玩笑', '翻译', '地址', '太好了', '块', '拿到']+++$+++cv:0.34719113027360027+++$+++w2v:0.41690221428871155
['孩子', '送走', '想要', '负责任', '父母', '生活', '小孩', '强奸犯', '放弃', '哲学', '怀孕', '生孩子', '妈妈', '生', '神圣', '痛苦', '家长', '小狗', '遗弃', '爸']+++$+++cv:0.37930234212115455+++$+++w2v:0.45685213804244995
['派对', '单身', '惊喜', '女郎', '办', '群', '脱衣舞娘', '参加', '生日', '单身汉', '委员会', '宝宝', '邀请', '事实上', '打算', '今晚', '行', '生日派对', '搞定', '分钟']+++$+++cv:0.27996789360683766+++$+++w2v:0.4562956392765045
['手鼓', '晚安', '冰山', '闪开', '卢', '用力', '快点', '牌', '快跑', '拜', '医生', 'and', 'MONICA', '再来', '手', '新年快乐', '准备好', '快快', '刷', '转']+++$+++cv:0.6080504757360419+++$+++w2v:0.4550594389438629
['医生', '孩子', '拉莫瑞', '位', '计程车', '泰', '医院', '玛姬', '卫斯理', '神经外科', '离开了', '晚上', '利兹', '匆忙', '奎恩', '见过', '资料', '喝', '翠', '幸会']+++$+++cv:0.46843110546644723+++$+++w2v:0.44804978370666504
['纽约', '双手', '阿门', '亮出', '警局', '警察', '案子', '枪', '调查', '证据', '杀', '联邦', '长官', '证人', '死', '杀害', '谋杀案', '放下', '里奥普', '武器']+++$+++cv:0.3689285315858891+++$+++w2v:0.5048872232437134
['占领', '华尔街', '货车', '监控', '录像', '邮包', '交通', '信号', '照片', '孤胆', '仇侠', 'GPS', '摄像头', '胎', '面部', '发现', '街', '辆', '组', '广场']+++$+++cv:0.39046855471722713+++$+++w2v:0.4638649821281433
c_v for $VAE_K10_sub_BCE$: 0.3933230449185045
c_w2v for $VAE_K10_sub_BCE$: 0.46632489562034607
c_uci for $VAE_K10_sub_BCE$: -6.010769116381345
c_npmi for $VAE_K10_sub_BCE$: -0.18489273582073945
t_div for $VAE_K10_sub_BCE$: 0.955
