VAE(
  (fc1): Linear(in_features=38631, out_features=1024, bias=True)
  (fc2): Linear(in_features=1024, out_features=10, bias=True)
  (fc3): Linear(in_features=1024, out_features=10, bias=True)
  (fc4): Linear(in_features=10, out_features=10, bias=True)
  (fc5): Linear(in_features=10, out_features=1024, bias=True)
  (fc6): Linear(in_features=1024, out_features=38631, bias=True)
)
==============================Loss==============================
Epoch[1/100], Step [100/518], Reconst Loss: 172.9944, KL Div: 27.0792
Epoch[1/100], Step [200/518], Reconst Loss: 147.5799, KL Div: 13.7275
Epoch[1/100], Step [300/518], Reconst Loss: 148.4357, KL Div: 6.9938
Epoch[1/100], Step [400/518], Reconst Loss: 141.3701, KL Div: 1.6048
Epoch[1/100], Step [500/518], Reconst Loss: 145.9217, KL Div: 0.4972
Epoch[2/100], Step [100/518], Reconst Loss: 143.7200, KL Div: 0.5763
Epoch[2/100], Step [200/518], Reconst Loss: 145.9023, KL Div: 0.6238
Epoch[2/100], Step [300/518], Reconst Loss: 148.8052, KL Div: 0.7556
Epoch[2/100], Step [400/518], Reconst Loss: 140.1171, KL Div: 0.7663
Epoch[2/100], Step [500/518], Reconst Loss: 147.5829, KL Div: 0.9453
Epoch[3/100], Step [100/518], Reconst Loss: 144.5539, KL Div: 0.9539
Epoch[3/100], Step [200/518], Reconst Loss: 141.1016, KL Div: 1.1333
Epoch[3/100], Step [300/518], Reconst Loss: 142.1924, KL Div: 1.2344
Epoch[3/100], Step [400/518], Reconst Loss: 140.3640, KL Div: 1.3965
Epoch[3/100], Step [500/518], Reconst Loss: 140.4035, KL Div: 1.4011
Epoch[4/100], Step [100/518], Reconst Loss: 141.8477, KL Div: 1.6407
Epoch[4/100], Step [200/518], Reconst Loss: 139.4482, KL Div: 1.7282
Epoch[4/100], Step [300/518], Reconst Loss: 137.8828, KL Div: 1.9468
Epoch[4/100], Step [400/518], Reconst Loss: 138.9417, KL Div: 1.9754
Epoch[4/100], Step [500/518], Reconst Loss: 145.5177, KL Div: 2.2336
Epoch[5/100], Step [100/518], Reconst Loss: 132.8354, KL Div: 2.0681
Epoch[5/100], Step [200/518], Reconst Loss: 140.9884, KL Div: 2.2170
Epoch[5/100], Step [300/518], Reconst Loss: 138.9928, KL Div: 2.2037
Epoch[5/100], Step [400/518], Reconst Loss: 141.1012, KL Div: 2.2705
Epoch[5/100], Step [500/518], Reconst Loss: 137.3740, KL Div: 2.2766
Epoch[6/100], Step [100/518], Reconst Loss: 137.2445, KL Div: 2.4371
Epoch[6/100], Step [200/518], Reconst Loss: 136.0562, KL Div: 2.5607
Epoch[6/100], Step [300/518], Reconst Loss: 134.5589, KL Div: 2.6818
Epoch[6/100], Step [400/518], Reconst Loss: 134.1883, KL Div: 2.6865
Epoch[6/100], Step [500/518], Reconst Loss: 132.3748, KL Div: 2.8385
Epoch[7/100], Step [100/518], Reconst Loss: 139.8683, KL Div: 3.1490
Epoch[7/100], Step [200/518], Reconst Loss: 131.5880, KL Div: 3.0583
Epoch[7/100], Step [300/518], Reconst Loss: 136.3664, KL Div: 3.0665
Epoch[7/100], Step [400/518], Reconst Loss: 139.1532, KL Div: 3.2384
Epoch[7/100], Step [500/518], Reconst Loss: 138.1530, KL Div: 3.3106
Epoch[8/100], Step [100/518], Reconst Loss: 135.2684, KL Div: 3.2030
Epoch[8/100], Step [200/518], Reconst Loss: 137.7539, KL Div: 3.3652
Epoch[8/100], Step [300/518], Reconst Loss: 134.0655, KL Div: 3.3300
Epoch[8/100], Step [400/518], Reconst Loss: 135.7610, KL Div: 3.4968
Epoch[8/100], Step [500/518], Reconst Loss: 131.8508, KL Div: 3.4724
Epoch[9/100], Step [100/518], Reconst Loss: 131.7963, KL Div: 3.5192
Epoch[9/100], Step [200/518], Reconst Loss: 136.1580, KL Div: 3.6739
Epoch[9/100], Step [300/518], Reconst Loss: 133.9197, KL Div: 3.7167
Epoch[9/100], Step [400/518], Reconst Loss: 134.2086, KL Div: 3.6006
Epoch[9/100], Step [500/518], Reconst Loss: 130.2640, KL Div: 3.6117
Epoch[10/100], Step [100/518], Reconst Loss: 129.0838, KL Div: 3.6813
Epoch[10/100], Step [200/518], Reconst Loss: 129.4624, KL Div: 3.7427
Epoch[10/100], Step [300/518], Reconst Loss: 130.2425, KL Div: 3.7863
Epoch[10/100], Step [400/518], Reconst Loss: 130.0066, KL Div: 4.0068
Epoch[10/100], Step [500/518], Reconst Loss: 134.5783, KL Div: 3.8285
Epoch[11/100], Step [100/518], Reconst Loss: 134.0493, KL Div: 4.0688
Epoch[11/100], Step [200/518], Reconst Loss: 133.8214, KL Div: 4.0040
Epoch[11/100], Step [300/518], Reconst Loss: 130.6169, KL Div: 3.9455
Epoch[11/100], Step [400/518], Reconst Loss: 131.3474, KL Div: 4.1373
Epoch[11/100], Step [500/518], Reconst Loss: 133.1524, KL Div: 4.2639
Epoch[12/100], Step [100/518], Reconst Loss: 130.6743, KL Div: 4.1271
Epoch[12/100], Step [200/518], Reconst Loss: 134.8817, KL Div: 4.1597
Epoch[12/100], Step [300/518], Reconst Loss: 131.0954, KL Div: 4.1268
Epoch[12/100], Step [400/518], Reconst Loss: 126.2463, KL Div: 4.1952
Epoch[12/100], Step [500/518], Reconst Loss: 129.4273, KL Div: 4.1859
Epoch[13/100], Step [100/518], Reconst Loss: 135.3661, KL Div: 4.6230
Epoch[13/100], Step [200/518], Reconst Loss: 133.8734, KL Div: 4.5059
Epoch[13/100], Step [300/518], Reconst Loss: 127.7161, KL Div: 4.4835
Epoch[13/100], Step [400/518], Reconst Loss: 132.4168, KL Div: 4.4277
Epoch[13/100], Step [500/518], Reconst Loss: 129.7253, KL Div: 4.4836
Epoch[14/100], Step [100/518], Reconst Loss: 131.0877, KL Div: 4.8333
Epoch[14/100], Step [200/518], Reconst Loss: 127.6250, KL Div: 4.4909
Epoch[14/100], Step [300/518], Reconst Loss: 130.4312, KL Div: 4.6143
Epoch[14/100], Step [400/518], Reconst Loss: 129.6953, KL Div: 4.6319
Epoch[14/100], Step [500/518], Reconst Loss: 125.2193, KL Div: 4.6210
Epoch[15/100], Step [100/518], Reconst Loss: 127.3920, KL Div: 4.6554
Epoch[15/100], Step [200/518], Reconst Loss: 128.9927, KL Div: 4.6067
Epoch[15/100], Step [300/518], Reconst Loss: 132.2306, KL Div: 4.7449
Epoch[15/100], Step [400/518], Reconst Loss: 132.5999, KL Div: 4.8539
Epoch[15/100], Step [500/518], Reconst Loss: 135.4908, KL Div: 4.8636
Epoch[16/100], Step [100/518], Reconst Loss: 130.2312, KL Div: 4.9361
Epoch[16/100], Step [200/518], Reconst Loss: 129.9361, KL Div: 4.8998
Epoch[16/100], Step [300/518], Reconst Loss: 129.1788, KL Div: 4.9371
Epoch[16/100], Step [400/518], Reconst Loss: 133.0053, KL Div: 4.9958
Epoch[16/100], Step [500/518], Reconst Loss: 130.5704, KL Div: 4.8540
Epoch[17/100], Step [100/518], Reconst Loss: 131.2738, KL Div: 4.9761
Epoch[17/100], Step [200/518], Reconst Loss: 128.7422, KL Div: 5.0653
Epoch[17/100], Step [300/518], Reconst Loss: 130.6629, KL Div: 5.0675
Epoch[17/100], Step [400/518], Reconst Loss: 126.2325, KL Div: 4.9487
Epoch[17/100], Step [500/518], Reconst Loss: 127.9595, KL Div: 5.0747
Epoch[18/100], Step [100/518], Reconst Loss: 125.4985, KL Div: 5.1760
Epoch[18/100], Step [200/518], Reconst Loss: 129.1175, KL Div: 5.1020
Epoch[18/100], Step [300/518], Reconst Loss: 129.9600, KL Div: 5.1102
Epoch[18/100], Step [400/518], Reconst Loss: 125.8803, KL Div: 5.0587
Epoch[18/100], Step [500/518], Reconst Loss: 128.9812, KL Div: 5.1041
Epoch[19/100], Step [100/518], Reconst Loss: 129.0602, KL Div: 5.0691
Epoch[19/100], Step [200/518], Reconst Loss: 128.1644, KL Div: 5.2256
Epoch[19/100], Step [300/518], Reconst Loss: 123.0318, KL Div: 5.0435
Epoch[19/100], Step [400/518], Reconst Loss: 125.6423, KL Div: 5.0864
Epoch[19/100], Step [500/518], Reconst Loss: 125.7788, KL Div: 5.1684
Epoch[20/100], Step [100/518], Reconst Loss: 126.5779, KL Div: 5.3831
Epoch[20/100], Step [200/518], Reconst Loss: 124.0563, KL Div: 5.3685
Epoch[20/100], Step [300/518], Reconst Loss: 123.3958, KL Div: 5.3148
Epoch[20/100], Step [400/518], Reconst Loss: 128.2658, KL Div: 5.2887
Epoch[20/100], Step [500/518], Reconst Loss: 130.3752, KL Div: 5.4117
Epoch[21/100], Step [100/518], Reconst Loss: 127.4277, KL Div: 5.4477
Epoch[21/100], Step [200/518], Reconst Loss: 127.6619, KL Div: 5.3993
Epoch[21/100], Step [300/518], Reconst Loss: 126.7101, KL Div: 5.3144
Epoch[21/100], Step [400/518], Reconst Loss: 129.9189, KL Div: 5.4178
Epoch[21/100], Step [500/518], Reconst Loss: 127.5569, KL Div: 5.4746
Epoch[22/100], Step [100/518], Reconst Loss: 120.9126, KL Div: 5.4185
Epoch[22/100], Step [200/518], Reconst Loss: 129.4721, KL Div: 5.4291
Epoch[22/100], Step [300/518], Reconst Loss: 127.1446, KL Div: 5.4734
Epoch[22/100], Step [400/518], Reconst Loss: 129.5288, KL Div: 5.4539
Epoch[22/100], Step [500/518], Reconst Loss: 127.1433, KL Div: 5.4051
Epoch[23/100], Step [100/518], Reconst Loss: 124.9730, KL Div: 5.5520
Epoch[23/100], Step [200/518], Reconst Loss: 130.2633, KL Div: 5.4771
Epoch[23/100], Step [300/518], Reconst Loss: 127.3138, KL Div: 5.5532
Epoch[23/100], Step [400/518], Reconst Loss: 124.6616, KL Div: 5.5284
Epoch[23/100], Step [500/518], Reconst Loss: 125.0584, KL Div: 5.5602
Epoch[24/100], Step [100/518], Reconst Loss: 127.0954, KL Div: 5.6356
Epoch[24/100], Step [200/518], Reconst Loss: 121.7046, KL Div: 5.3440
Epoch[24/100], Step [300/518], Reconst Loss: 120.5882, KL Div: 5.6293
Epoch[24/100], Step [400/518], Reconst Loss: 121.8804, KL Div: 5.6521
Epoch[24/100], Step [500/518], Reconst Loss: 124.9001, KL Div: 5.4520
Epoch[25/100], Step [100/518], Reconst Loss: 122.9746, KL Div: 5.8155
Epoch[25/100], Step [200/518], Reconst Loss: 127.6182, KL Div: 5.7383
Epoch[25/100], Step [300/518], Reconst Loss: 128.0972, KL Div: 5.7806
Epoch[25/100], Step [400/518], Reconst Loss: 123.6639, KL Div: 5.7567
Epoch[25/100], Step [500/518], Reconst Loss: 125.5776, KL Div: 5.6793
Epoch[26/100], Step [100/518], Reconst Loss: 124.4989, KL Div: 5.7441
Epoch[26/100], Step [200/518], Reconst Loss: 127.3562, KL Div: 5.7054
Epoch[26/100], Step [300/518], Reconst Loss: 128.6485, KL Div: 5.9114
Epoch[26/100], Step [400/518], Reconst Loss: 123.7241, KL Div: 5.7220
Epoch[26/100], Step [500/518], Reconst Loss: 126.0612, KL Div: 5.9078
Epoch[27/100], Step [100/518], Reconst Loss: 121.2211, KL Div: 5.7969
Epoch[27/100], Step [200/518], Reconst Loss: 130.2143, KL Div: 5.8732
Epoch[27/100], Step [300/518], Reconst Loss: 123.7413, KL Div: 5.7793
Epoch[27/100], Step [400/518], Reconst Loss: 121.4644, KL Div: 5.6943
Epoch[27/100], Step [500/518], Reconst Loss: 130.2027, KL Div: 5.9399
Epoch[28/100], Step [100/518], Reconst Loss: 127.2853, KL Div: 5.9253
Epoch[28/100], Step [200/518], Reconst Loss: 129.2861, KL Div: 6.1674
Epoch[28/100], Step [300/518], Reconst Loss: 126.7209, KL Div: 5.9572
Epoch[28/100], Step [400/518], Reconst Loss: 121.1950, KL Div: 6.1201
Epoch[28/100], Step [500/518], Reconst Loss: 130.2497, KL Div: 6.0348
Epoch[29/100], Step [100/518], Reconst Loss: 125.1071, KL Div: 6.1480
Epoch[29/100], Step [200/518], Reconst Loss: 121.6062, KL Div: 5.9136
Epoch[29/100], Step [300/518], Reconst Loss: 127.9416, KL Div: 6.0517
Epoch[29/100], Step [400/518], Reconst Loss: 129.6820, KL Div: 6.1056
Epoch[29/100], Step [500/518], Reconst Loss: 128.7216, KL Div: 6.1001
Epoch[30/100], Step [100/518], Reconst Loss: 129.3457, KL Div: 6.5398
Epoch[30/100], Step [200/518], Reconst Loss: 125.2149, KL Div: 6.1187
Epoch[30/100], Step [300/518], Reconst Loss: 125.9844, KL Div: 6.0374
Epoch[30/100], Step [400/518], Reconst Loss: 125.5159, KL Div: 6.2269
Epoch[30/100], Step [500/518], Reconst Loss: 120.0766, KL Div: 6.1558
Epoch[31/100], Step [100/518], Reconst Loss: 121.3960, KL Div: 6.1359
Epoch[31/100], Step [200/518], Reconst Loss: 129.0422, KL Div: 6.1024
Epoch[31/100], Step [300/518], Reconst Loss: 125.2274, KL Div: 6.1354
Epoch[31/100], Step [400/518], Reconst Loss: 128.6905, KL Div: 6.3485
Epoch[31/100], Step [500/518], Reconst Loss: 121.5882, KL Div: 6.0286
Epoch[32/100], Step [100/518], Reconst Loss: 121.4144, KL Div: 6.1683
Epoch[32/100], Step [200/518], Reconst Loss: 120.8372, KL Div: 6.0832
Epoch[32/100], Step [300/518], Reconst Loss: 123.9741, KL Div: 6.3312
Epoch[32/100], Step [400/518], Reconst Loss: 128.0351, KL Div: 6.2668
Epoch[32/100], Step [500/518], Reconst Loss: 124.3505, KL Div: 6.4160
Epoch[33/100], Step [100/518], Reconst Loss: 122.7077, KL Div: 6.2517
Epoch[33/100], Step [200/518], Reconst Loss: 125.6021, KL Div: 6.3550
Epoch[33/100], Step [300/518], Reconst Loss: 124.4590, KL Div: 6.3080
Epoch[33/100], Step [400/518], Reconst Loss: 125.1147, KL Div: 6.1209
Epoch[33/100], Step [500/518], Reconst Loss: 122.4708, KL Div: 6.3361
Epoch[34/100], Step [100/518], Reconst Loss: 123.7101, KL Div: 6.3411
Epoch[34/100], Step [200/518], Reconst Loss: 123.3976, KL Div: 6.3459
Epoch[34/100], Step [300/518], Reconst Loss: 122.0162, KL Div: 6.4522
Epoch[34/100], Step [400/518], Reconst Loss: 121.9454, KL Div: 6.5795
Epoch[34/100], Step [500/518], Reconst Loss: 123.8326, KL Div: 6.6551
Epoch[35/100], Step [100/518], Reconst Loss: 121.1072, KL Div: 6.5871
Epoch[35/100], Step [200/518], Reconst Loss: 122.4710, KL Div: 6.3921
Epoch[35/100], Step [300/518], Reconst Loss: 120.6601, KL Div: 6.3260
Epoch[35/100], Step [400/518], Reconst Loss: 123.4124, KL Div: 6.4914
Epoch[35/100], Step [500/518], Reconst Loss: 124.6982, KL Div: 6.1346
Epoch[36/100], Step [100/518], Reconst Loss: 120.6495, KL Div: 6.7152
Epoch[36/100], Step [200/518], Reconst Loss: 124.6026, KL Div: 6.5582
Epoch[36/100], Step [300/518], Reconst Loss: 124.1574, KL Div: 6.4300
Epoch[36/100], Step [400/518], Reconst Loss: 121.6347, KL Div: 6.6402
Epoch[36/100], Step [500/518], Reconst Loss: 123.1105, KL Div: 6.7171
Epoch[37/100], Step [100/518], Reconst Loss: 121.7999, KL Div: 6.4737
Epoch[37/100], Step [200/518], Reconst Loss: 119.1883, KL Div: 6.6152
Epoch[37/100], Step [300/518], Reconst Loss: 126.7438, KL Div: 6.5687
Epoch[37/100], Step [400/518], Reconst Loss: 125.9996, KL Div: 6.7281
Epoch[37/100], Step [500/518], Reconst Loss: 121.6848, KL Div: 6.6816
Epoch[38/100], Step [100/518], Reconst Loss: 123.0499, KL Div: 6.5992
Epoch[38/100], Step [200/518], Reconst Loss: 121.1714, KL Div: 6.7401
Epoch[38/100], Step [300/518], Reconst Loss: 121.4808, KL Div: 6.7588
Epoch[38/100], Step [400/518], Reconst Loss: 123.8207, KL Div: 6.6591
Epoch[38/100], Step [500/518], Reconst Loss: 122.0053, KL Div: 6.7021
Epoch[39/100], Step [100/518], Reconst Loss: 122.0844, KL Div: 6.9087
Epoch[39/100], Step [200/518], Reconst Loss: 126.0850, KL Div: 6.6599
Epoch[39/100], Step [300/518], Reconst Loss: 126.7003, KL Div: 6.7124
Epoch[39/100], Step [400/518], Reconst Loss: 119.9058, KL Div: 6.7096
Epoch[39/100], Step [500/518], Reconst Loss: 123.1717, KL Div: 6.7120
Epoch[40/100], Step [100/518], Reconst Loss: 124.6706, KL Div: 6.6745
Epoch[40/100], Step [200/518], Reconst Loss: 122.6758, KL Div: 6.7491
Epoch[40/100], Step [300/518], Reconst Loss: 116.9564, KL Div: 6.7254
Epoch[40/100], Step [400/518], Reconst Loss: 124.9938, KL Div: 6.8259
Epoch[40/100], Step [500/518], Reconst Loss: 124.9092, KL Div: 6.9668
Epoch[41/100], Step [100/518], Reconst Loss: 122.2093, KL Div: 6.9049
Epoch[41/100], Step [200/518], Reconst Loss: 124.4291, KL Div: 7.1220
Epoch[41/100], Step [300/518], Reconst Loss: 122.8482, KL Div: 7.0020
Epoch[41/100], Step [400/518], Reconst Loss: 126.3266, KL Div: 7.0184
Epoch[41/100], Step [500/518], Reconst Loss: 119.5191, KL Div: 6.8428
Epoch[42/100], Step [100/518], Reconst Loss: 120.7448, KL Div: 6.8699
Epoch[42/100], Step [200/518], Reconst Loss: 121.1814, KL Div: 6.7677
Epoch[42/100], Step [300/518], Reconst Loss: 116.1162, KL Div: 6.7208
Epoch[42/100], Step [400/518], Reconst Loss: 117.1958, KL Div: 6.8740
Epoch[42/100], Step [500/518], Reconst Loss: 120.4481, KL Div: 7.0652
Epoch[43/100], Step [100/518], Reconst Loss: 118.6392, KL Div: 6.9271
Epoch[43/100], Step [200/518], Reconst Loss: 120.4138, KL Div: 7.0156
Epoch[43/100], Step [300/518], Reconst Loss: 120.5222, KL Div: 6.8929
Epoch[43/100], Step [400/518], Reconst Loss: 118.8346, KL Div: 6.9791
Epoch[43/100], Step [500/518], Reconst Loss: 122.0007, KL Div: 7.0956
Epoch[44/100], Step [100/518], Reconst Loss: 117.4201, KL Div: 7.1294
Epoch[44/100], Step [200/518], Reconst Loss: 122.4543, KL Div: 7.1369
Epoch[44/100], Step [300/518], Reconst Loss: 117.9678, KL Div: 7.0319
Epoch[44/100], Step [400/518], Reconst Loss: 120.6410, KL Div: 6.9528
Epoch[44/100], Step [500/518], Reconst Loss: 116.9279, KL Div: 6.8996
Epoch[45/100], Step [100/518], Reconst Loss: 119.2992, KL Div: 7.3500
Epoch[45/100], Step [200/518], Reconst Loss: 123.3883, KL Div: 7.1581
Epoch[45/100], Step [300/518], Reconst Loss: 122.8510, KL Div: 7.3837
Epoch[45/100], Step [400/518], Reconst Loss: 118.0294, KL Div: 6.9440
Epoch[45/100], Step [500/518], Reconst Loss: 116.5160, KL Div: 6.9152
Epoch[46/100], Step [100/518], Reconst Loss: 119.5053, KL Div: 7.2799
Epoch[46/100], Step [200/518], Reconst Loss: 115.1058, KL Div: 7.1523
Epoch[46/100], Step [300/518], Reconst Loss: 119.3130, KL Div: 7.0203
Epoch[46/100], Step [400/518], Reconst Loss: 126.0765, KL Div: 7.3217
Epoch[46/100], Step [500/518], Reconst Loss: 120.7935, KL Div: 7.2060
Epoch[47/100], Step [100/518], Reconst Loss: 118.4296, KL Div: 7.1845
Epoch[47/100], Step [200/518], Reconst Loss: 120.5504, KL Div: 7.4065
Epoch[47/100], Step [300/518], Reconst Loss: 119.1253, KL Div: 7.3734
Epoch[47/100], Step [400/518], Reconst Loss: 118.7047, KL Div: 7.2929
Epoch[47/100], Step [500/518], Reconst Loss: 118.0760, KL Div: 7.2786
Epoch[48/100], Step [100/518], Reconst Loss: 120.1768, KL Div: 7.3961
Epoch[48/100], Step [200/518], Reconst Loss: 122.4678, KL Div: 7.3762
Epoch[48/100], Step [300/518], Reconst Loss: 122.7000, KL Div: 7.4443
Epoch[48/100], Step [400/518], Reconst Loss: 123.0840, KL Div: 7.4643
Epoch[48/100], Step [500/518], Reconst Loss: 121.7842, KL Div: 7.3471
Epoch[49/100], Step [100/518], Reconst Loss: 122.7283, KL Div: 7.3296
Epoch[49/100], Step [200/518], Reconst Loss: 118.7813, KL Div: 7.8192
Epoch[49/100], Step [300/518], Reconst Loss: 121.1491, KL Div: 7.5619
Epoch[49/100], Step [400/518], Reconst Loss: 117.9231, KL Div: 7.4305
Epoch[49/100], Step [500/518], Reconst Loss: 120.0151, KL Div: 7.6280
Epoch[50/100], Step [100/518], Reconst Loss: 121.5802, KL Div: 7.4571
Epoch[50/100], Step [200/518], Reconst Loss: 122.0221, KL Div: 7.6465
Epoch[50/100], Step [300/518], Reconst Loss: 117.1480, KL Div: 7.4134
Epoch[50/100], Step [400/518], Reconst Loss: 118.3864, KL Div: 7.3073
Epoch[50/100], Step [500/518], Reconst Loss: 117.9998, KL Div: 7.2048
Epoch[51/100], Step [100/518], Reconst Loss: 117.8601, KL Div: 7.3730
Epoch[51/100], Step [200/518], Reconst Loss: 118.7470, KL Div: 7.7344
Epoch[51/100], Step [300/518], Reconst Loss: 118.6362, KL Div: 7.6475
Epoch[51/100], Step [400/518], Reconst Loss: 119.8595, KL Div: 7.5829
Epoch[51/100], Step [500/518], Reconst Loss: 116.1511, KL Div: 7.5932
Epoch[52/100], Step [100/518], Reconst Loss: 117.3848, KL Div: 7.5637
Epoch[52/100], Step [200/518], Reconst Loss: 117.0863, KL Div: 7.5848
Epoch[52/100], Step [300/518], Reconst Loss: 118.3679, KL Div: 7.6824
Epoch[52/100], Step [400/518], Reconst Loss: 118.7962, KL Div: 7.7299
Epoch[52/100], Step [500/518], Reconst Loss: 118.8130, KL Div: 7.3135
Epoch[53/100], Step [100/518], Reconst Loss: 122.5751, KL Div: 7.5651
Epoch[53/100], Step [200/518], Reconst Loss: 118.8994, KL Div: 7.4714
Epoch[53/100], Step [300/518], Reconst Loss: 117.7789, KL Div: 7.6070
Epoch[53/100], Step [400/518], Reconst Loss: 126.4668, KL Div: 7.8248
Epoch[53/100], Step [500/518], Reconst Loss: 113.3502, KL Div: 7.5362
Epoch[54/100], Step [100/518], Reconst Loss: 116.5755, KL Div: 7.7487
Epoch[54/100], Step [200/518], Reconst Loss: 120.6997, KL Div: 7.8899
Epoch[54/100], Step [300/518], Reconst Loss: 115.9723, KL Div: 7.5701
Epoch[54/100], Step [400/518], Reconst Loss: 114.4739, KL Div: 7.5244
Epoch[54/100], Step [500/518], Reconst Loss: 118.5422, KL Div: 7.5720
Epoch[55/100], Step [100/518], Reconst Loss: 114.2309, KL Div: 7.7004
Epoch[55/100], Step [200/518], Reconst Loss: 113.1974, KL Div: 7.6679
Epoch[55/100], Step [300/518], Reconst Loss: 121.7983, KL Div: 7.8636
Epoch[55/100], Step [400/518], Reconst Loss: 117.8460, KL Div: 7.8215
Epoch[55/100], Step [500/518], Reconst Loss: 116.1783, KL Div: 7.5731
Epoch[56/100], Step [100/518], Reconst Loss: 116.0374, KL Div: 7.7852
Epoch[56/100], Step [200/518], Reconst Loss: 120.6809, KL Div: 7.8945
Epoch[56/100], Step [300/518], Reconst Loss: 117.7172, KL Div: 7.7633
Epoch[56/100], Step [400/518], Reconst Loss: 122.5777, KL Div: 8.2894
Epoch[56/100], Step [500/518], Reconst Loss: 116.4278, KL Div: 7.8674
Epoch[57/100], Step [100/518], Reconst Loss: 112.5199, KL Div: 7.6787
Epoch[57/100], Step [200/518], Reconst Loss: 118.3590, KL Div: 7.9308
Epoch[57/100], Step [300/518], Reconst Loss: 114.6279, KL Div: 7.7426
Epoch[57/100], Step [400/518], Reconst Loss: 117.1960, KL Div: 7.8514
Epoch[57/100], Step [500/518], Reconst Loss: 114.3868, KL Div: 7.9925
Epoch[58/100], Step [100/518], Reconst Loss: 117.3529, KL Div: 7.8062
Epoch[58/100], Step [200/518], Reconst Loss: 114.4855, KL Div: 7.6551
Epoch[58/100], Step [300/518], Reconst Loss: 117.9289, KL Div: 7.9829
Epoch[58/100], Step [400/518], Reconst Loss: 114.9255, KL Div: 7.9106
Epoch[58/100], Step [500/518], Reconst Loss: 118.5115, KL Div: 7.9748
Epoch[59/100], Step [100/518], Reconst Loss: 116.8832, KL Div: 8.1371
Epoch[59/100], Step [200/518], Reconst Loss: 117.1011, KL Div: 7.9832
Epoch[59/100], Step [300/518], Reconst Loss: 113.3472, KL Div: 7.8847
Epoch[59/100], Step [400/518], Reconst Loss: 120.0244, KL Div: 8.1306
Epoch[59/100], Step [500/518], Reconst Loss: 117.1146, KL Div: 7.8094
Epoch[60/100], Step [100/518], Reconst Loss: 119.7229, KL Div: 8.0215
Epoch[60/100], Step [200/518], Reconst Loss: 119.1342, KL Div: 8.0553
Epoch[60/100], Step [300/518], Reconst Loss: 119.9222, KL Div: 8.0804
Epoch[60/100], Step [400/518], Reconst Loss: 116.4814, KL Div: 8.2972
Epoch[60/100], Step [500/518], Reconst Loss: 120.0503, KL Div: 8.0823
Epoch[61/100], Step [100/518], Reconst Loss: 114.9163, KL Div: 8.0136
Epoch[61/100], Step [200/518], Reconst Loss: 115.1958, KL Div: 8.1298
Epoch[61/100], Step [300/518], Reconst Loss: 116.4002, KL Div: 8.4169
Epoch[61/100], Step [400/518], Reconst Loss: 118.0154, KL Div: 8.1030
Epoch[61/100], Step [500/518], Reconst Loss: 115.1178, KL Div: 8.1806
Epoch[62/100], Step [100/518], Reconst Loss: 115.4104, KL Div: 8.2040
Epoch[62/100], Step [200/518], Reconst Loss: 117.2500, KL Div: 8.3942
Epoch[62/100], Step [300/518], Reconst Loss: 115.3977, KL Div: 8.0224
Epoch[62/100], Step [400/518], Reconst Loss: 115.6199, KL Div: 8.0684
Epoch[62/100], Step [500/518], Reconst Loss: 117.2001, KL Div: 8.1243
Epoch[63/100], Step [100/518], Reconst Loss: 110.6070, KL Div: 8.3952
Epoch[63/100], Step [200/518], Reconst Loss: 114.3878, KL Div: 8.2441
Epoch[63/100], Step [300/518], Reconst Loss: 114.8100, KL Div: 8.2743
Epoch[63/100], Step [400/518], Reconst Loss: 119.0905, KL Div: 8.4688
Epoch[63/100], Step [500/518], Reconst Loss: 113.5142, KL Div: 8.1904
Epoch[64/100], Step [100/518], Reconst Loss: 111.0590, KL Div: 8.4920
Epoch[64/100], Step [200/518], Reconst Loss: 111.5248, KL Div: 8.2897
Epoch[64/100], Step [300/518], Reconst Loss: 111.6762, KL Div: 8.2357
Epoch[64/100], Step [400/518], Reconst Loss: 116.5635, KL Div: 8.1755
Epoch[64/100], Step [500/518], Reconst Loss: 113.2578, KL Div: 8.3866
Epoch[65/100], Step [100/518], Reconst Loss: 116.3128, KL Div: 8.4395
Epoch[65/100], Step [200/518], Reconst Loss: 114.3128, KL Div: 8.1913
Epoch[65/100], Step [300/518], Reconst Loss: 115.7876, KL Div: 8.4125
Epoch[65/100], Step [400/518], Reconst Loss: 118.8781, KL Div: 8.2183
Epoch[65/100], Step [500/518], Reconst Loss: 113.7232, KL Div: 8.2464
Epoch[66/100], Step [100/518], Reconst Loss: 117.2296, KL Div: 8.3801
Epoch[66/100], Step [200/518], Reconst Loss: 111.8765, KL Div: 8.3208
Epoch[66/100], Step [300/518], Reconst Loss: 114.4601, KL Div: 8.3402
Epoch[66/100], Step [400/518], Reconst Loss: 113.3541, KL Div: 8.5276
Epoch[66/100], Step [500/518], Reconst Loss: 111.7510, KL Div: 8.6014
Epoch[67/100], Step [100/518], Reconst Loss: 114.1110, KL Div: 8.3181
Epoch[67/100], Step [200/518], Reconst Loss: 113.1686, KL Div: 8.5574
Epoch[67/100], Step [300/518], Reconst Loss: 112.2404, KL Div: 8.4402
Epoch[67/100], Step [400/518], Reconst Loss: 117.2879, KL Div: 8.4048
Epoch[67/100], Step [500/518], Reconst Loss: 115.3688, KL Div: 8.2048
Epoch[68/100], Step [100/518], Reconst Loss: 119.8736, KL Div: 8.7160
Epoch[68/100], Step [200/518], Reconst Loss: 111.0760, KL Div: 8.1694
Epoch[68/100], Step [300/518], Reconst Loss: 119.1233, KL Div: 8.7099
Epoch[68/100], Step [400/518], Reconst Loss: 116.8830, KL Div: 8.7637
Epoch[68/100], Step [500/518], Reconst Loss: 109.2457, KL Div: 8.5034
Epoch[69/100], Step [100/518], Reconst Loss: 115.8724, KL Div: 8.6867
Epoch[69/100], Step [200/518], Reconst Loss: 114.9090, KL Div: 8.5214
Epoch[69/100], Step [300/518], Reconst Loss: 114.1926, KL Div: 8.6521
Epoch[69/100], Step [400/518], Reconst Loss: 114.7620, KL Div: 8.6405
Epoch[69/100], Step [500/518], Reconst Loss: 112.5520, KL Div: 8.7207
Epoch[70/100], Step [100/518], Reconst Loss: 114.7039, KL Div: 8.9300
Epoch[70/100], Step [200/518], Reconst Loss: 108.8259, KL Div: 8.1864
Epoch[70/100], Step [300/518], Reconst Loss: 113.8506, KL Div: 8.5901
Epoch[70/100], Step [400/518], Reconst Loss: 113.3831, KL Div: 8.8375
Epoch[70/100], Step [500/518], Reconst Loss: 115.6320, KL Div: 8.6989
Epoch[71/100], Step [100/518], Reconst Loss: 114.1715, KL Div: 8.7501
Epoch[71/100], Step [200/518], Reconst Loss: 118.1617, KL Div: 8.8494
Epoch[71/100], Step [300/518], Reconst Loss: 111.7228, KL Div: 8.9300
Epoch[71/100], Step [400/518], Reconst Loss: 117.8682, KL Div: 9.0876
Epoch[71/100], Step [500/518], Reconst Loss: 112.8963, KL Div: 8.5966
Epoch[72/100], Step [100/518], Reconst Loss: 111.6665, KL Div: 8.6738
Epoch[72/100], Step [200/518], Reconst Loss: 110.0933, KL Div: 8.5789
Epoch[72/100], Step [300/518], Reconst Loss: 115.0436, KL Div: 8.8084
Epoch[72/100], Step [400/518], Reconst Loss: 113.8189, KL Div: 8.3507
Epoch[72/100], Step [500/518], Reconst Loss: 109.3131, KL Div: 8.5836
Epoch[73/100], Step [100/518], Reconst Loss: 109.7632, KL Div: 8.8695
Epoch[73/100], Step [200/518], Reconst Loss: 111.5678, KL Div: 8.7762
Epoch[73/100], Step [300/518], Reconst Loss: 112.2550, KL Div: 8.6927
Epoch[73/100], Step [400/518], Reconst Loss: 111.5509, KL Div: 8.8743
Epoch[73/100], Step [500/518], Reconst Loss: 115.1960, KL Div: 8.8652
Epoch[74/100], Step [100/518], Reconst Loss: 113.7768, KL Div: 8.7935
Epoch[74/100], Step [200/518], Reconst Loss: 110.0492, KL Div: 8.7621
Epoch[74/100], Step [300/518], Reconst Loss: 115.5333, KL Div: 8.9863
Epoch[74/100], Step [400/518], Reconst Loss: 109.5568, KL Div: 8.7627
Epoch[74/100], Step [500/518], Reconst Loss: 115.7967, KL Div: 8.6491
Epoch[75/100], Step [100/518], Reconst Loss: 112.3925, KL Div: 8.8120
Epoch[75/100], Step [200/518], Reconst Loss: 113.5983, KL Div: 8.9072
Epoch[75/100], Step [300/518], Reconst Loss: 112.8646, KL Div: 8.7956
Epoch[75/100], Step [400/518], Reconst Loss: 111.2595, KL Div: 8.8863
Epoch[75/100], Step [500/518], Reconst Loss: 107.0843, KL Div: 8.4928
Epoch[76/100], Step [100/518], Reconst Loss: 112.3004, KL Div: 8.9887
Epoch[76/100], Step [200/518], Reconst Loss: 107.5971, KL Div: 8.8100
Epoch[76/100], Step [300/518], Reconst Loss: 110.8717, KL Div: 8.8621
Epoch[76/100], Step [400/518], Reconst Loss: 113.2152, KL Div: 8.9500
Epoch[76/100], Step [500/518], Reconst Loss: 112.4355, KL Div: 8.9219
Epoch[77/100], Step [100/518], Reconst Loss: 109.8561, KL Div: 8.9712
Epoch[77/100], Step [200/518], Reconst Loss: 109.4330, KL Div: 8.8196
Epoch[77/100], Step [300/518], Reconst Loss: 107.2742, KL Div: 8.6664
Epoch[77/100], Step [400/518], Reconst Loss: 110.9627, KL Div: 9.2006
Epoch[77/100], Step [500/518], Reconst Loss: 106.9061, KL Div: 8.9087
Epoch[78/100], Step [100/518], Reconst Loss: 112.6516, KL Div: 9.1220
Epoch[78/100], Step [200/518], Reconst Loss: 108.1749, KL Div: 9.1571
Epoch[78/100], Step [300/518], Reconst Loss: 113.4830, KL Div: 8.9788
Epoch[78/100], Step [400/518], Reconst Loss: 111.1362, KL Div: 8.8992
Epoch[78/100], Step [500/518], Reconst Loss: 109.3911, KL Div: 8.9178
Epoch[79/100], Step [100/518], Reconst Loss: 108.9511, KL Div: 8.9861
Epoch[79/100], Step [200/518], Reconst Loss: 112.1426, KL Div: 9.0967
Epoch[79/100], Step [300/518], Reconst Loss: 111.9168, KL Div: 8.8825
Epoch[79/100], Step [400/518], Reconst Loss: 111.5366, KL Div: 8.8912
Epoch[79/100], Step [500/518], Reconst Loss: 110.4131, KL Div: 9.3317
Epoch[80/100], Step [100/518], Reconst Loss: 109.9143, KL Div: 8.9911
Epoch[80/100], Step [200/518], Reconst Loss: 109.2474, KL Div: 9.2314
Epoch[80/100], Step [300/518], Reconst Loss: 112.4394, KL Div: 9.0043
Epoch[80/100], Step [400/518], Reconst Loss: 115.7964, KL Div: 9.2723
Epoch[80/100], Step [500/518], Reconst Loss: 113.7758, KL Div: 9.2952
Epoch[81/100], Step [100/518], Reconst Loss: 106.7132, KL Div: 8.9504
Epoch[81/100], Step [200/518], Reconst Loss: 107.9831, KL Div: 8.8916
Epoch[81/100], Step [300/518], Reconst Loss: 111.5005, KL Div: 9.2202
Epoch[81/100], Step [400/518], Reconst Loss: 111.9181, KL Div: 8.8891
Epoch[81/100], Step [500/518], Reconst Loss: 109.5374, KL Div: 9.1331
Epoch[82/100], Step [100/518], Reconst Loss: 108.0798, KL Div: 9.1454
Epoch[82/100], Step [200/518], Reconst Loss: 108.2225, KL Div: 9.2555
Epoch[82/100], Step [300/518], Reconst Loss: 112.4975, KL Div: 9.2974
Epoch[82/100], Step [400/518], Reconst Loss: 114.2952, KL Div: 9.1719
Epoch[82/100], Step [500/518], Reconst Loss: 108.5428, KL Div: 9.0765
Epoch[83/100], Step [100/518], Reconst Loss: 111.3830, KL Div: 9.0797
Epoch[83/100], Step [200/518], Reconst Loss: 114.2350, KL Div: 9.2881
Epoch[83/100], Step [300/518], Reconst Loss: 104.6844, KL Div: 9.1072
Epoch[83/100], Step [400/518], Reconst Loss: 112.2837, KL Div: 9.2118
Epoch[83/100], Step [500/518], Reconst Loss: 109.6059, KL Div: 9.0278
Epoch[84/100], Step [100/518], Reconst Loss: 111.6471, KL Div: 9.0215
Epoch[84/100], Step [200/518], Reconst Loss: 113.1424, KL Div: 9.3031
Epoch[84/100], Step [300/518], Reconst Loss: 111.8460, KL Div: 9.2030
Epoch[84/100], Step [400/518], Reconst Loss: 107.3872, KL Div: 9.2907
Epoch[84/100], Step [500/518], Reconst Loss: 110.4011, KL Div: 9.0099
Epoch[85/100], Step [100/518], Reconst Loss: 116.4266, KL Div: 9.5438
Epoch[85/100], Step [200/518], Reconst Loss: 107.8058, KL Div: 9.2072
Epoch[85/100], Step [300/518], Reconst Loss: 112.3684, KL Div: 9.2495
Epoch[85/100], Step [400/518], Reconst Loss: 102.2483, KL Div: 9.1111
Epoch[85/100], Step [500/518], Reconst Loss: 108.0515, KL Div: 9.3070
Epoch[86/100], Step [100/518], Reconst Loss: 106.0954, KL Div: 9.2930
Epoch[86/100], Step [200/518], Reconst Loss: 111.3563, KL Div: 9.2788
Epoch[86/100], Step [300/518], Reconst Loss: 108.1464, KL Div: 9.3125
Epoch[86/100], Step [400/518], Reconst Loss: 109.2019, KL Div: 9.3743
Epoch[86/100], Step [500/518], Reconst Loss: 109.9915, KL Div: 9.3718
Epoch[87/100], Step [100/518], Reconst Loss: 112.9420, KL Div: 9.6890
Epoch[87/100], Step [200/518], Reconst Loss: 105.9825, KL Div: 9.3305
Epoch[87/100], Step [300/518], Reconst Loss: 107.1513, KL Div: 9.3505
Epoch[87/100], Step [400/518], Reconst Loss: 107.4856, KL Div: 9.1956
Epoch[87/100], Step [500/518], Reconst Loss: 106.6835, KL Div: 9.3658
Epoch[88/100], Step [100/518], Reconst Loss: 107.6942, KL Div: 9.3851
Epoch[88/100], Step [200/518], Reconst Loss: 107.6635, KL Div: 9.4555
Epoch[88/100], Step [300/518], Reconst Loss: 108.9406, KL Div: 9.3504
Epoch[88/100], Step [400/518], Reconst Loss: 108.9781, KL Div: 9.2676
Epoch[88/100], Step [500/518], Reconst Loss: 107.6962, KL Div: 9.3520
Epoch[89/100], Step [100/518], Reconst Loss: 109.0269, KL Div: 9.4192
Epoch[89/100], Step [200/518], Reconst Loss: 109.8043, KL Div: 9.3266
Epoch[89/100], Step [300/518], Reconst Loss: 108.0598, KL Div: 9.2373
Epoch[89/100], Step [400/518], Reconst Loss: 106.3349, KL Div: 9.1102
Epoch[89/100], Step [500/518], Reconst Loss: 109.0069, KL Div: 9.3087
Epoch[90/100], Step [100/518], Reconst Loss: 109.1772, KL Div: 9.5522
Epoch[90/100], Step [200/518], Reconst Loss: 109.3120, KL Div: 9.5186
Epoch[90/100], Step [300/518], Reconst Loss: 106.5890, KL Div: 9.7263
Epoch[90/100], Step [400/518], Reconst Loss: 107.1919, KL Div: 9.5434
Epoch[90/100], Step [500/518], Reconst Loss: 108.5932, KL Div: 9.4253
Epoch[91/100], Step [100/518], Reconst Loss: 108.6996, KL Div: 9.5333
Epoch[91/100], Step [200/518], Reconst Loss: 106.3908, KL Div: 9.3470
Epoch[91/100], Step [300/518], Reconst Loss: 108.9772, KL Div: 9.7448
Epoch[91/100], Step [400/518], Reconst Loss: 105.8194, KL Div: 9.3855
Epoch[91/100], Step [500/518], Reconst Loss: 109.1220, KL Div: 9.6858
Epoch[92/100], Step [100/518], Reconst Loss: 108.1224, KL Div: 9.7060
Epoch[92/100], Step [200/518], Reconst Loss: 106.8918, KL Div: 9.5778
Epoch[92/100], Step [300/518], Reconst Loss: 108.6150, KL Div: 9.7680
Epoch[92/100], Step [400/518], Reconst Loss: 103.7494, KL Div: 9.3885
Epoch[92/100], Step [500/518], Reconst Loss: 110.5324, KL Div: 9.5944
Epoch[93/100], Step [100/518], Reconst Loss: 108.7988, KL Div: 9.5590
Epoch[93/100], Step [200/518], Reconst Loss: 107.4946, KL Div: 9.3215
Epoch[93/100], Step [300/518], Reconst Loss: 109.3148, KL Div: 9.5523
Epoch[93/100], Step [400/518], Reconst Loss: 111.3991, KL Div: 9.3722
Epoch[93/100], Step [500/518], Reconst Loss: 111.0892, KL Div: 9.6128
Epoch[94/100], Step [100/518], Reconst Loss: 111.1875, KL Div: 10.0000
Epoch[94/100], Step [200/518], Reconst Loss: 107.6885, KL Div: 9.6180
Epoch[94/100], Step [300/518], Reconst Loss: 109.0966, KL Div: 9.7853
Epoch[94/100], Step [400/518], Reconst Loss: 107.7712, KL Div: 9.4894
Epoch[94/100], Step [500/518], Reconst Loss: 110.5945, KL Div: 9.9505
Epoch[95/100], Step [100/518], Reconst Loss: 106.2460, KL Div: 9.4001
Epoch[95/100], Step [200/518], Reconst Loss: 107.5928, KL Div: 9.5649
Epoch[95/100], Step [300/518], Reconst Loss: 110.4090, KL Div: 9.5048
Epoch[95/100], Step [400/518], Reconst Loss: 108.0500, KL Div: 9.7641
Epoch[95/100], Step [500/518], Reconst Loss: 108.3866, KL Div: 9.6494
Epoch[96/100], Step [100/518], Reconst Loss: 106.3562, KL Div: 9.7592
Epoch[96/100], Step [200/518], Reconst Loss: 104.5822, KL Div: 9.8606
Epoch[96/100], Step [300/518], Reconst Loss: 107.3019, KL Div: 9.7447
Epoch[96/100], Step [400/518], Reconst Loss: 104.0497, KL Div: 9.6321
Epoch[96/100], Step [500/518], Reconst Loss: 106.8922, KL Div: 9.7053
Epoch[97/100], Step [100/518], Reconst Loss: 109.4076, KL Div: 9.7953
Epoch[97/100], Step [200/518], Reconst Loss: 107.5673, KL Div: 9.8965
Epoch[97/100], Step [300/518], Reconst Loss: 104.8024, KL Div: 9.7824
Epoch[97/100], Step [400/518], Reconst Loss: 105.7286, KL Div: 9.4306
Epoch[97/100], Step [500/518], Reconst Loss: 107.9159, KL Div: 9.8734
Epoch[98/100], Step [100/518], Reconst Loss: 104.6804, KL Div: 9.6942
Epoch[98/100], Step [200/518], Reconst Loss: 101.6485, KL Div: 9.7000
Epoch[98/100], Step [300/518], Reconst Loss: 108.1615, KL Div: 9.6526
Epoch[98/100], Step [400/518], Reconst Loss: 110.3699, KL Div: 9.7980
Epoch[98/100], Step [500/518], Reconst Loss: 105.7651, KL Div: 9.8438
Epoch[99/100], Step [100/518], Reconst Loss: 109.3089, KL Div: 10.0168
Epoch[99/100], Step [200/518], Reconst Loss: 106.5466, KL Div: 9.6037
Epoch[99/100], Step [300/518], Reconst Loss: 107.3651, KL Div: 9.9582
Epoch[99/100], Step [400/518], Reconst Loss: 106.7329, KL Div: 9.8760
Epoch[99/100], Step [500/518], Reconst Loss: 106.7760, KL Div: 9.8267
Epoch[100/100], Step [100/518], Reconst Loss: 106.9950, KL Div: 9.8726
Epoch[100/100], Step [200/518], Reconst Loss: 109.1896, KL Div: 9.6351
Epoch[100/100], Step [300/518], Reconst Loss: 103.0578, KL Div: 9.8692
Epoch[100/100], Step [400/518], Reconst Loss: 104.9404, KL Div: 9.9327
Epoch[100/100], Step [500/518], Reconst Loss: 103.0145, KL Div: 9.9842
============================================================

Topics:
['首席', '伴娘', '到来', '希望', '当过', '早', '想像', '约', '轮流', '慢', '废话少说', '虎胆龙威', '人选', '模样', '试', '片段', '看吧', '扔', '想都别想', '说完']+++$+++cv:0.34847275678129075+++$+++w2v:0.41141754388809204
['区', '爱抚', '再来', '脚趾', '再配', '兴奋', '搭配', '误差', '七区', '一起来', '转', '配', '算', '性感', '闭嘴', '博士', '医生', '抬', '疯', '慢慢来']+++$+++cv:0.27911629292256107+++$+++w2v:0.4275045394897461
['孩子', '送走', '胖乎乎', '小狗', '亲生', '遗弃', '每况愈下', '发自肺腑', '父母', '小手指', '权威', '如意', '句句', '急降', '降生', '前辈', '痛苦', '要说', '匹配', '前途']+++$+++cv:0.2383082422166664+++$+++w2v:0.46605950593948364
['伊娃', '威特福德', '罗威', '公司', '章程', '同谋者', '策划', '尸体', '串通', '发现', '袭击', '房子', '甜甜圈', '反转', '调查', '证据', '死', '写成', '辆', '公寓']+++$+++cv:0.3920211682800379+++$+++w2v:0.44829902052879333
['猫', '暖暖', '乖乖', '臭臭', '唱', '呼噜', '宝宝', '小小', '从头开始', '快乐', '再试一次', '绒球', '瞌睡', '之处', '小毛', '感觉到', '遍', '不在', '首歌', '唱起']+++$+++cv:0.34489684100565865+++$+++w2v:0.4999919533729553
['块', '吼', '牌', '派对', '比赛', '钱包', '再来', '花', '棒极了', '一对', '没钱', '男', '学校', '好运', '祝', '发声', '算', '休息', '预算', '涨价']+++$+++cv:0.33772481616587335+++$+++w2v:0.4252263903617859
['手机', '网络', '犯罪', '朗', '尼', '一次性', '按键', '新型', '理', '震动', '谋杀', '按钮', '公司', '测', '记', '抗争', '电脑', '停靠', '数据库', '部']+++$+++cv:0.3183321670750191+++$+++w2v:0.44206127524375916
['萎缩性', '丘疹', '恶性', '病', '治疗', '血管', '活检', '搏', '导致', '推注', '孩子', '阻塞', '静脉', '冠脉', '治', '红疹', '停', '他用', '药', '心脏']+++$+++cv:0.6203991785359956+++$+++w2v:0.502789318561554
['宝宝', '否决', '顶', '遍', '开除', '好听', '通知', '平心静气', '希望', '神奇', '发生', '孩子', '萝丝', '理由', '玩笑', '海伦', '错误', '尴尬', '谋杀', '组']+++$+++cv:0.3516595726469678+++$+++w2v:0.412249892950058
['珐', '作好', '贾', '烦恼', '寻找', '哈利路亚', '审判', '忘却', '快乐', '通通', '咒语', '丢掉', '担忧', '老师', '喊声', '说完', '爸爸', '提', '大厅', '孩子']+++$+++cv:0.29547051618216064+++$+++w2v:0.46432989835739136
c_v for $VAE_K10_subX_BCE$: 0.3526401551812231
c_w2v for $VAE_K10_subX_BCE$: 0.44999295473098755
c_uci for $VAE_K10_subX_BCE$: -4.465232641846162
c_npmi for $VAE_K10_subX_BCE$: -0.11096958197564384
t_div for $VAE_K10_subX_BCE$: 0.94
