VAE(
  (fc1): Linear(in_features=38631, out_features=1024, bias=True)
  (fc2): Linear(in_features=1024, out_features=40, bias=True)
  (fc3): Linear(in_features=1024, out_features=40, bias=True)
  (fc4): Linear(in_features=40, out_features=40, bias=True)
  (fc5): Linear(in_features=40, out_features=1024, bias=True)
  (fc6): Linear(in_features=1024, out_features=38631, bias=True)
)
==============================Loss==============================
Epoch[1/40], Step [100/518], Reconst Loss: 208.5184, KL Div: 33.2147
Epoch[1/40], Step [200/518], Reconst Loss: 154.3110, KL Div: 14.4581
Epoch[1/40], Step [300/518], Reconst Loss: 144.4322, KL Div: 1.3699
Epoch[1/40], Step [400/518], Reconst Loss: 144.3522, KL Div: 0.2415
Epoch[1/40], Step [500/518], Reconst Loss: 142.7018, KL Div: 0.2140
Epoch[2/40], Step [100/518], Reconst Loss: 142.0972, KL Div: 0.2028
Epoch[2/40], Step [200/518], Reconst Loss: 147.4541, KL Div: 0.2608
Epoch[2/40], Step [300/518], Reconst Loss: 148.1000, KL Div: 0.2700
Epoch[2/40], Step [400/518], Reconst Loss: 144.4336, KL Div: 0.3742
Epoch[2/40], Step [500/518], Reconst Loss: 143.1895, KL Div: 0.4940
Epoch[3/40], Step [100/518], Reconst Loss: 142.9537, KL Div: 0.6870
Epoch[3/40], Step [200/518], Reconst Loss: 139.2271, KL Div: 0.7791
Epoch[3/40], Step [300/518], Reconst Loss: 141.1922, KL Div: 0.7110
Epoch[3/40], Step [400/518], Reconst Loss: 141.0360, KL Div: 0.6811
Epoch[3/40], Step [500/518], Reconst Loss: 145.7295, KL Div: 0.7450
Epoch[4/40], Step [100/518], Reconst Loss: 140.3515, KL Div: 0.7570
Epoch[4/40], Step [200/518], Reconst Loss: 140.9821, KL Div: 0.8486
Epoch[4/40], Step [300/518], Reconst Loss: 142.0256, KL Div: 0.7913
Epoch[4/40], Step [400/518], Reconst Loss: 144.1018, KL Div: 1.0014
Epoch[4/40], Step [500/518], Reconst Loss: 142.4921, KL Div: 1.2444
Epoch[5/40], Step [100/518], Reconst Loss: 141.0508, KL Div: 1.4560
Epoch[5/40], Step [200/518], Reconst Loss: 142.2745, KL Div: 1.6031
Epoch[5/40], Step [300/518], Reconst Loss: 139.3157, KL Div: 1.5177
Epoch[5/40], Step [400/518], Reconst Loss: 142.1410, KL Div: 1.6207
Epoch[5/40], Step [500/518], Reconst Loss: 136.8755, KL Div: 1.6544
Epoch[6/40], Step [100/518], Reconst Loss: 137.4062, KL Div: 1.8597
Epoch[6/40], Step [200/518], Reconst Loss: 139.6778, KL Div: 1.9116
Epoch[6/40], Step [300/518], Reconst Loss: 139.8385, KL Div: 2.0641
Epoch[6/40], Step [400/518], Reconst Loss: 140.1013, KL Div: 2.0672
Epoch[6/40], Step [500/518], Reconst Loss: 136.6470, KL Div: 2.0920
Epoch[7/40], Step [100/518], Reconst Loss: 134.6677, KL Div: 2.2286
Epoch[7/40], Step [200/518], Reconst Loss: 141.8576, KL Div: 2.4105
Epoch[7/40], Step [300/518], Reconst Loss: 141.0057, KL Div: 2.6046
Epoch[7/40], Step [400/518], Reconst Loss: 134.9411, KL Div: 2.4420
Epoch[7/40], Step [500/518], Reconst Loss: 133.3223, KL Div: 2.4643
Epoch[8/40], Step [100/518], Reconst Loss: 136.8061, KL Div: 2.6841
Epoch[8/40], Step [200/518], Reconst Loss: 132.0916, KL Div: 2.6137
Epoch[8/40], Step [300/518], Reconst Loss: 138.5794, KL Div: 2.8167
Epoch[8/40], Step [400/518], Reconst Loss: 136.6047, KL Div: 2.7056
Epoch[8/40], Step [500/518], Reconst Loss: 140.6391, KL Div: 2.9219
Epoch[9/40], Step [100/518], Reconst Loss: 129.6598, KL Div: 2.9393
Epoch[9/40], Step [200/518], Reconst Loss: 132.8362, KL Div: 2.9998
Epoch[9/40], Step [300/518], Reconst Loss: 132.5227, KL Div: 2.9780
Epoch[9/40], Step [400/518], Reconst Loss: 135.7193, KL Div: 2.9895
Epoch[9/40], Step [500/518], Reconst Loss: 133.5621, KL Div: 3.0244
Epoch[10/40], Step [100/518], Reconst Loss: 136.2451, KL Div: 3.0435
Epoch[10/40], Step [200/518], Reconst Loss: 132.8299, KL Div: 3.0781
Epoch[10/40], Step [300/518], Reconst Loss: 133.4928, KL Div: 2.9466
Epoch[10/40], Step [400/518], Reconst Loss: 139.1086, KL Div: 3.1896
Epoch[10/40], Step [500/518], Reconst Loss: 132.3626, KL Div: 3.1469
Epoch[11/40], Step [100/518], Reconst Loss: 131.8692, KL Div: 3.2356
Epoch[11/40], Step [200/518], Reconst Loss: 135.2107, KL Div: 3.1921
Epoch[11/40], Step [300/518], Reconst Loss: 139.0830, KL Div: 3.3329
Epoch[11/40], Step [400/518], Reconst Loss: 136.2888, KL Div: 3.2634
Epoch[11/40], Step [500/518], Reconst Loss: 134.7354, KL Div: 3.3612
Epoch[12/40], Step [100/518], Reconst Loss: 135.2150, KL Div: 3.4638
Epoch[12/40], Step [200/518], Reconst Loss: 134.0150, KL Div: 3.4387
Epoch[12/40], Step [300/518], Reconst Loss: 131.2086, KL Div: 3.4136
Epoch[12/40], Step [400/518], Reconst Loss: 130.9666, KL Div: 3.5049
Epoch[12/40], Step [500/518], Reconst Loss: 130.4463, KL Div: 3.6176
Epoch[13/40], Step [100/518], Reconst Loss: 132.5952, KL Div: 3.6269
Epoch[13/40], Step [200/518], Reconst Loss: 131.4267, KL Div: 3.7086
Epoch[13/40], Step [300/518], Reconst Loss: 132.0251, KL Div: 3.6624
Epoch[13/40], Step [400/518], Reconst Loss: 129.6977, KL Div: 3.6541
Epoch[13/40], Step [500/518], Reconst Loss: 129.4773, KL Div: 3.8118
Epoch[14/40], Step [100/518], Reconst Loss: 131.3332, KL Div: 3.8826
Epoch[14/40], Step [200/518], Reconst Loss: 134.7330, KL Div: 3.8435
Epoch[14/40], Step [300/518], Reconst Loss: 135.8241, KL Div: 3.9467
Epoch[14/40], Step [400/518], Reconst Loss: 133.1248, KL Div: 3.9633
Epoch[14/40], Step [500/518], Reconst Loss: 133.7083, KL Div: 3.9662
Epoch[15/40], Step [100/518], Reconst Loss: 129.5593, KL Div: 3.9003
Epoch[15/40], Step [200/518], Reconst Loss: 136.7304, KL Div: 4.0806
Epoch[15/40], Step [300/518], Reconst Loss: 129.9195, KL Div: 4.0106
Epoch[15/40], Step [400/518], Reconst Loss: 129.4665, KL Div: 4.1925
Epoch[15/40], Step [500/518], Reconst Loss: 129.0063, KL Div: 4.0047
Epoch[16/40], Step [100/518], Reconst Loss: 126.1154, KL Div: 4.1955
Epoch[16/40], Step [200/518], Reconst Loss: 131.2163, KL Div: 4.3087
Epoch[16/40], Step [300/518], Reconst Loss: 133.0694, KL Div: 4.4029
Epoch[16/40], Step [400/518], Reconst Loss: 129.8504, KL Div: 4.2514
Epoch[16/40], Step [500/518], Reconst Loss: 128.4571, KL Div: 4.2509
Epoch[17/40], Step [100/518], Reconst Loss: 126.9084, KL Div: 4.2278
Epoch[17/40], Step [200/518], Reconst Loss: 130.6375, KL Div: 4.4947
Epoch[17/40], Step [300/518], Reconst Loss: 131.8581, KL Div: 4.5530
Epoch[17/40], Step [400/518], Reconst Loss: 135.2652, KL Div: 4.5472
Epoch[17/40], Step [500/518], Reconst Loss: 131.9976, KL Div: 4.5427
Epoch[18/40], Step [100/518], Reconst Loss: 130.6023, KL Div: 4.5233
Epoch[18/40], Step [200/518], Reconst Loss: 129.1369, KL Div: 4.7683
Epoch[18/40], Step [300/518], Reconst Loss: 131.2699, KL Div: 4.9204
Epoch[18/40], Step [400/518], Reconst Loss: 128.8115, KL Div: 4.6822
Epoch[18/40], Step [500/518], Reconst Loss: 129.5078, KL Div: 4.6695
Epoch[19/40], Step [100/518], Reconst Loss: 126.3389, KL Div: 4.6472
Epoch[19/40], Step [200/518], Reconst Loss: 129.5860, KL Div: 4.5584
Epoch[19/40], Step [300/518], Reconst Loss: 127.2421, KL Div: 4.5202
Epoch[19/40], Step [400/518], Reconst Loss: 123.7437, KL Div: 4.6149
Epoch[19/40], Step [500/518], Reconst Loss: 132.2328, KL Div: 4.6956
Epoch[20/40], Step [100/518], Reconst Loss: 129.0078, KL Div: 4.7698
Epoch[20/40], Step [200/518], Reconst Loss: 127.7845, KL Div: 4.8984
Epoch[20/40], Step [300/518], Reconst Loss: 130.3975, KL Div: 4.7301
Epoch[20/40], Step [400/518], Reconst Loss: 128.0839, KL Div: 4.7772
Epoch[20/40], Step [500/518], Reconst Loss: 123.9258, KL Div: 4.7058
Epoch[21/40], Step [100/518], Reconst Loss: 128.4631, KL Div: 4.8317
Epoch[21/40], Step [200/518], Reconst Loss: 127.9069, KL Div: 4.8603
Epoch[21/40], Step [300/518], Reconst Loss: 131.1108, KL Div: 4.8494
Epoch[21/40], Step [400/518], Reconst Loss: 125.1746, KL Div: 4.7472
Epoch[21/40], Step [500/518], Reconst Loss: 134.9774, KL Div: 5.0117
Epoch[22/40], Step [100/518], Reconst Loss: 126.4544, KL Div: 5.0106
Epoch[22/40], Step [200/518], Reconst Loss: 123.1385, KL Div: 5.1190
Epoch[22/40], Step [300/518], Reconst Loss: 132.0919, KL Div: 4.9078
Epoch[22/40], Step [400/518], Reconst Loss: 123.8321, KL Div: 4.9357
Epoch[22/40], Step [500/518], Reconst Loss: 122.2204, KL Div: 4.8035
Epoch[23/40], Step [100/518], Reconst Loss: 128.2621, KL Div: 5.0407
Epoch[23/40], Step [200/518], Reconst Loss: 129.7388, KL Div: 5.1863
Epoch[23/40], Step [300/518], Reconst Loss: 124.2130, KL Div: 5.0704
Epoch[23/40], Step [400/518], Reconst Loss: 126.7701, KL Div: 5.0460
Epoch[23/40], Step [500/518], Reconst Loss: 124.4066, KL Div: 5.1154
Epoch[24/40], Step [100/518], Reconst Loss: 127.8302, KL Div: 5.0117
Epoch[24/40], Step [200/518], Reconst Loss: 126.9855, KL Div: 5.1497
Epoch[24/40], Step [300/518], Reconst Loss: 126.1959, KL Div: 5.2180
Epoch[24/40], Step [400/518], Reconst Loss: 125.5639, KL Div: 5.1177
Epoch[24/40], Step [500/518], Reconst Loss: 127.2577, KL Div: 5.1335
Epoch[25/40], Step [100/518], Reconst Loss: 128.8181, KL Div: 5.3997
Epoch[25/40], Step [200/518], Reconst Loss: 123.6225, KL Div: 5.1135
Epoch[25/40], Step [300/518], Reconst Loss: 128.0403, KL Div: 5.1631
Epoch[25/40], Step [400/518], Reconst Loss: 130.8065, KL Div: 5.3859
Epoch[25/40], Step [500/518], Reconst Loss: 124.2062, KL Div: 5.2749
Epoch[26/40], Step [100/518], Reconst Loss: 124.0193, KL Div: 5.1754
Epoch[26/40], Step [200/518], Reconst Loss: 122.2506, KL Div: 5.3253
Epoch[26/40], Step [300/518], Reconst Loss: 130.2153, KL Div: 5.3524
Epoch[26/40], Step [400/518], Reconst Loss: 127.4964, KL Div: 5.3753
Epoch[26/40], Step [500/518], Reconst Loss: 130.0512, KL Div: 5.4121
Epoch[27/40], Step [100/518], Reconst Loss: 123.7335, KL Div: 5.3401
Epoch[27/40], Step [200/518], Reconst Loss: 127.9999, KL Div: 5.2923
Epoch[27/40], Step [300/518], Reconst Loss: 128.7537, KL Div: 5.4589
Epoch[27/40], Step [400/518], Reconst Loss: 128.0938, KL Div: 5.4073
Epoch[27/40], Step [500/518], Reconst Loss: 123.1314, KL Div: 5.2135
Epoch[28/40], Step [100/518], Reconst Loss: 122.0926, KL Div: 5.5131
Epoch[28/40], Step [200/518], Reconst Loss: 124.6661, KL Div: 5.3263
Epoch[28/40], Step [300/518], Reconst Loss: 128.1750, KL Div: 5.3522
Epoch[28/40], Step [400/518], Reconst Loss: 127.0894, KL Div: 5.5351
Epoch[28/40], Step [500/518], Reconst Loss: 128.0081, KL Div: 5.4158
Epoch[29/40], Step [100/518], Reconst Loss: 126.5273, KL Div: 5.6206
Epoch[29/40], Step [200/518], Reconst Loss: 125.8358, KL Div: 5.4246
Epoch[29/40], Step [300/518], Reconst Loss: 127.3792, KL Div: 5.4050
Epoch[29/40], Step [400/518], Reconst Loss: 122.9651, KL Div: 5.4570
Epoch[29/40], Step [500/518], Reconst Loss: 126.3521, KL Div: 5.5311
Epoch[30/40], Step [100/518], Reconst Loss: 124.7273, KL Div: 5.4539
Epoch[30/40], Step [200/518], Reconst Loss: 126.5352, KL Div: 5.6221
Epoch[30/40], Step [300/518], Reconst Loss: 119.1862, KL Div: 5.5974
Epoch[30/40], Step [400/518], Reconst Loss: 127.4254, KL Div: 5.5342
Epoch[30/40], Step [500/518], Reconst Loss: 127.1971, KL Div: 5.4638
Epoch[31/40], Step [100/518], Reconst Loss: 125.0554, KL Div: 5.7197
Epoch[31/40], Step [200/518], Reconst Loss: 122.1832, KL Div: 5.6033
Epoch[31/40], Step [300/518], Reconst Loss: 126.2951, KL Div: 5.7465
Epoch[31/40], Step [400/518], Reconst Loss: 128.4839, KL Div: 5.7538
Epoch[31/40], Step [500/518], Reconst Loss: 124.3966, KL Div: 5.7228
Epoch[32/40], Step [100/518], Reconst Loss: 123.2382, KL Div: 5.7715
Epoch[32/40], Step [200/518], Reconst Loss: 123.2240, KL Div: 5.7081
Epoch[32/40], Step [300/518], Reconst Loss: 122.4933, KL Div: 5.6615
Epoch[32/40], Step [400/518], Reconst Loss: 127.5514, KL Div: 5.9461
Epoch[32/40], Step [500/518], Reconst Loss: 126.6181, KL Div: 5.6604
Epoch[33/40], Step [100/518], Reconst Loss: 121.8488, KL Div: 5.7348
Epoch[33/40], Step [200/518], Reconst Loss: 118.8183, KL Div: 5.7232
Epoch[33/40], Step [300/518], Reconst Loss: 122.9095, KL Div: 5.8366
Epoch[33/40], Step [400/518], Reconst Loss: 124.7749, KL Div: 5.8464
Epoch[33/40], Step [500/518], Reconst Loss: 125.6401, KL Div: 5.8086
Epoch[34/40], Step [100/518], Reconst Loss: 121.6243, KL Div: 6.0832
Epoch[34/40], Step [200/518], Reconst Loss: 121.1963, KL Div: 5.9737
Epoch[34/40], Step [300/518], Reconst Loss: 124.4467, KL Div: 5.8526
Epoch[34/40], Step [400/518], Reconst Loss: 127.2642, KL Div: 6.0429
Epoch[34/40], Step [500/518], Reconst Loss: 126.1384, KL Div: 6.0192
Epoch[35/40], Step [100/518], Reconst Loss: 120.0736, KL Div: 6.2072
Epoch[35/40], Step [200/518], Reconst Loss: 121.8803, KL Div: 6.1236
Epoch[35/40], Step [300/518], Reconst Loss: 119.6747, KL Div: 5.9683
Epoch[35/40], Step [400/518], Reconst Loss: 117.2056, KL Div: 6.0346
Epoch[35/40], Step [500/518], Reconst Loss: 120.0796, KL Div: 5.9139
Epoch[36/40], Step [100/518], Reconst Loss: 123.1824, KL Div: 6.1314
Epoch[36/40], Step [200/518], Reconst Loss: 121.7360, KL Div: 6.0346
Epoch[36/40], Step [300/518], Reconst Loss: 122.7301, KL Div: 6.2735
Epoch[36/40], Step [400/518], Reconst Loss: 126.7037, KL Div: 6.1871
Epoch[36/40], Step [500/518], Reconst Loss: 114.7174, KL Div: 6.0299
Epoch[37/40], Step [100/518], Reconst Loss: 124.8327, KL Div: 6.5528
Epoch[37/40], Step [200/518], Reconst Loss: 123.3812, KL Div: 6.5069
Epoch[37/40], Step [300/518], Reconst Loss: 124.6727, KL Div: 6.4287
Epoch[37/40], Step [400/518], Reconst Loss: 120.4586, KL Div: 6.5150
Epoch[37/40], Step [500/518], Reconst Loss: 121.5848, KL Div: 6.5611
Epoch[38/40], Step [100/518], Reconst Loss: 122.4408, KL Div: 6.6873
Epoch[38/40], Step [200/518], Reconst Loss: 119.8554, KL Div: 6.5113
Epoch[38/40], Step [300/518], Reconst Loss: 119.6047, KL Div: 6.5978
Epoch[38/40], Step [400/518], Reconst Loss: 122.2410, KL Div: 6.6176
Epoch[38/40], Step [500/518], Reconst Loss: 120.9572, KL Div: 6.4897
Epoch[39/40], Step [100/518], Reconst Loss: 124.4564, KL Div: 6.6951
Epoch[39/40], Step [200/518], Reconst Loss: 123.0724, KL Div: 6.6722
Epoch[39/40], Step [300/518], Reconst Loss: 120.5190, KL Div: 6.7452
Epoch[39/40], Step [400/518], Reconst Loss: 122.0821, KL Div: 6.8470
Epoch[39/40], Step [500/518], Reconst Loss: 116.9537, KL Div: 6.5118
Epoch[40/40], Step [100/518], Reconst Loss: 123.8038, KL Div: 6.9989
Epoch[40/40], Step [200/518], Reconst Loss: 116.7650, KL Div: 6.7961
Epoch[40/40], Step [300/518], Reconst Loss: 119.5521, KL Div: 6.7383
Epoch[40/40], Step [400/518], Reconst Loss: 116.6880, KL Div: 6.7397
Epoch[40/40], Step [500/518], Reconst Loss: 127.7097, KL Div: 6.7278
============================================================

Topics:
['爸爸', '妈妈', '发生', '车', '枪', '狗', '回来', '听到', '恶魔', '地方', '离开', '鬼', '爬', '快点', '房间', '手', '死', '什么事', '外面', '妈']+++$+++cv:0.3113451518728902+++$+++w2v:0.4657250940799713
['医生', '韦伯', '病人', '去找', '病', '医院', '检查', '症状', '博士', '护士', '治疗', '人命关天', '药', '走红', '走上', '针灸师', '感觉', '泰', '医师', '镜像']+++$+++cv:0.3718068613726163+++$+++w2v:0.4565669000148773
['死', '也许', '地方', '恶魔', '发生', '天使', '地狱', '事情', '肯定', '明白', '杀', '时间', '怪物', '上帝', '想要', '离开', '回来', '希望', '听到', '名字']+++$+++cv:0.3542853956648341+++$+++w2v:0.479043185710907
['记得', '肯定', '写', '名字', '地方', '回来', '什么事', '死', '见过', '亲爱的', '明白', '也许', '发生', '太好了', '干什么', '事情', '见到', '伙计', '女人', '好像']+++$+++cv:0.276267607249502+++$+++w2v:0.48266345262527466
['发生', '死', '地方', '回来', '也许', '爸爸', '肯定', '妈妈', '事情', '记得', '听到', '明白', '亲爱的', '女人', '鬼', '时间', '伙计', '家伙', '希望', '什么事']+++$+++cv:0.29721174869125827+++$+++w2v:0.4852638840675354
['女人', '萝', '肯定', '男人', '犹太人', '孩子', '关系', '研究', '孩子们', '学校', '上帝', '参加', '课程', '教', '犹太', '聪明', '也许', '生活', '胡', '约会']+++$+++cv:0.23830827015524675+++$+++w2v:0.43919897079467773
['邬', '勾阿', '法官', '阁下', '利兹', '函', '大人', '竞选', '喉管', '双双', '派', '贾', '密谋', '体育版', '反对', '珐', '审判', '宣告', '受保护', '塑料袋']+++$+++cv:0.3992068302194375+++$+++w2v:0.45150309801101685
['熊猫', '性骚扰', '南方', '公园', '孩子们', '内裤', '咖啡', '报告', '起诉', '不爽', '企业', '孩子', '写', '舔', '大盗', '脸', '大惊小怪', '屁', '便便', '友好']+++$+++cv:0.2745547812763346+++$+++w2v:0.42903023958206177
['病人', '也许', '医生', '明白', '肯定', '上帝', '原因', '写', '研究', '医院', '时间', '想要', '名字', '死', '懂', '手术', '发现', '事情', '希望', '生活']+++$+++cv:0.2856438773627794+++$+++w2v:0.46506839990615845
['传球', '弹琴', '裤子', '得分', '进攻', '赢', '南线', '手', '比赛', '正面', '宽领带', '临场', '天哪', '味道', '滑', '热', '乳液', '扯掉', '果汁', '这双']+++$+++cv:0.4604755625170333+++$+++w2v:0.4209941327571869
['研究', '粉丝', '蕾妮', '道夫', '大脚怪', '哈密顿', '钻石', '僵尸', '探长', '写', '名字', '历史', '兰', '爱丽丝', '项目', '死者', '凶手', '博士', '发现', '关系']+++$+++cv:0.28402308923471026+++$+++w2v:0.43596044182777405
['地方', '也许', '肯定', '死', '发现', '写', '名字', '僵尸', '恶魔', '杀', '大脚怪', '明白', '怪物', '天使', '世界', '发生', '鬼魂', '尸体', '想要', '事情']+++$+++cv:0.34213155224332287+++$+++w2v:0.4600193500518799
['写', '电影', '名字', '肯定', '蝙蝠', '女人', '粉丝', '明白', '地方', '游戏', '见过', '也许', '死', '书', '世界', '发生', '故事', '看过', '角色', '想要']+++$+++cv:0.2841450956934415+++$+++w2v:0.44600605964660645
['医生', '开枪', '求援', '解药', '放下', '钩', '死', '坍塌', '提', '枪', '厄', '天花', '武器', '抬', '疫苗', '沉下去', '上校', '杀', '控制杆', '脓疱']+++$+++cv:0.39433873908691697+++$+++w2v:0.44869178533554077
['占领', '华尔街', '拍', '抗议', '人群', '街', '说话算数', '大街', '长长', '巴西', '开拍', '货车', '监控', '分钟', '合影', '分', '辆', '豪士顿', '时间', '城中']+++$+++cv:0.22421617561325147+++$+++w2v:0.45715874433517456
['木屐', '爪子', '身手', '练练', '下车', '抽出来', '晚安', '摊位', '上车', '木头', '飙', '烘干', '典', '站住', '停', '手机', '托盘', '包', '厢', '郊外']+++$+++cv:0.5309276064745903+++$+++w2v:0.4185922145843506
['写', '电影', '研究', '角色', '表演', '女人', '美国', '课', '大学', '明白', '游戏', '生活', '书', '演员', '世界', '科学', '参加', '名字', '肯定', '奖']+++$+++cv:0.32993518271216976+++$+++w2v:0.4482289254665375
['研究', '粉丝', '公司', '道夫', '项目', '美国', '角色', '奖', '写', '大学', '兰', '蝙蝠', '女王', '乐队', '节目', '网站', '科学家', '历史', '表演', '杂志']+++$+++cv:0.26052160258838397+++$+++w2v:0.43384069204330444
['研究', '人类', '天使', '上帝', '天启', '信仰', '巫师', '地狱', '耶稣', '名字', '灵魂', '世界', '恶魔', '也许', '写', '发现', '咒语', '死神', '力量', '骑士']+++$+++cv:0.4314195674318054+++$+++w2v:0.4669528007507324
['旗帜', '陀螺', '吼', '欢乐', '圣诞', '莱檬', '有趣', '划', '博士', '刷', '歌唱', '泥巴', '圣诞节', '唱', '回忆', '节目', '放在', '划着', '集', '船儿']+++$+++cv:0.25448152976473903+++$+++w2v:0.4491952955722809
['导致', '牡蛎', '解释', '弧菌', '症状', '病', '梦游', '林', '血色', '大事件', '沉着', '利他', '疲软', '亢进', '归于', '治疗', '更年期', '肝脏', '孩子', '妈妈']+++$+++cv:0.33397130754412807+++$+++w2v:0.47251826524734497
['研究', '兰', '道夫', '项目', '科学家', '哈密顿', '领域', '博士', '基金会', '大学', '童话', '职位', '网络', '团队', '同性恋', '网站', '女性', '科学', '信仰', '大爆炸']+++$+++cv:0.3405082674791983+++$+++w2v:0.44323739409446716
['研究', '写', '博士', '名字', '人类', '肯定', '发现', '世界', '游戏', '也许', '明白', '美国', '故事', '科学家', '地方', '历史', '死', '科学', '僵尸', '咬']+++$+++cv:0.32986443159008016+++$+++w2v:0.44271284341812134
['死', '恶魔', '地狱', '事情', '也许', '杀', '发生', '灵魂', '天使', '怪物', '上帝', '回来', '明白', '离开', '地方', '感觉', '想要', '肯定', '希望', '时间']+++$+++cv:0.379688401678638+++$+++w2v:0.48070335388183594
['肯定', '名字', '也许', '写', '明白', '死', '发现', '地方', '时间', '想要', '游戏', '博士', '发生', '希望', '世界', '第一', '像是', '懂', '研究', '人类']+++$+++cv:0.2737236470297301+++$+++w2v:0.4513024389743805
['公司', '生活', '奖学金', '建立', '家族', '女人', '竞选', '研究', '继承', '关系', '协议', '大学', '事业', '发现', '妻子', '改变', '证明', '原因', '客户', '女王']+++$+++cv:0.2562773790977385+++$+++w2v:0.43971937894821167
['研究', '医院', '屎', '吸烟', '人类', '交流', '病人', '试验', '兔子', '刷新', '蝙蝠', '键', '舞', '论文', '项目', '排名', '猪', '医生', '疟疾', '鸡蛋']+++$+++cv:0.3635043731870583+++$+++w2v:0.40231260657310486
['约会', '参加', '大学', '写', '研究', '女人', '邀请', '关系', '学生', '同性恋', '高中', '舞会', '学校', '角色', '生活', '肯定', '介绍', '男人', '嫉妒', '原因']+++$+++cv:0.32867491531522564+++$+++w2v:0.45499247312545776
['求婚', '新年快乐', '码字', '备胎', '首席', '发薪水', '嫁给', '伴娘', '兄弟们', '亲', '十之八九', '亲爱的', '一不小心', '严格说来', '黑名单', '戒指', '午夜', '结婚', '配不上', '闪开']+++$+++cv:0.4663911443786519+++$+++w2v:0.43079090118408203
['块', '加价', '出价', '钱', '三千一', '戒指', '三千六', '枚', '六百', '九百', '元', '一百', '一千五百', '一千七', '大个子', '八百', '三百', '一千五', '欠', '两千五']+++$+++cv:0.4199112704052788+++$+++w2v:0.5781536102294922
['剪刀', '石头', '蜥蜴', '布', '哒', '布包', '吖', '剪', '同义', '斩首', '凶手', '砸死', '毒死', '非常简单', '吃掉', '论文', '砸坏', '子弹', '蒸发', '发现']+++$+++cv:0.5542787881896689+++$+++w2v:0.4677329957485199
['婚礼', '参加', '结婚', '完美', '场', '行', '希望', '仪式', '直播', '小型', '停电', '爸', '一应俱全', '室内', '主持', '户外', '黄昏', '汪达', '新闻', '时间']+++$+++cv:0.27443546175059+++$+++w2v:0.45064273476600647
['猫', '臭臭', '乖乖', '暖暖', '瞌睡', '唱', '小小', '小毛', '绒球', '快乐', '钱', '从头开始', '毛绒球', '养', '亲爱的', '讨人喜欢', '不在', '呜呜', '赚钱', '猫猫']+++$+++cv:0.43897037576940734+++$+++w2v:0.508756697177887
['也许', '医生', '死', '肯定', '时间', '感觉', '明白', '地方', '上帝', '发生', '事情', '想要', '说话', '混蛋', '名字', '天使', '懂', '地狱', '希望', '回来']+++$+++cv:0.27964851153276266+++$+++w2v:0.46806591749191284
['长官', '象形文字', '译码', '星际', '勘测', '仪', '之门', '遥感', '医生', '信号', '成功', '少校', '编码', '拨号', '时间', '洞', '门', '空间', '虫', '收到']+++$+++cv:0.5997067061603466+++$+++w2v:0.5069454908370972
['医生', '选择', '生活', '孩子', '恨', '解雇', '突如其来', '公平', '幸福', '柏克', '想要', '世界', '关系', '明白', '改变', '勇气', '是因为', '有所作为', '害怕', '放弃']+++$+++cv:0.4120199572465951+++$+++w2v:0.4495674669742584
['纽约', '警局', '亮出', '警察', '双手', '组', '别跑', '探长', '登船', '手', '扫黄', '开门', '分局', '武器', '放下', '电缆', '兹', '把手', '点钟', '雪']+++$+++cv:0.3524985563129862+++$+++w2v:0.4734565317630768
['蝠', '蝙蝠', '博士', '打击犯罪', '放射性', '咬', '过后', '蜘蛛人', '古希腊', '样子', '队', '雷神', '打扮', '人类', '声纳', '赋予', '裆', '抬头', '哥伦比亚', '变']+++$+++cv:0.44118505705631855+++$+++w2v:0.4317030906677246
['戊', '法令', '肝炎', '过敏', '治疗', '毫升', '肾上腺素', '注射', '含量', '肝素', '华', '降', '皮肤', '心脏', '用量', '钾', '导致', '充电', '少用', '停']+++$+++cv:0.31262177846095063+++$+++w2v:0.4657093584537506
['宝宝', '老板', '老鼠', '孩子', '出生', '盲', '可爱', '太棒', '费', '赌', '希望', '想买', '名字', '发生', '鳗', '分钟', '妈妈', '踢', '海绵', '否决']+++$+++cv:0.30724951338430473+++$+++w2v:0.42923396825790405
c_v for $VAE_K40_subX_BCE$: 0.3517594017698731
c_w2v for $VAE_K40_subX_BCE$: 0.45719900727272034
c_uci for $VAE_K40_subX_BCE$: -3.200301862389974
c_npmi for $VAE_K40_subX_BCE$: -0.08494598049701554
t_div for $VAE_K40_subX_BCE$: 0.625
