VAE(
  (fc1): Linear(in_features=12567, out_features=1024, bias=True)
  (fc2): Linear(in_features=1024, out_features=30, bias=True)
  (fc3): Linear(in_features=1024, out_features=30, bias=True)
  (fc4): Linear(in_features=30, out_features=30, bias=True)
  (fc5): Linear(in_features=30, out_features=1024, bias=True)
  (fc6): Linear(in_features=1024, out_features=12567, bias=True)
)
==============================Loss==============================
Epoch[1/100], Step [100/105], Reconst Loss: 111.7424, KL Div: 15.8667
Epoch[2/100], Step [100/105], Reconst Loss: 100.6226, KL Div: 3.9801
Epoch[3/100], Step [100/105], Reconst Loss: 97.3842, KL Div: 0.2452
Epoch[4/100], Step [100/105], Reconst Loss: 99.0800, KL Div: 0.2092
Epoch[5/100], Step [100/105], Reconst Loss: 97.0725, KL Div: 0.2976
Epoch[6/100], Step [100/105], Reconst Loss: 97.1705, KL Div: 0.3025
Epoch[7/100], Step [100/105], Reconst Loss: 94.5658, KL Div: 0.3405
Epoch[8/100], Step [100/105], Reconst Loss: 98.4955, KL Div: 0.3977
Epoch[9/100], Step [100/105], Reconst Loss: 99.9321, KL Div: 0.4339
Epoch[10/100], Step [100/105], Reconst Loss: 100.5382, KL Div: 0.4197
Epoch[11/100], Step [100/105], Reconst Loss: 99.5823, KL Div: 0.5025
Epoch[12/100], Step [100/105], Reconst Loss: 97.9985, KL Div: 0.6586
Epoch[13/100], Step [100/105], Reconst Loss: 96.0003, KL Div: 0.7396
Epoch[14/100], Step [100/105], Reconst Loss: 94.9251, KL Div: 1.0133
Epoch[15/100], Step [100/105], Reconst Loss: 96.9687, KL Div: 0.9274
Epoch[16/100], Step [100/105], Reconst Loss: 94.3889, KL Div: 1.0020
Epoch[17/100], Step [100/105], Reconst Loss: 95.1704, KL Div: 1.1472
Epoch[18/100], Step [100/105], Reconst Loss: 95.3936, KL Div: 1.2950
Epoch[19/100], Step [100/105], Reconst Loss: 95.7308, KL Div: 1.3360
Epoch[20/100], Step [100/105], Reconst Loss: 91.8971, KL Div: 1.4037
Epoch[21/100], Step [100/105], Reconst Loss: 97.0966, KL Div: 1.6436
Epoch[22/100], Step [100/105], Reconst Loss: 93.2077, KL Div: 1.5505
Epoch[23/100], Step [100/105], Reconst Loss: 94.3157, KL Div: 1.6195
Epoch[24/100], Step [100/105], Reconst Loss: 92.7301, KL Div: 1.7496
Epoch[25/100], Step [100/105], Reconst Loss: 92.6130, KL Div: 1.7564
Epoch[26/100], Step [100/105], Reconst Loss: 93.9002, KL Div: 1.7983
Epoch[27/100], Step [100/105], Reconst Loss: 94.2524, KL Div: 1.9063
Epoch[28/100], Step [100/105], Reconst Loss: 94.6709, KL Div: 1.9703
Epoch[29/100], Step [100/105], Reconst Loss: 96.8736, KL Div: 2.0528
Epoch[30/100], Step [100/105], Reconst Loss: 93.5350, KL Div: 2.0111
Epoch[31/100], Step [100/105], Reconst Loss: 91.3797, KL Div: 2.0848
Epoch[32/100], Step [100/105], Reconst Loss: 92.0832, KL Div: 2.1466
Epoch[33/100], Step [100/105], Reconst Loss: 97.3144, KL Div: 2.1812
Epoch[34/100], Step [100/105], Reconst Loss: 91.8623, KL Div: 2.2030
Epoch[35/100], Step [100/105], Reconst Loss: 91.0558, KL Div: 2.3109
Epoch[36/100], Step [100/105], Reconst Loss: 92.5742, KL Div: 2.3824
Epoch[37/100], Step [100/105], Reconst Loss: 90.6079, KL Div: 2.3047
Epoch[38/100], Step [100/105], Reconst Loss: 90.8948, KL Div: 2.4392
Epoch[39/100], Step [100/105], Reconst Loss: 91.9550, KL Div: 2.4437
Epoch[40/100], Step [100/105], Reconst Loss: 87.9443, KL Div: 2.4615
Epoch[41/100], Step [100/105], Reconst Loss: 86.6362, KL Div: 2.5252
Epoch[42/100], Step [100/105], Reconst Loss: 91.2176, KL Div: 2.6940
Epoch[43/100], Step [100/105], Reconst Loss: 90.6553, KL Div: 2.7414
Epoch[44/100], Step [100/105], Reconst Loss: 91.3853, KL Div: 2.7334
Epoch[45/100], Step [100/105], Reconst Loss: 89.4851, KL Div: 2.8672
Epoch[46/100], Step [100/105], Reconst Loss: 92.6423, KL Div: 2.8522
Epoch[47/100], Step [100/105], Reconst Loss: 91.2938, KL Div: 2.7953
Epoch[48/100], Step [100/105], Reconst Loss: 89.9354, KL Div: 2.8891
Epoch[49/100], Step [100/105], Reconst Loss: 88.3309, KL Div: 3.0096
Epoch[50/100], Step [100/105], Reconst Loss: 88.5192, KL Div: 2.9911
Epoch[51/100], Step [100/105], Reconst Loss: 91.0470, KL Div: 3.0365
Epoch[52/100], Step [100/105], Reconst Loss: 88.6498, KL Div: 2.9929
Epoch[53/100], Step [100/105], Reconst Loss: 88.9124, KL Div: 2.9641
Epoch[54/100], Step [100/105], Reconst Loss: 89.5514, KL Div: 3.0645
Epoch[55/100], Step [100/105], Reconst Loss: 88.8797, KL Div: 3.0431
Epoch[56/100], Step [100/105], Reconst Loss: 88.9548, KL Div: 3.1365
Epoch[57/100], Step [100/105], Reconst Loss: 91.0446, KL Div: 3.0424
Epoch[58/100], Step [100/105], Reconst Loss: 91.1920, KL Div: 3.2456
Epoch[59/100], Step [100/105], Reconst Loss: 88.7537, KL Div: 3.2160
Epoch[60/100], Step [100/105], Reconst Loss: 88.3795, KL Div: 3.2205
Epoch[61/100], Step [100/105], Reconst Loss: 90.3661, KL Div: 3.3308
Epoch[62/100], Step [100/105], Reconst Loss: 88.8316, KL Div: 3.3778
Epoch[63/100], Step [100/105], Reconst Loss: 90.9118, KL Div: 3.2963
Epoch[64/100], Step [100/105], Reconst Loss: 87.2888, KL Div: 3.2777
Epoch[65/100], Step [100/105], Reconst Loss: 86.8978, KL Div: 3.2177
Epoch[66/100], Step [100/105], Reconst Loss: 89.5770, KL Div: 3.3011
Epoch[67/100], Step [100/105], Reconst Loss: 86.8183, KL Div: 3.2937
Epoch[68/100], Step [100/105], Reconst Loss: 87.3163, KL Div: 3.5160
Epoch[69/100], Step [100/105], Reconst Loss: 88.3090, KL Div: 3.4077
Epoch[70/100], Step [100/105], Reconst Loss: 88.0369, KL Div: 3.5136
Epoch[71/100], Step [100/105], Reconst Loss: 89.4693, KL Div: 3.4469
Epoch[72/100], Step [100/105], Reconst Loss: 88.9934, KL Div: 3.5083
Epoch[73/100], Step [100/105], Reconst Loss: 88.5683, KL Div: 3.5160
Epoch[74/100], Step [100/105], Reconst Loss: 84.7969, KL Div: 3.3800
Epoch[75/100], Step [100/105], Reconst Loss: 86.1010, KL Div: 3.6174
Epoch[76/100], Step [100/105], Reconst Loss: 88.9072, KL Div: 3.6038
Epoch[77/100], Step [100/105], Reconst Loss: 87.7901, KL Div: 3.6223
Epoch[78/100], Step [100/105], Reconst Loss: 89.1577, KL Div: 3.6649
Epoch[79/100], Step [100/105], Reconst Loss: 91.2920, KL Div: 3.7891
Epoch[80/100], Step [100/105], Reconst Loss: 88.9090, KL Div: 3.6335
Epoch[81/100], Step [100/105], Reconst Loss: 88.7044, KL Div: 3.8188
Epoch[82/100], Step [100/105], Reconst Loss: 89.0811, KL Div: 3.9098
Epoch[83/100], Step [100/105], Reconst Loss: 92.0710, KL Div: 3.9917
Epoch[84/100], Step [100/105], Reconst Loss: 84.9729, KL Div: 3.8778
Epoch[85/100], Step [100/105], Reconst Loss: 88.8653, KL Div: 3.9967
Epoch[86/100], Step [100/105], Reconst Loss: 89.8727, KL Div: 3.9930
Epoch[87/100], Step [100/105], Reconst Loss: 86.7082, KL Div: 3.9311
Epoch[88/100], Step [100/105], Reconst Loss: 86.5130, KL Div: 4.0382
Epoch[89/100], Step [100/105], Reconst Loss: 86.7860, KL Div: 4.0245
Epoch[90/100], Step [100/105], Reconst Loss: 88.0914, KL Div: 4.1081
Epoch[91/100], Step [100/105], Reconst Loss: 88.8537, KL Div: 4.1554
Epoch[92/100], Step [100/105], Reconst Loss: 86.0309, KL Div: 4.1559
Epoch[93/100], Step [100/105], Reconst Loss: 85.6547, KL Div: 4.0501
Epoch[94/100], Step [100/105], Reconst Loss: 85.8558, KL Div: 4.3615
Epoch[95/100], Step [100/105], Reconst Loss: 86.0415, KL Div: 4.1357
Epoch[96/100], Step [100/105], Reconst Loss: 86.4658, KL Div: 4.2507
Epoch[97/100], Step [100/105], Reconst Loss: 85.7426, KL Div: 4.3616
Epoch[98/100], Step [100/105], Reconst Loss: 87.7715, KL Div: 4.4252
Epoch[99/100], Step [100/105], Reconst Loss: 85.9453, KL Div: 4.3186
Epoch[100/100], Step [100/105], Reconst Loss: 85.8552, KL Div: 4.3036
============================================================

Topics:
['子弹', '凶手', '死者', '伤口', '枪', '发现', '口径', '死亡', '时间', '死因', '手枪', '血迹', '被害人', '留下', '蕾妮', '毫米', '胸口', '痕迹', '尸体', '尸斑']+++$+++cv:0.6293717248457875+++$+++w2v:0.5261691808700562
['感觉', '女人', '分手', '希望', '事情', '约会', '男人', '道歉', '发生', '亲爱的', '回来', '开心', '妈妈', '明白', '不行', '没关系', '上床', '想要', '睡', '交往']+++$+++cv:0.2638475199177168+++$+++w2v:0.46301212906837463
['猫', '臭臭', '乖乖', '小小', '暖暖', '毛绒球', '唱', '瞌睡', '快乐', '养', '叫声', '观赏', '不在', '讨人喜欢', '从头开始', '猫猫', '块', '会唱', '带你去', '关心']+++$+++cv:0.3675448394673152+++$+++w2v:0.5090926289558411
['钱', '写', '肯定', '明白', '死', '时间', '发现', '也许', '记得', '第一', '希望', '花', '发生', '事情', '女人', '想要', '回来', '位', '生活', '家']+++$+++cv:0.2052961800556131+++$+++w2v:0.4283970892429352
['导致', '心脏', '解释', '症状', '肺', '紫癜', '感染', '病', '衰竭', '血管', '过敏性', '血栓', '治疗', '肺部', '性', '血液', '肾脏', '综合症', '攻击', '疾病']+++$+++cv:0.6937016632828126+++$+++w2v:0.5618754625320435
['石头', '剪刀', '蜥蜴', '布', '星', '氪', '蝙蝠', '剪', '研究', '蝠', '毒死', '砸坏', '吃掉', '寻找', '纸', '万岁', '作好', '钻石', '明白', '地球']+++$+++cv:0.36753069097688684+++$+++w2v:0.44031500816345215
['感觉', '亲爱的', '女人', '约会', '不行', '希望', '开心', '睡', '没关系', '回来', '说话', '男人', '还好', '做爱', '发生', '道歉', '想要', '明白', '事情', '吻']+++$+++cv:0.24483184263201582+++$+++w2v:0.4574365019798279
['结婚', '妮丝', '婚礼', '狄', '婚姻', '舞会', '大会', '参加', '壶', '肉汁', '致词', '协议', '私奔', '调味', '毕业', '宝宝', '离婚', '直播', '配偶', '女人们']+++$+++cv:0.4782698883822314+++$+++w2v:0.4684906601905823
['华尔街', '占领', '斯坦', '出价', '抗议', '拍', '李', '李家', '加价', '人群', '接管', '卫斯理', '五百', '块', '偷窃', '电影', '开拍', '时间机器', '巴西', '一千']+++$+++cv:0.391745759166575+++$+++w2v:0.44210249185562134
['旗帜', '有趣', '博士', '节目', '妾', '君', '收看', '集', '橄榄球', '旗', '出品', '背后', '宣告', '雷神', '山顶', 'Xbox', '欢乐', '回忆', '吐司', '黄油']+++$+++cv:0.41709290520031245+++$+++w2v:0.47566109895706177
['约会', '女人', '男人', '妈', '感觉', '喝', '开心', '希望', '睡', '女生', '第一', '不行', '住', '亲爱的', '今晚', '上床', '记得', '做爱', '可爱', '没关系']+++$+++cv:0.3466868992404938+++$+++w2v:0.4626171588897705
['不行', '亲爱的', '回来', '睡', '感觉', '没关系', '杯', '衣服', '太好了', '内裤', '开心', '沙发', '说话', '行', '女人', '回家', '医生', '希望', '眼睛', '回去']+++$+++cv:0.24820523441776077+++$+++w2v:0.448812335729599
['孩子', '结婚', '感情', '死', '父母', '幸福', '婚姻', '妈妈', '快乐', '分手', '爸爸', '永远', '希望', '关系', '选择', '谈', '改变', '事情', '儿子', '女儿']+++$+++cv:0.34647453521682775+++$+++w2v:0.46739286184310913
['医生', '枪', '灯', '牌', '神', '赌', '剑', '开枪', '赢', '打开', '盒子', '游戏', '帽子', '条', '偷', '医院', '猫', '武器', '药', '车']+++$+++cv:0.31011958628834996+++$+++w2v:0.42246532440185547
['医生', '疼', '手', '腿', '头', '快点', '杯', '传球', '牌', '脚', '鞋子', '眼睛', '放在', '抽烟', '味道', '喝', '内裤', '感觉', '咖啡', '不行']+++$+++cv:0.35023809371372117+++$+++w2v:0.4456319212913513
['死', '杀', '真相', '事情', '医生', '明白', '谋杀', '希望', '妻子', '想要', '妮娜', '案子', '证明', '律师', '关系', '同意', '孩子', '发生', '凶手', '探长']+++$+++cv:0.28592170193358846+++$+++w2v:0.46096763014793396
['医生', '生活', '病人', '猫', '明白', '想要', '博士', '世界', '肯定', '旗帜', '写', '医院', '钱', '也许', '凶手', '希望', '信仰', '死', '时间', '事情']+++$+++cv:0.25595186717854584+++$+++w2v:0.4207713007926941
['艾蜜莉', '结婚', '开心', '分手', '太好了', '约会', '亲爱的', '谈', '复合', '今晚', '什么事', '求婚', '没问题', '订婚', '谈谈', '回来', '爸', '还好', '没关系', '答应']+++$+++cv:0.3045406757042535+++$+++w2v:0.4822963774204254
['晚安', '主宰', '小宇宙', '手鼓', '扑克', '脱衣', '心肝', '燕尾服', '医生', '备胎', '大爆炸', '一对一', '生活', '冰山', '吵醒', '笔记本', '头条', '好啦', '拜', '惹人厌']+++$+++cv:0.575853023753873+++$+++w2v:0.4564574658870697
['生活', '钱', '杀', '妻子', '谋杀', '发现', '关系', '写', '动机', '死', '凶手', '协议', '也许', '调查', '杀人', '故事', '肯定', '纽约', '原因', '杀害']+++$+++cv:0.37732849033222615+++$+++w2v:0.46645587682724
['写', '女人', '希望', '时间', '明白', '回来', '第一', '花', '肯定', '男人', '不行', '记得', '亲爱的', '也许', '生活', '钱', '妈', '感觉', '想要', '约会']+++$+++cv:0.20341517163053066+++$+++w2v:0.436151921749115
['放下', '枪', '纽约', '武器', '警局', '趴下', '双手', '警察', '把手', '亮出', '举起手来', '开枪', '别动', '手', '跪下', '不许动', '转过身', '退后', '谋杀', '局']+++$+++cv:0.4622794986904692+++$+++w2v:0.5303919911384583
['回来', '衣服', '不行', '太好了', '亲爱的', '记得', '今晚', '地方', '钥匙', '回家', '漂亮', '没关系', '睡', '没问题', '见到', '打电话', '什么事', '送', '约会', '新']+++$+++cv:0.2496874839731523+++$+++w2v:0.4530717730522156
['约会', '女人', '男人', '开心', '希望', '感觉', '亲爱的', '分手', '上床', '妈', '睡', '做爱', '交往', '不行', '回来', '俩', '事情', '妈妈', '医生', '孩子']+++$+++cv:0.2826626079027931+++$+++w2v:0.46678870916366577
['块', '钥匙', '车', '陶瓷', '停', '牌', '桌子', '打开', '放在', '胸罩', '转', '保时捷', '帽子', '地上', '快点', '衣服', '辆', '手机', '脱衣', '借过']+++$+++cv:0.4112946283763545+++$+++w2v:0.4387182593345642
['监控', '辆', '货车', '录像', '交通', '车', '摄像头', '手机', '发现', '街区', '查', '街', '停', '拍到', '记录', '停车场', '分', '信号', '时间', '名下']+++$+++cv:0.625918819460044+++$+++w2v:0.5092018842697144
['宝宝', '老鼠', '出生', '踢', '用力', '宝贝', '抱', '带走', '头条', '隐私', '希望', '第一', '交给', '监控器', '摇篮', '生前', '企鹅', '忘了', '丢', '妈妈']+++$+++cv:0.34345068870668316+++$+++w2v:0.4301890432834625
['戒指', '首席', '伴娘', '枚', '求婚', '当过', '新娘', '飞机', '拜', '订婚', '膝', '蜜', '克拉', '嫁给', '也门', '兄弟们', '艾蜜莉', '祝', '好运', '婚礼']+++$+++cv:0.3860373235964929+++$+++w2v:0.4619956910610199
['亲爱的', '没关系', '睡', '回来', '开心', '感觉', '太好了', '不行', '快点', '沙发', '说话', '约会', '还好', '性感', '衣服', '没问题', '回家', '厕所', '女人', '好啦']+++$+++cv:0.24162559231295266+++$+++w2v:0.45130816102027893
['充电', '出血', '肝脏', '脾脏', '除颤器', '肝炎', '造影', '戊', '室颤', '闪开', '准备就绪', '急救', '检查', '心脏', '传送', '治疗', '组织', '中风', '肿瘤', '心动过速']+++$+++cv:0.36191616402094184+++$+++w2v:0.4973582625389099
c_v for $VAE_K30_sub_BCE$: 0.3676280366792441
c_w2v for $VAE_K30_sub_BCE$: 0.46605321764945984
c_uci for $VAE_K30_sub_BCE$: -3.458927631528108
c_npmi for $VAE_K30_sub_BCE$: -0.09790689874254371
t_div for $VAE_K30_sub_BCE$: 0.6216666666666667
