VAE(
  (fc1): Linear(in_features=38631, out_features=1024, bias=True)
  (fc2): Linear(in_features=1024, out_features=50, bias=True)
  (fc3): Linear(in_features=1024, out_features=50, bias=True)
  (fc4): Linear(in_features=50, out_features=50, bias=True)
  (fc5): Linear(in_features=50, out_features=1024, bias=True)
  (fc6): Linear(in_features=1024, out_features=38631, bias=True)
)
==============================Loss==============================
Epoch[1/40], Step [100/518], Reconst Loss: 214.5457, KL Div: 36.6366
Epoch[1/40], Step [200/518], Reconst Loss: 155.0396, KL Div: 17.3064
Epoch[1/40], Step [300/518], Reconst Loss: 148.3062, KL Div: 5.6216
Epoch[1/40], Step [400/518], Reconst Loss: 147.2770, KL Div: 0.2554
Epoch[1/40], Step [500/518], Reconst Loss: 145.6169, KL Div: 0.2088
Epoch[2/40], Step [100/518], Reconst Loss: 137.8629, KL Div: 0.2172
Epoch[2/40], Step [200/518], Reconst Loss: 141.4542, KL Div: 0.2157
Epoch[2/40], Step [300/518], Reconst Loss: 145.6183, KL Div: 0.2557
Epoch[2/40], Step [400/518], Reconst Loss: 144.2914, KL Div: 0.4096
Epoch[2/40], Step [500/518], Reconst Loss: 143.1507, KL Div: 0.6302
Epoch[3/40], Step [100/518], Reconst Loss: 139.7579, KL Div: 0.6598
Epoch[3/40], Step [200/518], Reconst Loss: 138.6244, KL Div: 0.6842
Epoch[3/40], Step [300/518], Reconst Loss: 142.6256, KL Div: 0.8584
Epoch[3/40], Step [400/518], Reconst Loss: 146.0360, KL Div: 0.8467
Epoch[3/40], Step [500/518], Reconst Loss: 136.4574, KL Div: 0.9835
Epoch[4/40], Step [100/518], Reconst Loss: 143.2466, KL Div: 1.3306
Epoch[4/40], Step [200/518], Reconst Loss: 139.4056, KL Div: 1.2305
Epoch[4/40], Step [300/518], Reconst Loss: 140.5614, KL Div: 1.2771
Epoch[4/40], Step [400/518], Reconst Loss: 140.1296, KL Div: 1.3747
Epoch[4/40], Step [500/518], Reconst Loss: 140.7889, KL Div: 1.3843
Epoch[5/40], Step [100/518], Reconst Loss: 138.1691, KL Div: 1.6425
Epoch[5/40], Step [200/518], Reconst Loss: 142.0252, KL Div: 1.6611
Epoch[5/40], Step [300/518], Reconst Loss: 143.2083, KL Div: 1.6995
Epoch[5/40], Step [400/518], Reconst Loss: 141.0244, KL Div: 1.9271
Epoch[5/40], Step [500/518], Reconst Loss: 136.8706, KL Div: 1.9250
Epoch[6/40], Step [100/518], Reconst Loss: 136.7732, KL Div: 2.0115
Epoch[6/40], Step [200/518], Reconst Loss: 137.8279, KL Div: 1.9714
Epoch[6/40], Step [300/518], Reconst Loss: 139.0045, KL Div: 2.0544
Epoch[6/40], Step [400/518], Reconst Loss: 142.7020, KL Div: 2.2106
Epoch[6/40], Step [500/518], Reconst Loss: 138.5311, KL Div: 2.1814
Epoch[7/40], Step [100/518], Reconst Loss: 136.4500, KL Div: 2.2297
Epoch[7/40], Step [200/518], Reconst Loss: 136.6504, KL Div: 2.2297
Epoch[7/40], Step [300/518], Reconst Loss: 139.5768, KL Div: 2.6069
Epoch[7/40], Step [400/518], Reconst Loss: 141.4351, KL Div: 2.5550
Epoch[7/40], Step [500/518], Reconst Loss: 138.4443, KL Div: 2.3591
Epoch[8/40], Step [100/518], Reconst Loss: 141.3463, KL Div: 2.6603
Epoch[8/40], Step [200/518], Reconst Loss: 136.1536, KL Div: 2.7183
Epoch[8/40], Step [300/518], Reconst Loss: 135.1377, KL Div: 2.7257
Epoch[8/40], Step [400/518], Reconst Loss: 129.2632, KL Div: 2.6241
Epoch[8/40], Step [500/518], Reconst Loss: 132.4497, KL Div: 2.6477
Epoch[9/40], Step [100/518], Reconst Loss: 137.2373, KL Div: 2.8652
Epoch[9/40], Step [200/518], Reconst Loss: 133.2499, KL Div: 2.6758
Epoch[9/40], Step [300/518], Reconst Loss: 135.5177, KL Div: 2.7603
Epoch[9/40], Step [400/518], Reconst Loss: 134.0260, KL Div: 2.8354
Epoch[9/40], Step [500/518], Reconst Loss: 137.4003, KL Div: 2.9073
Epoch[10/40], Step [100/518], Reconst Loss: 139.2561, KL Div: 2.9779
Epoch[10/40], Step [200/518], Reconst Loss: 134.2630, KL Div: 2.9062
Epoch[10/40], Step [300/518], Reconst Loss: 132.8740, KL Div: 3.0716
Epoch[10/40], Step [400/518], Reconst Loss: 138.9334, KL Div: 3.1230
Epoch[10/40], Step [500/518], Reconst Loss: 135.7280, KL Div: 3.0724
Epoch[11/40], Step [100/518], Reconst Loss: 137.6176, KL Div: 3.1759
Epoch[11/40], Step [200/518], Reconst Loss: 136.1391, KL Div: 3.2219
Epoch[11/40], Step [300/518], Reconst Loss: 130.3345, KL Div: 3.1330
Epoch[11/40], Step [400/518], Reconst Loss: 129.0448, KL Div: 3.1107
Epoch[11/40], Step [500/518], Reconst Loss: 135.9842, KL Div: 3.2387
Epoch[12/40], Step [100/518], Reconst Loss: 134.4673, KL Div: 3.2294
Epoch[12/40], Step [200/518], Reconst Loss: 134.0832, KL Div: 3.3752
Epoch[12/40], Step [300/518], Reconst Loss: 133.6317, KL Div: 3.3227
Epoch[12/40], Step [400/518], Reconst Loss: 131.8445, KL Div: 3.2450
Epoch[12/40], Step [500/518], Reconst Loss: 137.8638, KL Div: 3.3259
Epoch[13/40], Step [100/518], Reconst Loss: 131.7489, KL Div: 3.3370
Epoch[13/40], Step [200/518], Reconst Loss: 132.1747, KL Div: 3.3757
Epoch[13/40], Step [300/518], Reconst Loss: 130.4673, KL Div: 3.4041
Epoch[13/40], Step [400/518], Reconst Loss: 137.2528, KL Div: 3.4877
Epoch[13/40], Step [500/518], Reconst Loss: 135.6245, KL Div: 3.3951
Epoch[14/40], Step [100/518], Reconst Loss: 136.0074, KL Div: 3.4431
Epoch[14/40], Step [200/518], Reconst Loss: 134.0726, KL Div: 3.5085
Epoch[14/40], Step [300/518], Reconst Loss: 137.7150, KL Div: 3.5172
Epoch[14/40], Step [400/518], Reconst Loss: 138.7567, KL Div: 3.5178
Epoch[14/40], Step [500/518], Reconst Loss: 130.1828, KL Div: 3.3496
Epoch[15/40], Step [100/518], Reconst Loss: 133.0465, KL Div: 3.5666
Epoch[15/40], Step [200/518], Reconst Loss: 133.6202, KL Div: 3.5313
Epoch[15/40], Step [300/518], Reconst Loss: 128.9691, KL Div: 3.5075
Epoch[15/40], Step [400/518], Reconst Loss: 133.7707, KL Div: 3.7446
Epoch[15/40], Step [500/518], Reconst Loss: 133.0965, KL Div: 3.5843
Epoch[16/40], Step [100/518], Reconst Loss: 133.8166, KL Div: 3.6183
Epoch[16/40], Step [200/518], Reconst Loss: 127.8597, KL Div: 3.5555
Epoch[16/40], Step [300/518], Reconst Loss: 133.1423, KL Div: 3.6286
Epoch[16/40], Step [400/518], Reconst Loss: 133.7072, KL Div: 3.6136
Epoch[16/40], Step [500/518], Reconst Loss: 130.6868, KL Div: 3.6023
Epoch[17/40], Step [100/518], Reconst Loss: 129.4783, KL Div: 3.8050
Epoch[17/40], Step [200/518], Reconst Loss: 133.1938, KL Div: 3.7596
Epoch[17/40], Step [300/518], Reconst Loss: 128.8141, KL Div: 3.7016
Epoch[17/40], Step [400/518], Reconst Loss: 129.1345, KL Div: 3.7485
Epoch[17/40], Step [500/518], Reconst Loss: 131.3765, KL Div: 3.9019
Epoch[18/40], Step [100/518], Reconst Loss: 127.2391, KL Div: 3.7980
Epoch[18/40], Step [200/518], Reconst Loss: 131.5083, KL Div: 3.9413
Epoch[18/40], Step [300/518], Reconst Loss: 133.3197, KL Div: 4.0261
Epoch[18/40], Step [400/518], Reconst Loss: 128.6889, KL Div: 4.0360
Epoch[18/40], Step [500/518], Reconst Loss: 127.2227, KL Div: 4.0234
Epoch[19/40], Step [100/518], Reconst Loss: 131.7298, KL Div: 4.0011
Epoch[19/40], Step [200/518], Reconst Loss: 130.9078, KL Div: 4.2189
Epoch[19/40], Step [300/518], Reconst Loss: 131.1683, KL Div: 4.0679
Epoch[19/40], Step [400/518], Reconst Loss: 134.8197, KL Div: 4.1939
Epoch[19/40], Step [500/518], Reconst Loss: 129.0253, KL Div: 4.2277
Epoch[20/40], Step [100/518], Reconst Loss: 132.3597, KL Div: 4.1805
Epoch[20/40], Step [200/518], Reconst Loss: 128.3754, KL Div: 4.1732
Epoch[20/40], Step [300/518], Reconst Loss: 131.3813, KL Div: 4.1902
Epoch[20/40], Step [400/518], Reconst Loss: 128.4532, KL Div: 4.1857
Epoch[20/40], Step [500/518], Reconst Loss: 129.8934, KL Div: 4.2816
Epoch[21/40], Step [100/518], Reconst Loss: 128.0863, KL Div: 4.2611
Epoch[21/40], Step [200/518], Reconst Loss: 132.0364, KL Div: 4.4909
Epoch[21/40], Step [300/518], Reconst Loss: 131.4262, KL Div: 4.3873
Epoch[21/40], Step [400/518], Reconst Loss: 130.0333, KL Div: 4.5925
Epoch[21/40], Step [500/518], Reconst Loss: 127.8858, KL Div: 4.4944
Epoch[22/40], Step [100/518], Reconst Loss: 125.2159, KL Div: 4.4518
Epoch[22/40], Step [200/518], Reconst Loss: 126.6630, KL Div: 4.4865
Epoch[22/40], Step [300/518], Reconst Loss: 126.7805, KL Div: 4.6545
Epoch[22/40], Step [400/518], Reconst Loss: 122.5710, KL Div: 4.4341
Epoch[22/40], Step [500/518], Reconst Loss: 126.0830, KL Div: 4.6199
Epoch[23/40], Step [100/518], Reconst Loss: 122.6779, KL Div: 4.6222
Epoch[23/40], Step [200/518], Reconst Loss: 131.8982, KL Div: 4.6972
Epoch[23/40], Step [300/518], Reconst Loss: 128.6886, KL Div: 4.6261
Epoch[23/40], Step [400/518], Reconst Loss: 123.7533, KL Div: 4.7089
Epoch[23/40], Step [500/518], Reconst Loss: 127.8251, KL Div: 4.5920
Epoch[24/40], Step [100/518], Reconst Loss: 130.6403, KL Div: 5.0175
Epoch[24/40], Step [200/518], Reconst Loss: 124.4862, KL Div: 4.7151
Epoch[24/40], Step [300/518], Reconst Loss: 123.9595, KL Div: 4.6908
Epoch[24/40], Step [400/518], Reconst Loss: 131.2484, KL Div: 4.8684
Epoch[24/40], Step [500/518], Reconst Loss: 127.7825, KL Div: 4.8111
Epoch[25/40], Step [100/518], Reconst Loss: 129.8340, KL Div: 4.8875
Epoch[25/40], Step [200/518], Reconst Loss: 129.0960, KL Div: 4.9851
Epoch[25/40], Step [300/518], Reconst Loss: 124.8867, KL Div: 4.7844
Epoch[25/40], Step [400/518], Reconst Loss: 129.2632, KL Div: 4.8359
Epoch[25/40], Step [500/518], Reconst Loss: 131.5275, KL Div: 4.9957
Epoch[26/40], Step [100/518], Reconst Loss: 129.4039, KL Div: 5.1073
Epoch[26/40], Step [200/518], Reconst Loss: 127.3143, KL Div: 5.0400
Epoch[26/40], Step [300/518], Reconst Loss: 124.7825, KL Div: 4.8180
Epoch[26/40], Step [400/518], Reconst Loss: 122.4242, KL Div: 5.0397
Epoch[26/40], Step [500/518], Reconst Loss: 127.5601, KL Div: 5.1888
Epoch[27/40], Step [100/518], Reconst Loss: 128.1068, KL Div: 5.1455
Epoch[27/40], Step [200/518], Reconst Loss: 127.1452, KL Div: 5.0112
Epoch[27/40], Step [300/518], Reconst Loss: 124.9588, KL Div: 5.1672
Epoch[27/40], Step [400/518], Reconst Loss: 125.0326, KL Div: 4.9645
Epoch[27/40], Step [500/518], Reconst Loss: 127.8903, KL Div: 5.3590
Epoch[28/40], Step [100/518], Reconst Loss: 125.5087, KL Div: 5.2023
Epoch[28/40], Step [200/518], Reconst Loss: 125.1322, KL Div: 5.1879
Epoch[28/40], Step [300/518], Reconst Loss: 120.1909, KL Div: 5.2035
Epoch[28/40], Step [400/518], Reconst Loss: 126.4257, KL Div: 5.1708
Epoch[28/40], Step [500/518], Reconst Loss: 127.8152, KL Div: 5.0173
Epoch[29/40], Step [100/518], Reconst Loss: 124.2120, KL Div: 5.4755
Epoch[29/40], Step [200/518], Reconst Loss: 123.0965, KL Div: 5.0660
Epoch[29/40], Step [300/518], Reconst Loss: 127.3979, KL Div: 5.3119
Epoch[29/40], Step [400/518], Reconst Loss: 127.6958, KL Div: 5.2487
Epoch[29/40], Step [500/518], Reconst Loss: 129.3102, KL Div: 5.3712
Epoch[30/40], Step [100/518], Reconst Loss: 128.5220, KL Div: 5.3718
Epoch[30/40], Step [200/518], Reconst Loss: 129.2923, KL Div: 5.3598
Epoch[30/40], Step [300/518], Reconst Loss: 126.5250, KL Div: 5.4168
Epoch[30/40], Step [400/518], Reconst Loss: 127.3944, KL Div: 5.2736
Epoch[30/40], Step [500/518], Reconst Loss: 126.5475, KL Div: 5.4151
Epoch[31/40], Step [100/518], Reconst Loss: 120.9915, KL Div: 5.2090
Epoch[31/40], Step [200/518], Reconst Loss: 126.0301, KL Div: 5.4731
Epoch[31/40], Step [300/518], Reconst Loss: 124.8054, KL Div: 5.5860
Epoch[31/40], Step [400/518], Reconst Loss: 123.2411, KL Div: 5.5152
Epoch[31/40], Step [500/518], Reconst Loss: 123.7109, KL Div: 5.3382
Epoch[32/40], Step [100/518], Reconst Loss: 125.6860, KL Div: 5.6917
Epoch[32/40], Step [200/518], Reconst Loss: 124.6093, KL Div: 5.5179
Epoch[32/40], Step [300/518], Reconst Loss: 125.7218, KL Div: 5.5176
Epoch[32/40], Step [400/518], Reconst Loss: 122.1254, KL Div: 5.5177
Epoch[32/40], Step [500/518], Reconst Loss: 124.8922, KL Div: 5.5742
Epoch[33/40], Step [100/518], Reconst Loss: 125.6489, KL Div: 5.5306
Epoch[33/40], Step [200/518], Reconst Loss: 125.6543, KL Div: 5.6248
Epoch[33/40], Step [300/518], Reconst Loss: 128.0988, KL Div: 5.7940
Epoch[33/40], Step [400/518], Reconst Loss: 128.2271, KL Div: 5.8954
Epoch[33/40], Step [500/518], Reconst Loss: 122.6465, KL Div: 5.7018
Epoch[34/40], Step [100/518], Reconst Loss: 123.8022, KL Div: 5.9205
Epoch[34/40], Step [200/518], Reconst Loss: 129.6329, KL Div: 5.8730
Epoch[34/40], Step [300/518], Reconst Loss: 120.0888, KL Div: 5.8599
Epoch[34/40], Step [400/518], Reconst Loss: 127.0948, KL Div: 5.9711
Epoch[34/40], Step [500/518], Reconst Loss: 125.9809, KL Div: 5.8721
Epoch[35/40], Step [100/518], Reconst Loss: 119.6257, KL Div: 5.7079
Epoch[35/40], Step [200/518], Reconst Loss: 123.9506, KL Div: 5.9825
Epoch[35/40], Step [300/518], Reconst Loss: 121.8871, KL Div: 5.8320
Epoch[35/40], Step [400/518], Reconst Loss: 122.8816, KL Div: 6.0187
Epoch[35/40], Step [500/518], Reconst Loss: 124.9094, KL Div: 6.0037
Epoch[36/40], Step [100/518], Reconst Loss: 120.9489, KL Div: 5.9678
Epoch[36/40], Step [200/518], Reconst Loss: 127.2095, KL Div: 6.0176
Epoch[36/40], Step [300/518], Reconst Loss: 121.8277, KL Div: 6.1163
Epoch[36/40], Step [400/518], Reconst Loss: 120.4874, KL Div: 5.9783
Epoch[36/40], Step [500/518], Reconst Loss: 126.1978, KL Div: 6.1562
Epoch[37/40], Step [100/518], Reconst Loss: 122.6019, KL Div: 6.2090
Epoch[37/40], Step [200/518], Reconst Loss: 120.5942, KL Div: 6.0947
Epoch[37/40], Step [300/518], Reconst Loss: 116.0359, KL Div: 6.2276
Epoch[37/40], Step [400/518], Reconst Loss: 125.9165, KL Div: 6.1670
Epoch[37/40], Step [500/518], Reconst Loss: 121.9920, KL Div: 6.1219
Epoch[38/40], Step [100/518], Reconst Loss: 124.0932, KL Div: 6.2364
Epoch[38/40], Step [200/518], Reconst Loss: 120.5046, KL Div: 6.2800
Epoch[38/40], Step [300/518], Reconst Loss: 123.2542, KL Div: 6.3528
Epoch[38/40], Step [400/518], Reconst Loss: 123.8676, KL Div: 6.3916
Epoch[38/40], Step [500/518], Reconst Loss: 124.0433, KL Div: 6.2210
Epoch[39/40], Step [100/518], Reconst Loss: 122.7309, KL Div: 6.4275
Epoch[39/40], Step [200/518], Reconst Loss: 123.2191, KL Div: 6.4570
Epoch[39/40], Step [300/518], Reconst Loss: 122.5071, KL Div: 6.2820
Epoch[39/40], Step [400/518], Reconst Loss: 125.1663, KL Div: 6.2608
Epoch[39/40], Step [500/518], Reconst Loss: 122.2209, KL Div: 6.3734
Epoch[40/40], Step [100/518], Reconst Loss: 121.9438, KL Div: 6.4807
Epoch[40/40], Step [200/518], Reconst Loss: 119.8386, KL Div: 6.4850
Epoch[40/40], Step [300/518], Reconst Loss: 121.6100, KL Div: 6.3926
Epoch[40/40], Step [400/518], Reconst Loss: 121.6146, KL Div: 6.5238
Epoch[40/40], Step [500/518], Reconst Loss: 123.3759, KL Div: 6.5769
============================================================

Topics:
['紫癜', '萎缩性', '导致', '丘疹', '过敏性', '心脏', '病', '恶性', '感染', '治疗', '血栓性', '弧菌', '解释', '皮肤', '血色', '声音嘶哑', '血管', '牡蛎', '静息', '泻']+++$+++cv:0.3005151324518096+++$+++w2v:0.5116443037986755
['医生', '明白', '肯定', '上帝', '也许', '世界', '感觉', '希望', '事情', '死', '灵魂', '天堂', '时间', '生活', '记得', '回来', '想要', '女人', '地狱', '地方']+++$+++cv:0.3158005336606907+++$+++w2v:0.4707264304161072
['喊声', '作好', '审判', '哈利路亚', '寻找', '忘却', '烦恼', '通通', '担忧', '丢掉', '快乐', '阳光灿烂', '彼岸', '正等待', '天主', '迎接', '星', '罪行', '巴西', '潮水']+++$+++cv:0.7299007293679547+++$+++w2v:0.516399621963501
['咒语', '天堂', '艾默瑞', '剑', '陛下', '魔法', '天使', '地方', '孩子', '托', '宰', '骑士', '噢', '脚印', '甘美', '地狱', '神', '杀', '世间', '小卡']+++$+++cv:0.2770567716669152+++$+++w2v:0.4560438096523285
['孩子', '谋杀', '医生', '律师', '杀', '证明', '妻子', '死', '动机', '监狱', '欢欣', '记录', '奖学金', '明白', '吸毒', '生活', '女人', '学校', '发现', '勒索']+++$+++cv:0.3715585917018141+++$+++w2v:0.449983686208725
['恶魔', '杀', '死', '也许', '肯定', '明白', '孩子', '事情', '医生', '女人', '枪', '吸血鬼', '发现', '故事', '天使', '灵魂', '谋杀', '证明', '记得', '希望']+++$+++cv:0.2995645273791666+++$+++w2v:0.46660685539245605
['医生', '综艺', '方正', '简体', '登陆', '病人', '影视', '更新', '加冕', '禁止', '治疗', '诊断', '仪式', '盈利', '哈蒙德', '羟', '玛姬', '准', '裁定', '笑容满面']+++$+++cv:0.4501131383115594+++$+++w2v:0.46451330184936523
['也许', '感觉', '明白', '上帝', '肯定', '希望', '块', '事情', '女人', '世界', '生活', '时间', '死', '回来', '记得', '医生', '是因为', '灵魂', '发生', '想要']+++$+++cv:0.27790665583325846+++$+++w2v:0.4698534607887268
['天堂', '咒语', '天使', '名字', '地方', '寻找', '巫师', '陛下', '国王', '杀', '博士', '僵尸', '封印', '剑', '发现', '那是', '皆', '研究', '神', '上帝']+++$+++cv:0.21816822821071585+++$+++w2v:0.43899720907211304
['爸爸', '妈妈', '借光', '恶魔', '医生', '漆', '宝贝', '墙', '演', '干净', '牙买加', '教父', '电影', '扮演', '明白', '家族', '亲爱的', '快点', '回来', '脚踏车']+++$+++cv:0.3117019358615777+++$+++w2v:0.4228610098361969
['医生', '陛下', '魔法', '死', '上帝', '天使', '杀', '国王', '也许', '天堂', '灵魂', '地狱', '肯定', '明白', '恶魔', '世界', '骑士', '事情', '希望', '回来']+++$+++cv:0.36840766934683+++$+++w2v:0.4765549302101135
['吖', '哒', '独食', '卜拉', '浴缸', '黏', '按摩', '歪', '豆奶', '划', '鞋子', '叽', '乌鸦', '叽叽', '咖啡', '喝', '军团病', '衬衣', '燕麦粥', '化合物']+++$+++cv:0.35667814321239993+++$+++w2v:0.4453278183937073
['孩子', '医生', '世界', '爸爸', '上帝', '死', '写', '明白', '老师', '肯定', '伙计', '块', '猫', '生活', '人类', '也许', '女人', '研究', '比赛', '电影']+++$+++cv:0.229433524880344+++$+++w2v:0.44455409049987793
['熊猫', '手鼓', '虎虎生风', '脸对脸', '腰', '吻', '想哭', '门牙', '欢欣', '昨夜', '水母', '心灵', '弹琴', '尘世', '轻轻', '眼睛', '荣誉', '恶心', '感觉', '家底']+++$+++cv:0.540279224995419+++$+++w2v:0.4368392825126648
['明白', '肯定', '也许', '事情', '世界', '天堂', '上帝', '希望', '说什么', '记得', '感觉', '回来', '名字', '想要', '生活', '医生', '女人', '死', '理解', '懂']+++$+++cv:0.28222351269485507+++$+++w2v:0.46996745467185974
['首席', '伴娘', '戒指', '当过', '枚', '莉', '蜜', '试镜', '婚礼', '虎胆龙威', '啪', '突发状况', '婚纱', '伴郎', '由谁来', '森', '戴', '女郎', '单身', '派对']+++$+++cv:0.2896794474262677+++$+++w2v:0.45107555389404297
['法官', '医生', '律师', '审判', '监狱', '谋杀', '法庭', '委托人', '大人', '竞选', '法律', '总统', '证据', '证明', '长官', '假释', '西亚', '签署', '无罪', '上帝']+++$+++cv:0.4157441401899695+++$+++w2v:0.45814186334609985
['孩子', '医生', '明白', '死', '女人', '学校', '谋杀', '上帝', '妻子', '医院', '生活', '律师', '也许', '肯定', '喝', '地方', '杀', '事情', '钱', '大学']+++$+++cv:0.264770597206024+++$+++w2v:0.46022000908851624
['孩子', '石头', '爸爸', '伙计', '写', '肯定', '猫', '死', '角色', '明白', '华尔街', '记得', '女人', '也许', '枪', '电影', '医生', '课', '故事', '杀']+++$+++cv:0.21937467930589408+++$+++w2v:0.43223658204078674
['尘世', '欢欣', '歌唱', '皆', '天堂', '薇', '每颗', '歌', '陛下', '君主', '心灵', '大地', '迎来', '烂透', '咒语', '敞开', '虎虎生风', '世人', '人间', '欢乐']+++$+++cv:0.5246224799148094+++$+++w2v:0.48355668783187866
['上帝', '医生', '陛下', '天堂', '事情', '生活', '也许', '世界', '明白', '死', '杀', '信仰', '灵魂', '肯定', '国王', '希望', '魔法', '天使', '回来', '记得']+++$+++cv:0.32207119316861144+++$+++w2v:0.46349912881851196
['感觉', '死', '也许', '疼', '生气', '爸爸', '混蛋', '女人', '痛苦', '腿', '感到', '块', '恶魔', '担心', '上帝', '肯定', '孩子', '回来', '地狱', '发生']+++$+++cv:0.3182440996209871+++$+++w2v:0.4655572772026062
['爸爸', '感觉', '明白', '也许', '女人', '事情', '死', '写', '肯定', '发生', '希望', '记得', '上帝', '回来', '伙计', '约会', '道歉', '医生', '世界', '行']+++$+++cv:0.2478965450188549+++$+++w2v:0.4680998921394348
['熊猫', '性骚扰', '大厨', '起诉', '孩子们', '学校', '舔', '法官', '大人', '王', '爸爸', '屁', '咖啡', '不爽', '破', '大熊猫', '钱', '告', '律师', '诉讼']+++$+++cv:0.4387985854885038+++$+++w2v:0.4566307067871094
['长官', '星际', '象形文字', '译码', '之门', '洞', '虫', '医生', '时间', '勘测', '上校', '小时', '将军', '少校', '成功', '编码', '遥感', '引擎', '仪', '报告']+++$+++cv:0.5773563164648475+++$+++w2v:0.5111426115036011
['得奖', '哒', '石头', '奖', '灯', '神', '斯坦', '画', '锤头', '热浪', '小说', '作家', '蝴蝶', '写', '那幅', '鲨', '故事', '光标', '蓝', '愿望']+++$+++cv:0.4541326428325257+++$+++w2v:0.4349566400051117
['块', '钱', '欠', '借过', '牌', '败给', '祝', '一手', '同点', '好运', '房租', '墨盒', '收', '两千', '二十', '六百', '花', '辣椒', '小费', '下注']+++$+++cv:0.35978388407492956+++$+++w2v:0.46990352869033813
['陛下', '医生', '魔法', '天堂', '上帝', '信仰', '骑士', '世界', '国王', '人类', '生活', '灵魂', '王国', '律师', '乌瑟', '地方', '乌', '寻找', '巫师', '杀']+++$+++cv:0.3129073208043613+++$+++w2v:0.4589303135871887
['传球', '得分', '雷神', '纹身', '触地', '防守', '比赛', '三秒钟', '伤心事', '这双', '果肉', '赢', '进攻', '心伤', '闪电', '一秒钟', '纹', '开球', '跳舞', '裤子']+++$+++cv:0.4032954674449217+++$+++w2v:0.43699201941490173
['猫', '臭臭', '乖乖', '暖暖', '猫猫', '唱', '瞌睡', '小毛', '绒球', '呼噜', '猫咪', '毛绒球', '噗', '小小', '快乐', '唱到', '会唱', '噜', '不是故意', '萌萌']+++$+++cv:0.5324705293903688+++$+++w2v:0.5519281625747681
['手机', '大街', '车', '街', '辆', '分钟', '时间', '分', '街区', '监控', '百老汇', '离开', '地方', '摄像头', '小时', '大道', '货车', '录像', '电梯', '南边']+++$+++cv:0.4916759013874376+++$+++w2v:0.48573851585388184
['手术', '病人', '信仰', '参加', '董事会', '研究', '生活', '医院', '性骚扰', '上帝', '门诊', '病例', '钱', '梦想', '皆', '医学', '歌唱', '非洲', '接受', '意义']+++$+++cv:0.32748522215008224+++$+++w2v:0.4326544404029846
['孩子', '黑', '父亲', '萨拉扎', '也许', '华尔街', '死', '地中海', '约书亚', '南', '父母', '曲', '病', '功劳', '家长', '病人', '药', '氨', '解释', '神圣']+++$+++cv:0.351872896643766+++$+++w2v:0.41082873940467834
['宝宝', '老鼠', '孩子', '出生', '老板', '想买', '希望', '顶', '否决', '闻闻', '菲', '踢', '女孩', '分钟', '回来', '宝', '名字', '最丑', '带走', '发生']+++$+++cv:0.2977032339808043+++$+++w2v:0.4191898703575134
['医生', '明白', '肯定', '也许', '世界', '天堂', '上帝', '希望', '感觉', '时间', '回来', '记得', '事情', '地方', '死', '说什么', '名字', '想要', '伙计', '办法']+++$+++cv:0.27075013834520334+++$+++w2v:0.46761780977249146
['大脚怪', '剑', '脚印', '安', '符号', '凶手', '金子', '国王', '标志', '神', '匕首', '僵尸', '宝藏', '研究', '发现', '晶', '人类', '留下', '恶魔', '地方']+++$+++cv:0.231388162909936+++$+++w2v:0.43118947744369507
['孩子', '结婚', '妈妈', '妈', '孩子们', '爸', '开心', '住', '生', '离婚', '婚姻', '小孩', '未来', '希望', '想要', '幸福', '父母', '爸爸', '俩', '世界']+++$+++cv:0.4281382668568473+++$+++w2v:0.4879469871520996
['滑', '抬', '台车', '轴', '团结一心', '码字', '绕', '医生', '过敏', '秒', '晚安', '核桃', '停', '肉卷', '亲爱的', '醒醒', '痰', '袋子', '闪开', '哈米娜']+++$+++cv:0.4854743559026981+++$+++w2v:0.4286932349205017
['华尔街', '占领', '抗议', '人群', '说话算数', '拍', '见识', '巴西', '合影', '广场', '君', '击鼓', '长长', '爆炸', '接管', '小说', '伦', '扒手', '后背', '友爱']+++$+++cv:0.37254026695103415+++$+++w2v:0.45858851075172424
['放下', '枪', '武器', '纽约', '双手', '警察', '地上', '亮出', '兔崽子', '手', '警局', '趴下', '趴', '作家', '包', '刀', '转过身', '点钟', '灰', '快让开']+++$+++cv:0.3497036643929058+++$+++w2v:0.4698790907859802
['凶手', '子弹', '发现', '死者', '伤口', '死因', '死亡', '颗', '枪', '假球', '钝器', '氩气', '痕迹', '时间', '也许', '开枪', '赛璐珞', '处', '硝化', '易燃']+++$+++cv:0.35557920713261754+++$+++w2v:0.4897950291633606
['爸爸', '孩子', '石头', '死', '杀', '劳力', '伙计', '写', '肯定', '华尔街', '猫', '听到', '作家', '恶魔', '角色', '也许', '枪', '女人', '发生', '故事']+++$+++cv:0.23752325913541933+++$+++w2v:0.4439631402492523
['孩子', '肯定', '写', '明白', '恶魔', '也许', '伙计', '石头', '灵魂', '死', '杀', '地狱', '世界', '记得', '天堂', '天使', '寻找', '女人', '故事', '希望']+++$+++cv:0.34061940827113607+++$+++w2v:0.45802801847457886
['用力', '加油', '推', '个头', '呼吸', '漆黑', '准备好', '不行', '杨', '充电', '办得到', '咋办', '孩子', '快点', '脉搏', '骨科医生', '焦', '再来', '神', '力']+++$+++cv:0.28943439537448745+++$+++w2v:0.4367592930793762
['孩子', '尘世', '天堂', '上帝', '歌唱', '莲', '孩子们', '伊', '参加', '医生', '学校', '研究', '伊莲', '垃圾', '地方', '歌', '噢', '医院', '魔法', '喝']+++$+++cv:0.22500461194847082+++$+++w2v:0.4350471496582031
['感觉', '明白', '希望', '也许', '肯定', '事情', '记得', '回来', '女人', '世界', '说什么', '道歉', '懂', '想要', '理解', '时间', '机会', '上帝', '医生', '没什么']+++$+++cv:0.26979332517036597+++$+++w2v:0.47037845849990845
['孩子', '研究', '学习', '上帝', '块', '交流', '胚胎', '动物', '孩子们', '生活', '女人', '老师', '机器人', '项目', '放屁', '耶稣', '人类', '比赛', '明白', '宇宙']+++$+++cv:0.261493274019477+++$+++w2v:0.42748236656188965
['爸爸', '死', '救', '孩子', '儿子', '肝炎', '父亲', '命', '死去', '选择', '杀', '母亲', '治疗', '捐献', '妈妈', '事实', '世界', '魔鬼', '恨', '病']+++$+++cv:0.3648673940102468+++$+++w2v:0.48112592101097107
['石头', '剪刀', '布', '蜥蜴', '布包', '同义', '吃掉', '毒死', '剪', '纸', '砸坏', '证明', '论文', '斩首', '摆明', '砸死', '非常简单', '蒸发', '万岁', '陷入僵局']+++$+++cv:0.8718699833716791+++$+++w2v:0.49200040102005005
['明白', '天堂', '上帝', '肯定', '世界', '也许', '希望', '地方', '时间', '人类', '想要', '记得', '名字', '说什么', '感觉', '医生', '事情', '死', '回来', '写']+++$+++cv:0.2763797587313347+++$+++w2v:0.46223416924476624
c_v for $VAE_K50_subX_BCE$: 0.3621950594922627
c_w2v for $VAE_K50_subX_BCE$: 0.4606577157974243
c_uci for $VAE_K50_subX_BCE$: -2.69055953877347
c_npmi for $VAE_K50_subX_BCE$: -0.06432318043036193
t_div for $VAE_K50_subX_BCE$: 0.56
